initial_build_time: 5.44135
iteration: 1
num_out_edges: 3173247
mean_out_edges: 63.4637
variance_out_edges: 7.2315
max_observed_degree: 64
num_nodes: 50001
deletion_time: 4.09726
num_deleted: 5000
insertion_time: 1.1046
num_inserted: 10000
num_out_edges: 4027527
mean_out_edges: 73.2264
variance_out_edges: 35.0009
max_observed_degree: 83
num_nodes: 55001
L = 20 Mean Latency: 835.486
L = 20 Tail Latency: 85705.1
L = 20 Recall@10: 98.857
L = 20 QPS: 47889.5
L = 40 Mean Latency: 1254.09
L = 40 Tail Latency: 56544
L = 40 Recall@10: 99.757
L = 40 QPS: 44692
L = 60 Mean Latency: 1674.13
L = 60 Tail Latency: 55516.4
L = 60 Recall@10: 99.907
L = 60 QPS: 33079.9
L = 80 Mean Latency: 2048.05
L = 80 Tail Latency: 66967.7
L = 80 Recall@10: 99.957
L = 80 QPS: 28471.3
L = 100 Mean Latency: 2429.4
L = 100 Tail Latency: 64456.5
L = 100 Recall@10: 99.975
L = 100 QPS: 22665.2
iteration: 2
num_out_edges: 4027527
mean_out_edges: 73.2264
variance_out_edges: 35.0009
max_observed_degree: 83
num_nodes: 55001
deletion_time: 4.92025
num_deleted: 5000
insertion_time: 1.16081
num_inserted: 10000
num_out_edges: 4376536
mean_out_edges: 72.9411
variance_out_edges: 31.6254
max_observed_degree: 83
num_nodes: 60001
L = 20 Mean Latency: 820.304
L = 20 Tail Latency: 44434.8
L = 20 Recall@10: 98.804
L = 20 QPS: 59740.4
L = 40 Mean Latency: 1330.5
L = 40 Tail Latency: 48282.2
L = 40 Recall@10: 99.735
L = 40 QPS: 39580.2
L = 60 Mean Latency: 1772.26
L = 60 Tail Latency: 56609.7
L = 60 Recall@10: 99.914
L = 60 QPS: 32935.3
L = 80 Mean Latency: 2163.8
L = 80 Tail Latency: 52681
L = 80 Recall@10: 99.96
L = 80 QPS: 26190.6
L = 100 Mean Latency: 2522.42
L = 100 Tail Latency: 65343.4
L = 100 Recall@10: 99.973
L = 100 QPS: 23592
iteration: 3
num_out_edges: 4376536
mean_out_edges: 72.9411
variance_out_edges: 31.6254
max_observed_degree: 83
num_nodes: 60001
deletion_time: 4.86343
num_deleted: 5000
insertion_time: 1.1643
num_inserted: 10000
num_out_edges: 4720833
mean_out_edges: 72.6271
variance_out_edges: 28.4194
max_observed_degree: 83
num_nodes: 65001
L = 20 Mean Latency: 873.273
L = 20 Tail Latency: 51156.3
L = 20 Recall@10: 98.696
L = 20 QPS: 50692.5
L = 40 Mean Latency: 1404.48
L = 40 Tail Latency: 56478.5
L = 40 Recall@10: 99.756
L = 40 QPS: 41272.7
L = 60 Mean Latency: 1878.14
L = 60 Tail Latency: 56654.9
L = 60 Recall@10: 99.907
L = 60 QPS: 29131.3
L = 80 Mean Latency: 2271.24
L = 80 Tail Latency: 56537.4
L = 80 Recall@10: 99.949
L = 80 QPS: 24517
L = 100 Mean Latency: 2684.1
L = 100 Tail Latency: 56838.9
L = 100 Recall@10: 99.967
L = 100 QPS: 21122.7
iteration: 4
num_out_edges: 4720833
mean_out_edges: 72.6271
variance_out_edges: 28.4194
max_observed_degree: 83
num_nodes: 65001
deletion_time: 4.68715
num_deleted: 5000
insertion_time: 1.22251
num_inserted: 10000
num_out_edges: 5057625
mean_out_edges: 72.2508
variance_out_edges: 26.052
max_observed_degree: 83
num_nodes: 70001
L = 20 Mean Latency: 900.253
L = 20 Tail Latency: 42427.6
L = 20 Recall@10: 98.58
L = 20 QPS: 56684.9
L = 40 Mean Latency: 1467.77
L = 40 Tail Latency: 40841.8
L = 40 Recall@10: 99.717
L = 40 QPS: 39190.2
L = 60 Mean Latency: 1940.21
L = 60 Tail Latency: 60428.1
L = 60 Recall@10: 99.897
L = 60 QPS: 29937.5
L = 80 Mean Latency: 2373.8
L = 80 Tail Latency: 58874.7
L = 80 Recall@10: 99.943
L = 80 QPS: 24306.6
L = 100 Mean Latency: 2759.74
L = 100 Tail Latency: 64875.4
L = 100 Recall@10: 99.967
L = 100 QPS: 21870.1
iteration: 5
num_out_edges: 5057625
mean_out_edges: 72.2508
variance_out_edges: 26.052
max_observed_degree: 83
num_nodes: 70001
deletion_time: 5.26392
num_deleted: 5000
insertion_time: 1.27969
num_inserted: 10000
num_out_edges: 5384785
mean_out_edges: 71.7962
variance_out_edges: 23.6229
max_observed_degree: 83
num_nodes: 75001
L = 20 Mean Latency: 943.865
L = 20 Tail Latency: 50243.4
L = 20 Recall@10: 98.547
L = 20 QPS: 48234.6
L = 40 Mean Latency: 1525.4
L = 40 Tail Latency: 51447.3
L = 40 Recall@10: 99.663
L = 40 QPS: 37442
L = 60 Mean Latency: 2009.72
L = 60 Tail Latency: 52609.8
L = 60 Recall@10: 99.888
L = 60 QPS: 28230.3
L = 80 Mean Latency: 2456.05
L = 80 Tail Latency: 60164.3
L = 80 Recall@10: 99.952
L = 80 QPS: 24135.8
L = 100 Mean Latency: 2852.28
L = 100 Tail Latency: 56968.2
L = 100 Recall@10: 99.97
L = 100 QPS: 20862.1
iteration: 6
num_out_edges: 5384785
mean_out_edges: 71.7962
variance_out_edges: 23.6229
max_observed_degree: 83
num_nodes: 75001
deletion_time: 5.0515
num_deleted: 5000
insertion_time: 1.28547
num_inserted: 10000
num_out_edges: 5710950
mean_out_edges: 71.386
variance_out_edges: 21.8904
max_observed_degree: 83
num_nodes: 80001
L = 20 Mean Latency: 995.86
L = 20 Tail Latency: 68803.8
L = 20 Recall@10: 98.534
L = 20 QPS: 49411.9
L = 40 Mean Latency: 1538.61
L = 40 Tail Latency: 74696.9
L = 40 Recall@10: 99.691
L = 40 QPS: 35683.7
L = 60 Mean Latency: 2067.81
L = 60 Tail Latency: 60609
L = 60 Recall@10: 99.893
L = 60 QPS: 28831.5
L = 80 Mean Latency: 2533.13
L = 80 Tail Latency: 60377.3
L = 80 Recall@10: 99.943
L = 80 QPS: 22923.4
L = 100 Mean Latency: 2947.7
L = 100 Tail Latency: 64758
L = 100 Recall@10: 99.962
L = 100 QPS: 20470.7
iteration: 7
num_out_edges: 5710950
mean_out_edges: 71.386
variance_out_edges: 21.8904
max_observed_degree: 83
num_nodes: 80001
deletion_time: 5.2185
num_deleted: 5000
insertion_time: 1.31236
num_inserted: 10000
num_out_edges: 6034735
mean_out_edges: 70.996
variance_out_edges: 20.7044
max_observed_degree: 83
num_nodes: 85001
L = 20 Mean Latency: 1009.83
L = 20 Tail Latency: 48282.1
L = 20 Recall@10: 98.471
L = 20 QPS: 43300
L = 40 Mean Latency: 1585.48
L = 40 Tail Latency: 45463
L = 40 Recall@10: 99.66
L = 40 QPS: 35952.7
L = 60 Mean Latency: 2131.88
L = 60 Tail Latency: 52338.7
L = 60 Recall@10: 99.879
L = 60 QPS: 27327.5
L = 80 Mean Latency: 2607.45
L = 80 Tail Latency: 52567.4
L = 80 Recall@10: 99.945
L = 80 QPS: 22648
L = 100 Mean Latency: 3049.24
L = 100 Tail Latency: 58876.7
L = 100 Recall@10: 99.968
L = 100 QPS: 17650.2
iteration: 8
num_out_edges: 6034735
mean_out_edges: 70.996
variance_out_edges: 20.7044
max_observed_degree: 83
num_nodes: 85001
deletion_time: 5.14947
num_deleted: 5000
insertion_time: 1.31654
num_inserted: 10000
num_out_edges: 6360923
mean_out_edges: 70.6761
variance_out_edges: 19.1085
max_observed_degree: 83
num_nodes: 90001
L = 20 Mean Latency: 1053.37
L = 20 Tail Latency: 75874.5
L = 20 Recall@10: 98.383
L = 20 QPS: 43354
L = 40 Mean Latency: 1626.45
L = 40 Tail Latency: 44590.7
L = 40 Recall@10: 99.633
L = 40 QPS: 34780.2
L = 60 Mean Latency: 2176.68
L = 60 Tail Latency: 60593.7
L = 60 Recall@10: 99.867
L = 60 QPS: 27554.7
L = 80 Mean Latency: 2654.78
L = 80 Tail Latency: 56316.7
L = 80 Recall@10: 99.935
L = 80 QPS: 22110.1
L = 100 Mean Latency: 3116.67
L = 100 Tail Latency: 60917
L = 100 Recall@10: 99.965
L = 100 QPS: 19197.1
iteration: 9
num_out_edges: 6360923
mean_out_edges: 70.6761
variance_out_edges: 19.1085
max_observed_degree: 83
num_nodes: 90001
deletion_time: 5.03161
num_deleted: 5000
insertion_time: 1.36482
num_inserted: 10000
num_out_edges: 6680530
mean_out_edges: 70.3206
variance_out_edges: 18.5443
max_observed_degree: 83
num_nodes: 95001
L = 20 Mean Latency: 1064.04
L = 20 Tail Latency: 61406.6
L = 20 Recall@10: 98.332
L = 20 QPS: 48964.6
L = 40 Mean Latency: 1645.76
L = 40 Tail Latency: 49407.3
L = 40 Recall@10: 99.644
L = 40 QPS: 34253.9
L = 60 Mean Latency: 2221.25
L = 60 Tail Latency: 56635.7
L = 60 Recall@10: 99.867
L = 60 QPS: 26410.7
L = 80 Mean Latency: 2733.04
L = 80 Tail Latency: 48960.9
L = 80 Recall@10: 99.933
L = 80 QPS: 21951.8
L = 100 Mean Latency: 3201.52
L = 100 Tail Latency: 60869.6
L = 100 Recall@10: 99.97
L = 100 QPS: 18411.7
iteration: 10
num_out_edges: 6680530
mean_out_edges: 70.3206
variance_out_edges: 18.5443
max_observed_degree: 83
num_nodes: 95001
deletion_time: 4.89858
num_deleted: 5000
insertion_time: 1.40415
num_inserted: 10000
num_out_edges: 7003366
mean_out_edges: 70.033
variance_out_edges: 17.1872
max_observed_degree: 83
num_nodes: 100001
L = 20 Mean Latency: 1060.87
L = 20 Tail Latency: 58158.6
L = 20 Recall@10: 98.316
L = 20 QPS: 51164
L = 40 Mean Latency: 1727.58
L = 40 Tail Latency: 56540.5
L = 40 Recall@10: 99.634
L = 40 QPS: 31330.8
L = 60 Mean Latency: 2292.25
L = 60 Tail Latency: 59319.3
L = 60 Recall@10: 99.86
L = 60 QPS: 25702.8
L = 80 Mean Latency: 2784.88
L = 80 Tail Latency: 56785.8
L = 80 Recall@10: 99.934
L = 80 QPS: 21013
L = 100 Mean Latency: 3259.96
L = 100 Tail Latency: 64898.6
L = 100 Recall@10: 99.961
L = 100 QPS: 18364.5
iteration: 11
num_out_edges: 7003366
mean_out_edges: 70.033
variance_out_edges: 17.1872
max_observed_degree: 83
num_nodes: 100001
deletion_time: 4.82374
num_deleted: 5000
insertion_time: 1.39818
num_inserted: 10000
num_out_edges: 7328068
mean_out_edges: 69.7905
variance_out_edges: 16.4005
max_observed_degree: 83
num_nodes: 105001
L = 20 Mean Latency: 1085.61
L = 20 Tail Latency: 47749.8
L = 20 Recall@10: 98.241
L = 20 QPS: 50879.4
L = 40 Mean Latency: 1749.57
L = 40 Tail Latency: 48604.8
L = 40 Recall@10: 99.614
L = 40 QPS: 28858.7
L = 60 Mean Latency: 2305.57
L = 60 Tail Latency: 102888
L = 60 Recall@10: 99.872
L = 60 QPS: 25314.8
L = 80 Mean Latency: 2864.64
L = 80 Tail Latency: 60801.1
L = 80 Recall@10: 99.938
L = 80 QPS: 20883.1
L = 100 Mean Latency: 3310.64
L = 100 Tail Latency: 56808.2
L = 100 Recall@10: 99.961
L = 100 QPS: 18348.9
iteration: 12
num_out_edges: 7328068
mean_out_edges: 69.7905
variance_out_edges: 16.4005
max_observed_degree: 83
num_nodes: 105001
deletion_time: 4.69325
num_deleted: 5000
insertion_time: 1.43951
num_inserted: 10000
num_out_edges: 7650261
mean_out_edges: 69.5472
variance_out_edges: 15.6968
max_observed_degree: 83
num_nodes: 110001
L = 20 Mean Latency: 1109.25
L = 20 Tail Latency: 46832.2
L = 20 Recall@10: 98.21
L = 20 QPS: 49108.6
L = 40 Mean Latency: 1790.92
L = 40 Tail Latency: 58535
L = 40 Recall@10: 99.585
L = 40 QPS: 31192.9
L = 60 Mean Latency: 2344.09
L = 60 Tail Latency: 52542.1
L = 60 Recall@10: 99.871
L = 60 QPS: 24619.5
L = 80 Mean Latency: 2885.5
L = 80 Tail Latency: 49716.6
L = 80 Recall@10: 99.94
L = 80 QPS: 20116
L = 100 Mean Latency: 3385.94
L = 100 Tail Latency: 56786.5
L = 100 Recall@10: 99.964
L = 100 QPS: 17910.3
iteration: 13
num_out_edges: 7650261
mean_out_edges: 69.5472
variance_out_edges: 15.6968
max_observed_degree: 83
num_nodes: 110001
deletion_time: 4.63832
num_deleted: 5000
insertion_time: 1.4787
num_inserted: 10000
num_out_edges: 7971723
mean_out_edges: 69.3187
variance_out_edges: 15.0951
max_observed_degree: 83
num_nodes: 115001
L = 20 Mean Latency: 1131.34
L = 20 Tail Latency: 48286.3
L = 20 Recall@10: 98.159
L = 20 QPS: 45462.4
L = 40 Mean Latency: 1814.21
L = 40 Tail Latency: 60530.7
L = 40 Recall@10: 99.612
L = 40 QPS: 31609
L = 60 Mean Latency: 2401.09
L = 60 Tail Latency: 90018.4
L = 60 Recall@10: 99.858
L = 60 QPS: 25064.7
L = 80 Mean Latency: 2918.4
L = 80 Tail Latency: 56705.2
L = 80 Recall@10: 99.931
L = 80 QPS: 20588.4
L = 100 Mean Latency: 3400.4
L = 100 Tail Latency: 56928.8
L = 100 Recall@10: 99.956
L = 100 QPS: 17922.4
iteration: 14
num_out_edges: 7971723
mean_out_edges: 69.3187
variance_out_edges: 15.0951
max_observed_degree: 83
num_nodes: 115001
deletion_time: 4.37602
num_deleted: 5000
insertion_time: 1.48354
num_inserted: 10000
num_out_edges: 8298078
mean_out_edges: 69.1501
variance_out_edges: 14.163
max_observed_degree: 83
num_nodes: 120001
L = 20 Mean Latency: 1119.55
L = 20 Tail Latency: 43311.4
L = 20 Recall@10: 98.117
L = 20 QPS: 46665.2
L = 40 Mean Latency: 1827.48
L = 40 Tail Latency: 52523.4
L = 40 Recall@10: 99.596
L = 40 QPS: 31817.6
L = 60 Mean Latency: 2467.07
L = 60 Tail Latency: 52695.4
L = 60 Recall@10: 99.836
L = 60 QPS: 23411.4
L = 80 Mean Latency: 3027.8
L = 80 Tail Latency: 52991.7
L = 80 Recall@10: 99.924
L = 80 QPS: 18583.1
L = 100 Mean Latency: 3489.41
L = 100 Tail Latency: 57010.3
L = 100 Recall@10: 99.958
L = 100 QPS: 17489.2
iteration: 15
num_out_edges: 8298078
mean_out_edges: 69.1501
variance_out_edges: 14.163
max_observed_degree: 83
num_nodes: 120001
deletion_time: 4.35049
num_deleted: 5000
insertion_time: 1.50555
num_inserted: 10000
num_out_edges: 8619444
mean_out_edges: 68.955
variance_out_edges: 13.9463
max_observed_degree: 83
num_nodes: 125001
L = 20 Mean Latency: 1153.39
L = 20 Tail Latency: 44589.4
L = 20 Recall@10: 98.047
L = 20 QPS: 46963.1
L = 40 Mean Latency: 1863.66
L = 40 Tail Latency: 48710.2
L = 40 Recall@10: 99.552
L = 40 QPS: 31143
L = 60 Mean Latency: 2473.57
L = 60 Tail Latency: 52901
L = 60 Recall@10: 99.818
L = 60 QPS: 23785.6
L = 80 Mean Latency: 3028.78
L = 80 Tail Latency: 56483.6
L = 80 Recall@10: 99.921
L = 80 QPS: 19731.4
L = 100 Mean Latency: 3524.29
L = 100 Tail Latency: 60085.3
L = 100 Recall@10: 99.959
L = 100 QPS: 16982.3
iteration: 16
num_out_edges: 8619444
mean_out_edges: 68.955
variance_out_edges: 13.9463
max_observed_degree: 83
num_nodes: 125001
deletion_time: 4.32234
num_deleted: 5000
insertion_time: 1.51887
num_inserted: 10000
num_out_edges: 8941185
mean_out_edges: 68.7778
variance_out_edges: 13.7931
max_observed_degree: 83
num_nodes: 130001
L = 20 Mean Latency: 1241.18
L = 20 Tail Latency: 46092.5
L = 20 Recall@10: 98.034
L = 20 QPS: 42587.9
L = 40 Mean Latency: 1895.05
L = 40 Tail Latency: 50651.7
L = 40 Recall@10: 99.547
L = 40 QPS: 30114.4
L = 60 Mean Latency: 2518.95
L = 60 Tail Latency: 113785
L = 60 Recall@10: 99.806
L = 60 QPS: 23441.4
L = 80 Mean Latency: 3088.68
L = 80 Tail Latency: 52946.3
L = 80 Recall@10: 99.909
L = 80 QPS: 19940.8
L = 100 Mean Latency: 3611.27
L = 100 Tail Latency: 88791
L = 100 Recall@10: 99.95
L = 100 QPS: 17030.4
iteration: 17
num_out_edges: 8941185
mean_out_edges: 68.7778
variance_out_edges: 13.7931
max_observed_degree: 83
num_nodes: 130001
deletion_time: 4.22474
num_deleted: 5000
insertion_time: 1.55196
num_inserted: 10000
num_out_edges: 9266773
mean_out_edges: 68.6423
variance_out_edges: 12.9908
max_observed_degree: 83
num_nodes: 135001
L = 20 Mean Latency: 1186.63
L = 20 Tail Latency: 56374.6
L = 20 Recall@10: 97.897
L = 20 QPS: 45663.9
L = 40 Mean Latency: 1910.81
L = 40 Tail Latency: 59406.2
L = 40 Recall@10: 99.517
L = 40 QPS: 31032.2
L = 60 Mean Latency: 2562.74
L = 60 Tail Latency: 57259.8
L = 60 Recall@10: 99.801
L = 60 QPS: 23460.1
L = 80 Mean Latency: 3156.6
L = 80 Tail Latency: 58767.6
L = 80 Recall@10: 99.909
L = 80 QPS: 18975.4
L = 100 Mean Latency: 3664.71
L = 100 Tail Latency: 56328.7
L = 100 Recall@10: 99.946
L = 100 QPS: 16714.2
iteration: 18
num_out_edges: 9266773
mean_out_edges: 68.6423
variance_out_edges: 12.9908
max_observed_degree: 83
num_nodes: 135001
deletion_time: 4.35408
num_deleted: 5000
insertion_time: 1.55004
num_inserted: 10000
num_out_edges: 9589594
mean_out_edges: 68.4966
variance_out_edges: 13.0034
max_observed_degree: 83
num_nodes: 140001
L = 20 Mean Latency: 1260.87
L = 20 Tail Latency: 84181.4
L = 20 Recall@10: 97.849
L = 20 QPS: 39529.6
L = 40 Mean Latency: 1948.08
L = 40 Tail Latency: 56612.1
L = 40 Recall@10: 99.472
L = 40 QPS: 29593.1
L = 60 Mean Latency: 2618.64
L = 60 Tail Latency: 74801.2
L = 60 Recall@10: 99.786
L = 60 QPS: 22490
L = 80 Mean Latency: 3199
L = 80 Tail Latency: 60919.5
L = 80 Recall@10: 99.891
L = 80 QPS: 18914.6
L = 100 Mean Latency: 3697.63
L = 100 Tail Latency: 60982.5
L = 100 Recall@10: 99.935
L = 100 QPS: 16281.4
iteration: 19
num_out_edges: 9589594
mean_out_edges: 68.4966
variance_out_edges: 13.0034
max_observed_degree: 83
num_nodes: 140001
deletion_time: 4.21591
num_deleted: 5000
insertion_time: 1.57846
num_inserted: 10000
num_out_edges: 9913041
mean_out_edges: 68.3653
variance_out_edges: 12.8298
max_observed_degree: 83
num_nodes: 145001
L = 20 Mean Latency: 1223.81
L = 20 Tail Latency: 44337.4
L = 20 Recall@10: 97.895
L = 20 QPS: 45114.5
L = 40 Mean Latency: 1956.23
L = 40 Tail Latency: 52610.6
L = 40 Recall@10: 99.474
L = 40 QPS: 29721.9
L = 60 Mean Latency: 2659.97
L = 60 Tail Latency: 63049.4
L = 60 Recall@10: 99.802
L = 60 QPS: 21877.3
L = 80 Mean Latency: 3220.6
L = 80 Tail Latency: 56736.9
L = 80 Recall@10: 99.903
L = 80 QPS: 18859.3
L = 100 Mean Latency: 3756.63
L = 100 Tail Latency: 52935.1
L = 100 Recall@10: 99.945
L = 100 QPS: 16338.5
iteration: 20
num_out_edges: 9913041
mean_out_edges: 68.3653
variance_out_edges: 12.8298
max_observed_degree: 83
num_nodes: 145001
deletion_time: 4.38267
num_deleted: 5000
insertion_time: 1.60215
num_inserted: 10000
num_out_edges: 10238004
mean_out_edges: 68.2529
variance_out_edges: 12.5718
max_observed_degree: 83
num_nodes: 150001
L = 20 Mean Latency: 1219.65
L = 20 Tail Latency: 45550.7
L = 20 Recall@10: 97.844
L = 20 QPS: 45127.4
L = 40 Mean Latency: 2008.36
L = 40 Tail Latency: 44817.7
L = 40 Recall@10: 99.483
L = 40 QPS: 27853.9
L = 60 Mean Latency: 2678.93
L = 60 Tail Latency: 52967.9
L = 60 Recall@10: 99.791
L = 60 QPS: 21400.9
L = 80 Mean Latency: 3266.62
L = 80 Tail Latency: 52911.6
L = 80 Recall@10: 99.899
L = 80 QPS: 18266.9
L = 100 Mean Latency: 3823.99
L = 100 Tail Latency: 56591.8
L = 100 Recall@10: 99.94
L = 100 QPS: 15895.6
