initial_build_time: 5.54539
iteration: 1
num_out_edges: 2267778
mean_out_edges: 45.3547
variance_out_edges: 508.859
max_observed_degree: 64
num_nodes: 50001
deletion_time: 2.59421
num_deleted: 5000
insertion_time: 1.01022
num_inserted: 10000
num_out_edges: 2825891
mean_out_edges: 51.3789
variance_out_edges: 526.841
max_observed_degree: 83
num_nodes: 55001
L = 20 Mean Latency: 412.36
L = 20 Tail Latency: 22725.5
L = 20 Recall@10: 91.279
L = 20 QPS: 113034
L = 40 Mean Latency: 713.486
L = 40 Tail Latency: 44649.3
L = 40 Recall@10: 96.07
L = 40 QPS: 60507.1
L = 60 Mean Latency: 968.642
L = 60 Tail Latency: 48102.3
L = 60 Recall@10: 97.504
L = 60 QPS: 48558.8
L = 80 Mean Latency: 1223.58
L = 80 Tail Latency: 112283
L = 80 Recall@10: 98.199
L = 80 QPS: 40562
L = 100 Mean Latency: 1496.46
L = 100 Tail Latency: 88065.2
L = 100 Recall@10: 98.558
L = 100 QPS: 36255.2
iteration: 2
num_out_edges: 2825891
mean_out_edges: 51.3789
variance_out_edges: 526.841
max_observed_degree: 83
num_nodes: 55001
deletion_time: 3.00631
num_deleted: 5000
insertion_time: 1.00367
num_inserted: 10000
num_out_edges: 3084042
mean_out_edges: 51.3998
variance_out_edges: 536.76
max_observed_degree: 83
num_nodes: 60001
L = 20 Mean Latency: 544.457
L = 20 Tail Latency: 27979.8
L = 20 Recall@10: 89.101
L = 20 QPS: 89540.7
L = 40 Mean Latency: 822.255
L = 40 Tail Latency: 49667.9
L = 40 Recall@10: 95.279
L = 40 QPS: 54766.7
L = 60 Mean Latency: 1146.75
L = 60 Tail Latency: 60510.2
L = 60 Recall@10: 97.182
L = 60 QPS: 44974
L = 80 Mean Latency: 1491.75
L = 80 Tail Latency: 66710.3
L = 80 Recall@10: 98
L = 80 QPS: 35032.4
L = 100 Mean Latency: 1806.72
L = 100 Tail Latency: 62931.2
L = 100 Recall@10: 98.456
L = 100 QPS: 31490.2
iteration: 3
num_out_edges: 3084042
mean_out_edges: 51.3998
variance_out_edges: 536.76
max_observed_degree: 83
num_nodes: 60001
deletion_time: 3.31782
num_deleted: 5000
insertion_time: 1.17443
num_inserted: 10000
num_out_edges: 3373850
mean_out_edges: 51.9046
variance_out_edges: 544.975
max_observed_degree: 83
num_nodes: 65001
L = 20 Mean Latency: 650.025
L = 20 Tail Latency: 57024.2
L = 20 Recall@10: 87.566
L = 20 QPS: 52435
L = 40 Mean Latency: 1049.06
L = 40 Tail Latency: 73845.8
L = 40 Recall@10: 94.431
L = 40 QPS: 46518.4
L = 60 Mean Latency: 1458.8
L = 60 Tail Latency: 68949.8
L = 60 Recall@10: 96.658
L = 60 QPS: 32036.6
L = 80 Mean Latency: 1868.74
L = 80 Tail Latency: 77546.9
L = 80 Recall@10: 97.709
L = 80 QPS: 26454.1
L = 100 Mean Latency: 2252.11
L = 100 Tail Latency: 109323
L = 100 Recall@10: 98.263
L = 100 QPS: 25428.8
iteration: 4
num_out_edges: 3373850
mean_out_edges: 51.9046
variance_out_edges: 544.975
max_observed_degree: 83
num_nodes: 65001
deletion_time: 3.4722
num_deleted: 5000
insertion_time: 1.32375
num_inserted: 10000
num_out_edges: 3635632
mean_out_edges: 51.9369
variance_out_edges: 557.152
max_observed_degree: 83
num_nodes: 70001
L = 20 Mean Latency: 754.667
L = 20 Tail Latency: 52236.7
L = 20 Recall@10: 86.316
L = 20 QPS: 67934.6
L = 40 Mean Latency: 1248.32
L = 40 Tail Latency: 68881.3
L = 40 Recall@10: 93.652
L = 40 QPS: 46116.9
L = 60 Mean Latency: 1764.91
L = 60 Tail Latency: 111606
L = 60 Recall@10: 96.167
L = 60 QPS: 31710.5
L = 80 Mean Latency: 2350.45
L = 80 Tail Latency: 77865.9
L = 80 Recall@10: 97.381
L = 80 QPS: 23705.8
L = 100 Mean Latency: 2802.52
L = 100 Tail Latency: 125377
L = 100 Recall@10: 98.018
L = 100 QPS: 20834.1
iteration: 5
num_out_edges: 3635632
mean_out_edges: 51.9369
variance_out_edges: 557.152
max_observed_degree: 83
num_nodes: 70001
deletion_time: 3.70772
num_deleted: 5000
insertion_time: 1.49797
num_inserted: 10000
num_out_edges: 3895644
mean_out_edges: 51.9412
variance_out_edges: 569.443
max_observed_degree: 83
num_nodes: 75001
L = 20 Mean Latency: 848.427
L = 20 Tail Latency: 42678.3
L = 20 Recall@10: 84.887
L = 20 QPS: 58420.8
L = 40 Mean Latency: 1424.73
L = 40 Tail Latency: 58494.8
L = 40 Recall@10: 92.678
L = 40 QPS: 37423.3
L = 60 Mean Latency: 2038.5
L = 60 Tail Latency: 68492.6
L = 60 Recall@10: 95.519
L = 60 QPS: 27575.6
L = 80 Mean Latency: 2607.03
L = 80 Tail Latency: 79462.7
L = 80 Recall@10: 96.916
L = 80 QPS: 20237.5
L = 100 Mean Latency: 3152.1
L = 100 Tail Latency: 94210.6
L = 100 Recall@10: 97.738
L = 100 QPS: 17729.7
iteration: 6
num_out_edges: 3895644
mean_out_edges: 51.9412
variance_out_edges: 569.443
max_observed_degree: 83
num_nodes: 75001
deletion_time: 3.9315
num_deleted: 5000
insertion_time: 1.6392
num_inserted: 10000
num_out_edges: 4137665
mean_out_edges: 51.7202
variance_out_edges: 581.861
max_observed_degree: 83
num_nodes: 80001
L = 20 Mean Latency: 950.94
L = 20 Tail Latency: 50975.2
L = 20 Recall@10: 84.134
L = 20 QPS: 50921.7
L = 40 Mean Latency: 1659.46
L = 40 Tail Latency: 73040.9
L = 40 Recall@10: 92.221
L = 40 QPS: 31113.9
L = 60 Mean Latency: 2287.54
L = 60 Tail Latency: 72463.1
L = 60 Recall@10: 95.136
L = 60 QPS: 25253
L = 80 Mean Latency: 2920.94
L = 80 Tail Latency: 116747
L = 80 Recall@10: 96.604
L = 80 QPS: 19891.9
L = 100 Mean Latency: 3514.4
L = 100 Tail Latency: 99091
L = 100 Recall@10: 97.46
L = 100 QPS: 16635.2
iteration: 7
num_out_edges: 4137665
mean_out_edges: 51.7202
variance_out_edges: 581.861
max_observed_degree: 83
num_nodes: 80001
deletion_time: 3.82261
num_deleted: 5000
insertion_time: 1.78498
num_inserted: 10000
num_out_edges: 4381892
mean_out_edges: 51.5511
variance_out_edges: 592.125
max_observed_degree: 83
num_nodes: 85001
L = 20 Mean Latency: 1064.41
L = 20 Tail Latency: 46362.5
L = 20 Recall@10: 83.272
L = 20 QPS: 46427
L = 40 Mean Latency: 1796.48
L = 40 Tail Latency: 62792.5
L = 40 Recall@10: 91.656
L = 40 QPS: 32221.4
L = 60 Mean Latency: 2485.68
L = 60 Tail Latency: 84137.8
L = 60 Recall@10: 94.688
L = 60 QPS: 23120.1
L = 80 Mean Latency: 3200.04
L = 80 Tail Latency: 85381
L = 80 Recall@10: 96.274
L = 80 QPS: 18638.5
L = 100 Mean Latency: 3908.12
L = 100 Tail Latency: 105735
L = 100 Recall@10: 97.215
L = 100 QPS: 14767.6
iteration: 8
num_out_edges: 4381892
mean_out_edges: 51.5511
variance_out_edges: 592.125
max_observed_degree: 83
num_nodes: 85001
deletion_time: 3.97602
num_deleted: 5000
insertion_time: 1.92636
num_inserted: 10000
num_out_edges: 4620036
mean_out_edges: 51.3332
variance_out_edges: 604.264
max_observed_degree: 83
num_nodes: 90001
L = 20 Mean Latency: 1090.85
L = 20 Tail Latency: 74020.4
L = 20 Recall@10: 82.299
L = 20 QPS: 44140.1
L = 40 Mean Latency: 1896.7
L = 40 Tail Latency: 92459.4
L = 40 Recall@10: 91.08
L = 40 QPS: 26439.7
L = 60 Mean Latency: 2667.82
L = 60 Tail Latency: 92085.7
L = 60 Recall@10: 94.325
L = 60 QPS: 21138.8
L = 80 Mean Latency: 3394.04
L = 80 Tail Latency: 76668.2
L = 80 Recall@10: 95.901
L = 80 QPS: 16872.2
L = 100 Mean Latency: 4090.88
L = 100 Tail Latency: 130004
L = 100 Recall@10: 96.907
L = 100 QPS: 14227
iteration: 9
num_out_edges: 4620036
mean_out_edges: 51.3332
variance_out_edges: 604.264
max_observed_degree: 83
num_nodes: 90001
deletion_time: 2.77457
num_deleted: 5000
insertion_time: 1.96154
num_inserted: 10000
num_out_edges: 4848910
mean_out_edges: 51.0406
variance_out_edges: 616.293
max_observed_degree: 83
num_nodes: 95001
L = 20 Mean Latency: 1269.48
L = 20 Tail Latency: 98345.6
L = 20 Recall@10: 81.859
L = 20 QPS: 41020.9
L = 40 Mean Latency: 2006.23
L = 40 Tail Latency: 136983
L = 40 Recall@10: 90.607
L = 40 QPS: 28275.9
L = 60 Mean Latency: 2805.7
L = 60 Tail Latency: 97928.2
L = 60 Recall@10: 93.961
L = 60 QPS: 20479.7
L = 80 Mean Latency: 3563.35
L = 80 Tail Latency: 85173
L = 80 Recall@10: 95.623
L = 80 QPS: 16866.4
L = 100 Mean Latency: 4322.74
L = 100 Tail Latency: 108593
L = 100 Recall@10: 96.636
L = 100 QPS: 14006.4
iteration: 10
num_out_edges: 4848910
mean_out_edges: 51.0406
variance_out_edges: 616.293
max_observed_degree: 83
num_nodes: 95001
deletion_time: 2.7658
num_deleted: 5000
insertion_time: 2.06266
num_inserted: 10000
num_out_edges: 5089303
mean_out_edges: 50.8925
variance_out_edges: 623.187
max_observed_degree: 83
num_nodes: 100001
L = 20 Mean Latency: 1235.09
L = 20 Tail Latency: 50359.8
L = 20 Recall@10: 81.742
L = 20 QPS: 45589.7
L = 40 Mean Latency: 2078.4
L = 40 Tail Latency: 68234
L = 40 Recall@10: 90.192
L = 40 QPS: 27628.8
L = 60 Mean Latency: 2942.91
L = 60 Tail Latency: 82753.7
L = 60 Recall@10: 93.57
L = 60 QPS: 19335.6
L = 80 Mean Latency: 3785.28
L = 80 Tail Latency: 88706.4
L = 80 Recall@10: 95.365
L = 80 QPS: 15511.5
L = 100 Mean Latency: 4523.09
L = 100 Tail Latency: 81188.5
L = 100 Recall@10: 96.42
L = 100 QPS: 13273.6
iteration: 11
num_out_edges: 5089303
mean_out_edges: 50.8925
variance_out_edges: 623.187
max_observed_degree: 83
num_nodes: 100001
deletion_time: 4.66723
num_deleted: 5000
insertion_time: 2.0993
num_inserted: 10000
num_out_edges: 5623519
mean_out_edges: 53.5568
variance_out_edges: 551.327
max_observed_degree: 83
num_nodes: 105001
L = 20 Mean Latency: 1303.25
L = 20 Tail Latency: 93491.7
L = 20 Recall@10: 80.507
L = 20 QPS: 40759.3
L = 40 Mean Latency: 2257.47
L = 40 Tail Latency: 83028.9
L = 40 Recall@10: 89.66
L = 40 QPS: 24664
L = 60 Mean Latency: 3114.61
L = 60 Tail Latency: 97067.5
L = 60 Recall@10: 93.211
L = 60 QPS: 18963.9
L = 80 Mean Latency: 3956.34
L = 80 Tail Latency: 86457.1
L = 80 Recall@10: 95.171
L = 80 QPS: 15114.2
L = 100 Mean Latency: 4740.33
L = 100 Tail Latency: 118768
L = 100 Recall@10: 96.266
L = 100 QPS: 12529.8
iteration: 12
num_out_edges: 5623519
mean_out_edges: 53.5568
variance_out_edges: 551.327
max_observed_degree: 83
num_nodes: 105001
deletion_time: 4.83668
num_deleted: 5000
insertion_time: 2.2061
num_inserted: 10000
num_out_edges: 6026666
mean_out_edges: 54.7874
variance_out_edges: 522.534
max_observed_degree: 83
num_nodes: 110001
L = 20 Mean Latency: 1347.22
L = 20 Tail Latency: 55157.1
L = 20 Recall@10: 80.184
L = 20 QPS: 38884.7
L = 40 Mean Latency: 2311.87
L = 40 Tail Latency: 112741
L = 40 Recall@10: 89.101
L = 40 QPS: 24472.6
L = 60 Mean Latency: 3213.7
L = 60 Tail Latency: 96857.5
L = 60 Recall@10: 92.849
L = 60 QPS: 18112.3
L = 80 Mean Latency: 4088.57
L = 80 Tail Latency: 93214
L = 80 Recall@10: 94.87
L = 80 QPS: 14502.5
L = 100 Mean Latency: 4964.22
L = 100 Tail Latency: 131958
L = 100 Recall@10: 96.098
L = 100 QPS: 12540.6
iteration: 13
num_out_edges: 6026666
mean_out_edges: 54.7874
variance_out_edges: 522.534
max_observed_degree: 83
num_nodes: 110001
deletion_time: 4.70525
num_deleted: 5000
insertion_time: 2.26509
num_inserted: 10000
num_out_edges: 6378540
mean_out_edges: 55.4651
variance_out_edges: 503.052
max_observed_degree: 83
num_nodes: 115001
L = 20 Mean Latency: 1422.24
L = 20 Tail Latency: 62726.5
L = 20 Recall@10: 79.99
L = 20 QPS: 35376.3
L = 40 Mean Latency: 2424.63
L = 40 Tail Latency: 105148
L = 40 Recall@10: 88.826
L = 40 QPS: 23535.3
L = 60 Mean Latency: 3354.26
L = 60 Tail Latency: 92853
L = 60 Recall@10: 92.66
L = 60 QPS: 18361.4
L = 80 Mean Latency: 4292.42
L = 80 Tail Latency: 100816
L = 80 Recall@10: 94.693
L = 80 QPS: 13776.3
L = 100 Mean Latency: 5134.6
L = 100 Tail Latency: 87478
L = 100 Recall@10: 95.981
L = 100 QPS: 11984.4
iteration: 14
num_out_edges: 6378540
mean_out_edges: 55.4651
variance_out_edges: 503.052
max_observed_degree: 83
num_nodes: 115001
deletion_time: 4.75141
num_deleted: 5000
insertion_time: 2.35422
num_inserted: 10000
num_out_edges: 6694493
mean_out_edges: 55.787
variance_out_edges: 487.763
max_observed_degree: 83
num_nodes: 120001
L = 20 Mean Latency: 1482.32
L = 20 Tail Latency: 67244.8
L = 20 Recall@10: 79.995
L = 20 QPS: 33837.3
L = 40 Mean Latency: 2505.54
L = 40 Tail Latency: 102609
L = 40 Recall@10: 88.66
L = 40 QPS: 22585.2
L = 60 Mean Latency: 3421.54
L = 60 Tail Latency: 89006.7
L = 60 Recall@10: 92.497
L = 60 QPS: 17177.2
L = 80 Mean Latency: 4344.63
L = 80 Tail Latency: 121727
L = 80 Recall@10: 94.576
L = 80 QPS: 13836.6
L = 100 Mean Latency: 5264.32
L = 100 Tail Latency: 77318.7
L = 100 Recall@10: 95.824
L = 100 QPS: 11302.1
iteration: 15
num_out_edges: 6694493
mean_out_edges: 55.787
variance_out_edges: 487.763
max_observed_degree: 83
num_nodes: 120001
deletion_time: 4.58182
num_deleted: 5000
insertion_time: 2.36538
num_inserted: 10000
num_out_edges: 7009858
mean_out_edges: 56.0784
variance_out_edges: 477.291
max_observed_degree: 83
num_nodes: 125001
L = 20 Mean Latency: 1476.39
L = 20 Tail Latency: 62984.2
L = 20 Recall@10: 79.557
L = 20 QPS: 35917.5
L = 40 Mean Latency: 2553.89
L = 40 Tail Latency: 88092.5
L = 40 Recall@10: 88.431
L = 40 QPS: 22670.1
L = 60 Mean Latency: 3558.24
L = 60 Tail Latency: 135243
L = 60 Recall@10: 92.252
L = 60 QPS: 16349.1
L = 80 Mean Latency: 4471.49
L = 80 Tail Latency: 166318
L = 80 Recall@10: 94.346
L = 80 QPS: 13253.8
L = 100 Mean Latency: 5409.87
L = 100 Tail Latency: 115194
L = 100 Recall@10: 95.688
L = 100 QPS: 11318.2
iteration: 16
num_out_edges: 7009858
mean_out_edges: 56.0784
variance_out_edges: 477.291
max_observed_degree: 83
num_nodes: 125001
deletion_time: 4.52064
num_deleted: 5000
insertion_time: 2.42319
num_inserted: 10000
num_out_edges: 7321028
mean_out_edges: 56.3152
variance_out_edges: 466.501
max_observed_degree: 83
num_nodes: 130001
L = 20 Mean Latency: 1498.74
L = 20 Tail Latency: 59624.8
L = 20 Recall@10: 79.149
L = 20 QPS: 34516.1
L = 40 Mean Latency: 2590.01
L = 40 Tail Latency: 60208.6
L = 40 Recall@10: 88.091
L = 40 QPS: 23103.9
L = 60 Mean Latency: 3608.38
L = 60 Tail Latency: 79492.9
L = 60 Recall@10: 91.998
L = 60 QPS: 16097.1
L = 80 Mean Latency: 4591.25
L = 80 Tail Latency: 114571
L = 80 Recall@10: 94.196
L = 80 QPS: 12959
L = 100 Mean Latency: 5498.67
L = 100 Tail Latency: 150030
L = 100 Recall@10: 95.527
L = 100 QPS: 11051.3
iteration: 17
num_out_edges: 7321028
mean_out_edges: 56.3152
variance_out_edges: 466.501
max_observed_degree: 83
num_nodes: 130001
deletion_time: 4.3006
num_deleted: 5000
insertion_time: 2.44602
num_inserted: 10000
num_out_edges: 7629453
mean_out_edges: 56.514
variance_out_edges: 455.658
max_observed_degree: 83
num_nodes: 135001
L = 20 Mean Latency: 1510.95
L = 20 Tail Latency: 56218.2
L = 20 Recall@10: 78.753
L = 20 QPS: 36158.1
L = 40 Mean Latency: 2721.21
L = 40 Tail Latency: 65194.5
L = 40 Recall@10: 87.99
L = 40 QPS: 19973.8
L = 60 Mean Latency: 3668.66
L = 60 Tail Latency: 90706.2
L = 60 Recall@10: 91.954
L = 60 QPS: 16303.4
L = 80 Mean Latency: 4643.65
L = 80 Tail Latency: 105062
L = 80 Recall@10: 94.131
L = 80 QPS: 12703.2
L = 100 Mean Latency: 5641.98
L = 100 Tail Latency: 88773.1
L = 100 Recall@10: 95.465
L = 100 QPS: 10917.4
iteration: 18
num_out_edges: 7629453
mean_out_edges: 56.514
variance_out_edges: 455.658
max_observed_degree: 83
num_nodes: 135001
deletion_time: 4.17737
num_deleted: 5000
insertion_time: 2.4808
num_inserted: 10000
num_out_edges: 7942979
mean_out_edges: 56.7352
variance_out_edges: 445.5
max_observed_degree: 83
num_nodes: 140001
L = 20 Mean Latency: 1570.18
L = 20 Tail Latency: 95577.6
L = 20 Recall@10: 78.785
L = 20 QPS: 33384.8
L = 40 Mean Latency: 2674.21
L = 40 Tail Latency: 89522.5
L = 40 Recall@10: 87.923
L = 40 QPS: 22125.8
L = 60 Mean Latency: 3651.9
L = 60 Tail Latency: 87547.6
L = 60 Recall@10: 91.796
L = 60 QPS: 16155
L = 80 Mean Latency: 4675.91
L = 80 Tail Latency: 96357.5
L = 80 Recall@10: 93.933
L = 80 QPS: 13285.8
L = 100 Mean Latency: 5741.85
L = 100 Tail Latency: 77295.2
L = 100 Recall@10: 95.302
L = 100 QPS: 10480.2
iteration: 19
num_out_edges: 7942979
mean_out_edges: 56.7352
variance_out_edges: 445.5
max_observed_degree: 83
num_nodes: 140001
deletion_time: 4.205
num_deleted: 5000
insertion_time: 2.54128
num_inserted: 10000
num_out_edges: 8257266
mean_out_edges: 56.9463
variance_out_edges: 436.714
max_observed_degree: 83
num_nodes: 145001
L = 20 Mean Latency: 1619.3
L = 20 Tail Latency: 54091.2
L = 20 Recall@10: 78.48
L = 20 QPS: 33579.5
L = 40 Mean Latency: 2741.96
L = 40 Tail Latency: 68704.2
L = 40 Recall@10: 87.624
L = 40 QPS: 21215.8
L = 60 Mean Latency: 3780.37
L = 60 Tail Latency: 97209.9
L = 60 Recall@10: 91.522
L = 60 QPS: 15594.7
L = 80 Mean Latency: 4881.36
L = 80 Tail Latency: 69660.5
L = 80 Recall@10: 93.689
L = 80 QPS: 12495.7
L = 100 Mean Latency: 5761.57
L = 100 Tail Latency: 110905
L = 100 Recall@10: 95.04
L = 100 QPS: 10568.5
iteration: 20
num_out_edges: 8257266
mean_out_edges: 56.9463
variance_out_edges: 436.714
max_observed_degree: 83
num_nodes: 145001
deletion_time: 4.29239
num_deleted: 5000
insertion_time: 2.56541
num_inserted: 10000
num_out_edges: 8565658
mean_out_edges: 57.104
variance_out_edges: 427.684
max_observed_degree: 83
num_nodes: 150001
L = 20 Mean Latency: 1627.45
L = 20 Tail Latency: 49076.2
L = 20 Recall@10: 78.338
L = 20 QPS: 35016.2
L = 40 Mean Latency: 2777.83
L = 40 Tail Latency: 85736.7
L = 40 Recall@10: 87.442
L = 40 QPS: 19520.9
L = 60 Mean Latency: 3838.13
L = 60 Tail Latency: 94421.2
L = 60 Recall@10: 91.346
L = 60 QPS: 15800.2
L = 80 Mean Latency: 4841.61
L = 80 Tail Latency: 115252
L = 80 Recall@10: 93.542
L = 80 QPS: 12384.3
L = 100 Mean Latency: 5884.65
L = 100 Tail Latency: 91991
L = 100 Recall@10: 94.965
L = 100 QPS: 10335.6
