initial_build_time: 3.6166
iteration: 1
num_out_edges: 1139934
mean_out_edges: 22.7982
variance_out_edges: 469.612
max_observed_degree: 64
num_nodes: 50001
deletion_time: 0.732887
num_deleted: 5000
insertion_time: 0.797641
num_inserted: 10000
num_out_edges: 1488445
mean_out_edges: 27.0621
variance_out_edges: 576.373
max_observed_degree: 83
num_nodes: 55001
L = 20 Mean Latency: 439.789
L = 20 Tail Latency: 23215.1
L = 20 Recall@10: 89.845
L = 20 QPS: 78412.1
L = 40 Mean Latency: 660.305
L = 40 Tail Latency: 40471.3
L = 40 Recall@10: 94.819
L = 40 QPS: 72753.8
L = 60 Mean Latency: 846.01
L = 60 Tail Latency: 44388.5
L = 60 Recall@10: 96.341
L = 60 QPS: 56478.7
L = 80 Mean Latency: 1099.72
L = 80 Tail Latency: 54746.9
L = 80 Recall@10: 97.025
L = 80 QPS: 43147.1
L = 100 Mean Latency: 1318.05
L = 100 Tail Latency: 69186.6
L = 100 Recall@10: 97.448
L = 100 QPS: 38988.1
iteration: 2
num_out_edges: 1488445
mean_out_edges: 27.0621
variance_out_edges: 576.373
max_observed_degree: 83
num_nodes: 55001
deletion_time: 0.818645
num_deleted: 5000
insertion_time: 0.781289
num_inserted: 10000
num_out_edges: 1616447
mean_out_edges: 26.9403
variance_out_edges: 601.598
max_observed_degree: 83
num_nodes: 60001
L = 20 Mean Latency: 451.464
L = 20 Tail Latency: 28376.6
L = 20 Recall@10: 87.99
L = 20 QPS: 94948.6
L = 40 Mean Latency: 762.848
L = 40 Tail Latency: 74431.5
L = 40 Recall@10: 94.138
L = 40 QPS: 62860.7
L = 60 Mean Latency: 1088.29
L = 60 Tail Latency: 46072.5
L = 60 Recall@10: 96.068
L = 60 QPS: 46371.8
L = 80 Mean Latency: 1483.67
L = 80 Tail Latency: 82570.9
L = 80 Recall@10: 97.009
L = 80 QPS: 31746.7
L = 100 Mean Latency: 1648.99
L = 100 Tail Latency: 88126.5
L = 100 Recall@10: 97.511
L = 100 QPS: 30386.7
iteration: 3
num_out_edges: 1616447
mean_out_edges: 26.9403
variance_out_edges: 601.598
max_observed_degree: 83
num_nodes: 60001
deletion_time: 0.908455
num_deleted: 5000
insertion_time: 0.940932
num_inserted: 10000
num_out_edges: 1804668
mean_out_edges: 27.7637
variance_out_edges: 622.209
max_observed_degree: 83
num_nodes: 65001
L = 20 Mean Latency: 609.171
L = 20 Tail Latency: 36007.8
L = 20 Recall@10: 86.578
L = 20 QPS: 72040.7
L = 40 Mean Latency: 927.075
L = 40 Tail Latency: 59197.3
L = 40 Recall@10: 93.291
L = 40 QPS: 49197.7
L = 60 Mean Latency: 1276.22
L = 60 Tail Latency: 108358
L = 60 Recall@10: 95.613
L = 60 QPS: 37495.6
L = 80 Mean Latency: 1645.32
L = 80 Tail Latency: 99975.9
L = 80 Recall@10: 96.717
L = 80 QPS: 30535.5
L = 100 Mean Latency: 1984.41
L = 100 Tail Latency: 94156.9
L = 100 Recall@10: 97.35
L = 100 QPS: 28184
iteration: 4
num_out_edges: 1804668
mean_out_edges: 27.7637
variance_out_edges: 622.209
max_observed_degree: 83
num_nodes: 65001
deletion_time: 0.96823
num_deleted: 5000
insertion_time: 1.09639
num_inserted: 10000
num_out_edges: 1946661
mean_out_edges: 27.809
variance_out_edges: 628.32
max_observed_degree: 83
num_nodes: 70001
L = 20 Mean Latency: 671.894
L = 20 Tail Latency: 38370.7
L = 20 Recall@10: 85.606
L = 20 QPS: 65939.9
L = 40 Mean Latency: 1103.36
L = 40 Tail Latency: 59752.3
L = 40 Recall@10: 92.648
L = 40 QPS: 41310.7
L = 60 Mean Latency: 1525.21
L = 60 Tail Latency: 72910.5
L = 60 Recall@10: 95.115
L = 60 QPS: 33284.9
L = 80 Mean Latency: 1987.35
L = 80 Tail Latency: 78630.2
L = 80 Recall@10: 96.366
L = 80 QPS: 26875.6
L = 100 Mean Latency: 2390.88
L = 100 Tail Latency: 91233.7
L = 100 Recall@10: 97.092
L = 100 QPS: 23512.5
iteration: 5
num_out_edges: 1946661
mean_out_edges: 27.809
variance_out_edges: 628.32
max_observed_degree: 83
num_nodes: 70001
deletion_time: 0.988965
num_deleted: 5000
insertion_time: 1.29033
num_inserted: 10000
num_out_edges: 2116299
mean_out_edges: 28.2169
variance_out_edges: 633.414
max_observed_degree: 83
num_nodes: 75001
L = 20 Mean Latency: 744.906
L = 20 Tail Latency: 45267.8
L = 20 Recall@10: 84.149
L = 20 QPS: 68482.2
L = 40 Mean Latency: 1265.18
L = 40 Tail Latency: 64243.1
L = 40 Recall@10: 91.829
L = 40 QPS: 38908.9
L = 60 Mean Latency: 1774.09
L = 60 Tail Latency: 141597
L = 60 Recall@10: 94.632
L = 60 QPS: 30738
L = 80 Mean Latency: 2279.09
L = 80 Tail Latency: 91729.2
L = 80 Recall@10: 96.038
L = 80 QPS: 24794.5
L = 100 Mean Latency: 2815.06
L = 100 Tail Latency: 122176
L = 100 Recall@10: 96.87
L = 100 QPS: 20477.1
iteration: 6
num_out_edges: 2116299
mean_out_edges: 28.2169
variance_out_edges: 633.414
max_observed_degree: 83
num_nodes: 75001
deletion_time: 1.00999
num_deleted: 5000
insertion_time: 1.4043
num_inserted: 10000
num_out_edges: 2272384
mean_out_edges: 28.4044
variance_out_edges: 632.209
max_observed_degree: 83
num_nodes: 80001
L = 20 Mean Latency: 840.913
L = 20 Tail Latency: 69295.6
L = 20 Recall@10: 83.379
L = 20 QPS: 55785.1
L = 40 Mean Latency: 1438.9
L = 40 Tail Latency: 80700.3
L = 40 Recall@10: 91.168
L = 40 QPS: 34616.5
L = 60 Mean Latency: 1998.65
L = 60 Tail Latency: 107280
L = 60 Recall@10: 94.142
L = 60 QPS: 27518.3
L = 80 Mean Latency: 2576.52
L = 80 Tail Latency: 68650
L = 80 Recall@10: 95.68
L = 80 QPS: 22303.9
L = 100 Mean Latency: 3137.01
L = 100 Tail Latency: 111832
L = 100 Recall@10: 96.564
L = 100 QPS: 17590.6
iteration: 7
num_out_edges: 2272384
mean_out_edges: 28.4044
variance_out_edges: 632.209
max_observed_degree: 83
num_nodes: 80001
deletion_time: 0.970867
num_deleted: 5000
insertion_time: 1.5242
num_inserted: 10000
num_out_edges: 2449756
mean_out_edges: 28.8203
variance_out_edges: 634.721
max_observed_degree: 83
num_nodes: 85001
L = 20 Mean Latency: 912.809
L = 20 Tail Latency: 50428
L = 20 Recall@10: 82.696
L = 20 QPS: 47994.8
L = 40 Mean Latency: 1565.85
L = 40 Tail Latency: 142271
L = 40 Recall@10: 90.775
L = 40 QPS: 34386.3
L = 60 Mean Latency: 2271.31
L = 60 Tail Latency: 88801.9
L = 60 Recall@10: 93.787
L = 60 QPS: 22938.9
L = 80 Mean Latency: 2780.55
L = 80 Tail Latency: 129092
L = 80 Recall@10: 95.347
L = 80 QPS: 20160.4
L = 100 Mean Latency: 3360.84
L = 100 Tail Latency: 105096
L = 100 Recall@10: 96.293
L = 100 QPS: 17509.1
iteration: 8
num_out_edges: 2449756
mean_out_edges: 28.8203
variance_out_edges: 634.721
max_observed_degree: 83
num_nodes: 85001
deletion_time: 0.982027
num_deleted: 5000
insertion_time: 1.61176
num_inserted: 10000
num_out_edges: 2625473
mean_out_edges: 29.1716
variance_out_edges: 637.175
max_observed_degree: 83
num_nodes: 90001
L = 20 Mean Latency: 959.889
L = 20 Tail Latency: 55174.4
L = 20 Recall@10: 81.539
L = 20 QPS: 49812.3
L = 40 Mean Latency: 1626.88
L = 40 Tail Latency: 81004.5
L = 40 Recall@10: 90.093
L = 40 QPS: 34898.2
L = 60 Mean Latency: 2367.76
L = 60 Tail Latency: 91394.5
L = 60 Recall@10: 93.372
L = 60 QPS: 23806.2
L = 80 Mean Latency: 2969.33
L = 80 Tail Latency: 108623
L = 80 Recall@10: 94.979
L = 80 QPS: 18794.3
L = 100 Mean Latency: 3621.23
L = 100 Tail Latency: 105332
L = 100 Recall@10: 95.998
L = 100 QPS: 16537.9
iteration: 9
num_out_edges: 2625473
mean_out_edges: 29.1716
variance_out_edges: 637.175
max_observed_degree: 83
num_nodes: 90001
deletion_time: 0.877714
num_deleted: 5000
insertion_time: 1.76008
num_inserted: 10000
num_out_edges: 2826333
mean_out_edges: 29.7506
variance_out_edges: 642.463
max_observed_degree: 83
num_nodes: 95001
L = 20 Mean Latency: 1048.39
L = 20 Tail Latency: 58058.3
L = 20 Recall@10: 81.089
L = 20 QPS: 46509
L = 40 Mean Latency: 1792.62
L = 40 Tail Latency: 78898.9
L = 40 Recall@10: 89.668
L = 40 QPS: 25662.6
L = 60 Mean Latency: 2468.35
L = 60 Tail Latency: 81229
L = 60 Recall@10: 92.993
L = 60 QPS: 22923
L = 80 Mean Latency: 3150.88
L = 80 Tail Latency: 131195
L = 80 Recall@10: 94.675
L = 80 QPS: 18136.5
L = 100 Mean Latency: 3761.42
L = 100 Tail Latency: 113557
L = 100 Recall@10: 95.73
L = 100 QPS: 16349.7
iteration: 10
num_out_edges: 2826333
mean_out_edges: 29.7506
variance_out_edges: 642.463
max_observed_degree: 83
num_nodes: 95001
deletion_time: 0.850893
num_deleted: 5000
insertion_time: 1.74125
num_inserted: 10000
num_out_edges: 3052998
mean_out_edges: 30.5297
variance_out_edges: 644.885
max_observed_degree: 83
num_nodes: 100001
L = 20 Mean Latency: 1114.67
L = 20 Tail Latency: 57873.2
L = 20 Recall@10: 80.919
L = 20 QPS: 37245.2
L = 40 Mean Latency: 1866.92
L = 40 Tail Latency: 114408
L = 40 Recall@10: 89.251
L = 40 QPS: 28929.5
L = 60 Mean Latency: 2620.79
L = 60 Tail Latency: 83047.1
L = 60 Recall@10: 92.651
L = 60 QPS: 19646.9
L = 80 Mean Latency: 3296.93
L = 80 Tail Latency: 111430
L = 80 Recall@10: 94.443
L = 80 QPS: 17707.5
L = 100 Mean Latency: 3982.86
L = 100 Tail Latency: 108760
L = 100 Recall@10: 95.564
L = 100 QPS: 14817.2
iteration: 11
num_out_edges: 3052998
mean_out_edges: 30.5297
variance_out_edges: 644.885
max_observed_degree: 83
num_nodes: 100001
deletion_time: 1.68998
num_deleted: 5000
insertion_time: 1.82771
num_inserted: 10000
num_out_edges: 3475345
mean_out_edges: 33.0982
variance_out_edges: 654.354
max_observed_degree: 83
num_nodes: 105001
L = 20 Mean Latency: 1148.91
L = 20 Tail Latency: 64500.4
L = 20 Recall@10: 79.98
L = 20 QPS: 37311.3
L = 40 Mean Latency: 1967.98
L = 40 Tail Latency: 114239
L = 40 Recall@10: 88.737
L = 40 QPS: 28060.3
L = 60 Mean Latency: 2767.37
L = 60 Tail Latency: 128469
L = 60 Recall@10: 92.296
L = 60 QPS: 20729.6
L = 80 Mean Latency: 3486.81
L = 80 Tail Latency: 101074
L = 80 Recall@10: 94.204
L = 80 QPS: 16532.7
L = 100 Mean Latency: 4268.82
L = 100 Tail Latency: 113611
L = 100 Recall@10: 95.387
L = 100 QPS: 13238.4
iteration: 12
num_out_edges: 3475345
mean_out_edges: 33.0982
variance_out_edges: 654.354
max_observed_degree: 83
num_nodes: 105001
deletion_time: 1.54766
num_deleted: 5000
insertion_time: 1.94794
num_inserted: 10000
num_out_edges: 3804288
mean_out_edges: 34.5841
variance_out_edges: 678.415
max_observed_degree: 83
num_nodes: 110001
L = 20 Mean Latency: 1210.72
L = 20 Tail Latency: 64668.9
L = 20 Recall@10: 79.54
L = 20 QPS: 38897.4
L = 40 Mean Latency: 2121.68
L = 40 Tail Latency: 141729
L = 40 Recall@10: 88.351
L = 40 QPS: 25174.5
L = 60 Mean Latency: 2941.43
L = 60 Tail Latency: 72707.6
L = 60 Recall@10: 91.999
L = 60 QPS: 20074.3
L = 80 Mean Latency: 3728.28
L = 80 Tail Latency: 87326.2
L = 80 Recall@10: 94.056
L = 80 QPS: 15996.8
L = 100 Mean Latency: 4491.5
L = 100 Tail Latency: 167954
L = 100 Recall@10: 95.26
L = 100 QPS: 12826
iteration: 13
num_out_edges: 3804288
mean_out_edges: 34.5841
variance_out_edges: 678.415
max_observed_degree: 83
num_nodes: 110001
deletion_time: 1.78917
num_deleted: 5000
insertion_time: 2.05191
num_inserted: 10000
num_out_edges: 4086760
mean_out_edges: 35.5367
variance_out_edges: 689.087
max_observed_degree: 83
num_nodes: 115001
L = 20 Mean Latency: 1287.98
L = 20 Tail Latency: 58555.2
L = 20 Recall@10: 79.44
L = 20 QPS: 36061.1
L = 40 Mean Latency: 2185.48
L = 40 Tail Latency: 78577.4
L = 40 Recall@10: 88.251
L = 40 QPS: 26632.1
L = 60 Mean Latency: 3085.25
L = 60 Tail Latency: 107816
L = 60 Recall@10: 91.879
L = 60 QPS: 18224.9
L = 80 Mean Latency: 3873.62
L = 80 Tail Latency: 92752.1
L = 80 Recall@10: 93.899
L = 80 QPS: 15693.2
L = 100 Mean Latency: 4650.1
L = 100 Tail Latency: 110730
L = 100 Recall@10: 95.154
L = 100 QPS: 13159.3
iteration: 14
num_out_edges: 4086760
mean_out_edges: 35.5367
variance_out_edges: 689.087
max_observed_degree: 83
num_nodes: 115001
deletion_time: 1.54638
num_deleted: 5000
insertion_time: 2.11343
num_inserted: 10000
num_out_edges: 4347676
mean_out_edges: 36.2303
variance_out_edges: 693.617
max_observed_degree: 83
num_nodes: 120001
L = 20 Mean Latency: 1282.46
L = 20 Tail Latency: 60479.4
L = 20 Recall@10: 79.103
L = 20 QPS: 40570.2
L = 40 Mean Latency: 2248.67
L = 40 Tail Latency: 68142.4
L = 40 Recall@10: 88.033
L = 40 QPS: 26254.2
L = 60 Mean Latency: 3150.98
L = 60 Tail Latency: 64828.4
L = 60 Recall@10: 91.67
L = 60 QPS: 18936.6
L = 80 Mean Latency: 4050.08
L = 80 Tail Latency: 92297.3
L = 80 Recall@10: 93.71
L = 80 QPS: 14175.5
L = 100 Mean Latency: 4808.94
L = 100 Tail Latency: 120839
L = 100 Recall@10: 94.91
L = 100 QPS: 12645.4
iteration: 15
num_out_edges: 4347676
mean_out_edges: 36.2303
variance_out_edges: 693.617
max_observed_degree: 83
num_nodes: 120001
deletion_time: 1.62631
num_deleted: 5000
insertion_time: 2.11927
num_inserted: 10000
num_out_edges: 4595522
mean_out_edges: 36.7639
variance_out_edges: 697.882
max_observed_degree: 83
num_nodes: 125001
L = 20 Mean Latency: 1373.64
L = 20 Tail Latency: 91516.5
L = 20 Recall@10: 78.733
L = 20 QPS: 37252.3
L = 40 Mean Latency: 2331.12
L = 40 Tail Latency: 70278.7
L = 40 Recall@10: 87.664
L = 40 QPS: 23694
L = 60 Mean Latency: 3232.78
L = 60 Tail Latency: 70539.3
L = 60 Recall@10: 91.474
L = 60 QPS: 17223.4
L = 80 Mean Latency: 4097.88
L = 80 Tail Latency: 141114
L = 80 Recall@10: 93.485
L = 80 QPS: 14336.9
L = 100 Mean Latency: 4945.94
L = 100 Tail Latency: 110769
L = 100 Recall@10: 94.755
L = 100 QPS: 11900.1
iteration: 16
num_out_edges: 4595522
mean_out_edges: 36.7639
variance_out_edges: 697.882
max_observed_degree: 83
num_nodes: 125001
deletion_time: 1.77039
num_deleted: 5000
insertion_time: 2.21202
num_inserted: 10000
num_out_edges: 4821519
mean_out_edges: 37.0883
variance_out_edges: 699.295
max_observed_degree: 83
num_nodes: 130001
L = 20 Mean Latency: 1356.1
L = 20 Tail Latency: 63375.7
L = 20 Recall@10: 78.553
L = 20 QPS: 40284.8
L = 40 Mean Latency: 2367.52
L = 40 Tail Latency: 80968.8
L = 40 Recall@10: 87.516
L = 40 QPS: 23077.5
L = 60 Mean Latency: 3295.86
L = 60 Tail Latency: 85951.5
L = 60 Recall@10: 91.266
L = 60 QPS: 18396
L = 80 Mean Latency: 4261.27
L = 80 Tail Latency: 88251.7
L = 80 Recall@10: 93.414
L = 80 QPS: 13707.5
L = 100 Mean Latency: 5060.29
L = 100 Tail Latency: 95171.9
L = 100 Recall@10: 94.708
L = 100 QPS: 11898
iteration: 17
num_out_edges: 4821519
mean_out_edges: 37.0883
variance_out_edges: 699.295
max_observed_degree: 83
num_nodes: 130001
deletion_time: 1.72614
num_deleted: 5000
insertion_time: 2.21917
num_inserted: 10000
num_out_edges: 5058736
mean_out_edges: 37.4718
variance_out_edges: 701.52
max_observed_degree: 83
num_nodes: 135001
L = 20 Mean Latency: 1414.04
L = 20 Tail Latency: 80302.5
L = 20 Recall@10: 78.303
L = 20 QPS: 37741.3
L = 40 Mean Latency: 2410.84
L = 40 Tail Latency: 63211.6
L = 40 Recall@10: 87.262
L = 40 QPS: 24361.3
L = 60 Mean Latency: 3355.68
L = 60 Tail Latency: 129133
L = 60 Recall@10: 91.164
L = 60 QPS: 16956.4
L = 80 Mean Latency: 4394.6
L = 80 Tail Latency: 124873
L = 80 Recall@10: 93.252
L = 80 QPS: 13639.8
L = 100 Mean Latency: 5128.79
L = 100 Tail Latency: 148219
L = 100 Recall@10: 94.586
L = 100 QPS: 12010.6
iteration: 18
num_out_edges: 5058736
mean_out_edges: 37.4718
variance_out_edges: 701.52
max_observed_degree: 83
num_nodes: 135001
deletion_time: 1.75119
num_deleted: 5000
insertion_time: 2.26851
num_inserted: 10000
num_out_edges: 5294061
mean_out_edges: 37.8145
variance_out_edges: 701.699
max_observed_degree: 83
num_nodes: 140001
L = 20 Mean Latency: 1421.53
L = 20 Tail Latency: 73603
L = 20 Recall@10: 78.153
L = 20 QPS: 35611.8
L = 40 Mean Latency: 2432.9
L = 40 Tail Latency: 72701.8
L = 40 Recall@10: 87.064
L = 40 QPS: 23135.8
L = 60 Mean Latency: 3368.21
L = 60 Tail Latency: 84628.4
L = 60 Recall@10: 90.983
L = 60 QPS: 16415.4
L = 80 Mean Latency: 4285.26
L = 80 Tail Latency: 102032
L = 80 Recall@10: 93.054
L = 80 QPS: 14252
L = 100 Mean Latency: 5174.95
L = 100 Tail Latency: 135492
L = 100 Recall@10: 94.407
L = 100 QPS: 11499.8
iteration: 19
num_out_edges: 5294061
mean_out_edges: 37.8145
variance_out_edges: 701.699
max_observed_degree: 83
num_nodes: 140001
deletion_time: 1.83232
num_deleted: 5000
insertion_time: 2.31139
num_inserted: 10000
num_out_edges: 5518795
mean_out_edges: 38.0604
variance_out_edges: 699.449
max_observed_degree: 83
num_nodes: 145001
L = 20 Mean Latency: 1434.79
L = 20 Tail Latency: 46578
L = 20 Recall@10: 77.884
L = 20 QPS: 40150
L = 40 Mean Latency: 2452.45
L = 40 Tail Latency: 108191
L = 40 Recall@10: 86.784
L = 40 QPS: 22231.2
L = 60 Mean Latency: 3451.01
L = 60 Tail Latency: 61026.1
L = 60 Recall@10: 90.711
L = 60 QPS: 17180.5
L = 80 Mean Latency: 4330.99
L = 80 Tail Latency: 133124
L = 80 Recall@10: 92.854
L = 80 QPS: 13882.7
L = 100 Mean Latency: 5411.71
L = 100 Tail Latency: 87348.8
L = 100 Recall@10: 94.25
L = 100 QPS: 10991.1
iteration: 20
num_out_edges: 5518795
mean_out_edges: 38.0604
variance_out_edges: 699.449
max_observed_degree: 83
num_nodes: 145001
deletion_time: 1.80914
num_deleted: 5000
insertion_time: 2.3215
num_inserted: 10000
num_out_edges: 5749845
mean_out_edges: 38.332
variance_out_edges: 699.843
max_observed_degree: 83
num_nodes: 150001
L = 20 Mean Latency: 1426.05
L = 20 Tail Latency: 70214.8
L = 20 Recall@10: 77.735
L = 20 QPS: 38917
L = 40 Mean Latency: 2480.53
L = 40 Tail Latency: 66602.1
L = 40 Recall@10: 86.676
L = 40 QPS: 22984.2
L = 60 Mean Latency: 3460.21
L = 60 Tail Latency: 95185.8
L = 60 Recall@10: 90.549
L = 60 QPS: 17484.5
L = 80 Mean Latency: 4420.34
L = 80 Tail Latency: 103356
L = 80 Recall@10: 92.755
L = 80 QPS: 13195.7
L = 100 Mean Latency: 5346.79
L = 100 Tail Latency: 118616
L = 100 Recall@10: 94.126
L = 100 QPS: 11363.4
