initial_build_time: 110.835
iteration: 1
num_out_edges: 5863294
mean_out_edges: 58.6324
variance_out_edges: 156.798
max_observed_degree: 64
num_nodes: 100001
deletion_time: 18.1801
num_deleted: 5000
insertion_time: 6.95923
num_inserted: 5000
num_out_edges: 6267905
mean_out_edges: 62.6784
variance_out_edges: 158.942
max_observed_degree: 83
num_nodes: 100001
L = 20 Mean Latency: 13029.9
L = 20 Tail Latency: 83730.3
L = 20 Recall@10: 91.75
L = 20 QPS: 4323.07
L = 40 Mean Latency: 20552.9
L = 40 Tail Latency: 78167.3
L = 40 Recall@10: 97.27
L = 40 QPS: 2818.34
L = 60 Mean Latency: 27135.6
L = 60 Tail Latency: 80325.3
L = 60 Recall@10: 98.85
L = 60 QPS: 2228.12
L = 80 Mean Latency: 33182.6
L = 80 Tail Latency: 125095
L = 80 Recall@10: 99.37
L = 80 QPS: 1841.57
L = 100 Mean Latency: 38332.5
L = 100 Tail Latency: 107851
L = 100 Recall@10: 99.7
L = 100 QPS: 1581.67
iteration: 2
num_out_edges: 6267905
mean_out_edges: 62.6784
variance_out_edges: 158.942
max_observed_degree: 83
num_nodes: 100001
deletion_time: 23.182
num_deleted: 5000
insertion_time: 6.86533
num_inserted: 5000
num_out_edges: 6292877
mean_out_edges: 62.9281
variance_out_edges: 151.314
max_observed_degree: 83
num_nodes: 100001
L = 20 Mean Latency: 13097.5
L = 20 Tail Latency: 95309.1
L = 20 Recall@10: 92.17
L = 20 QPS: 4116.19
L = 40 Mean Latency: 20347
L = 40 Tail Latency: 90451.7
L = 40 Recall@10: 97.49
L = 40 QPS: 2875.89
L = 60 Mean Latency: 27177.8
L = 60 Tail Latency: 108559
L = 60 Recall@10: 98.96
L = 60 QPS: 2233.99
L = 80 Mean Latency: 32931.9
L = 80 Tail Latency: 90642.7
L = 80 Recall@10: 99.47
L = 80 QPS: 1820.82
L = 100 Mean Latency: 39000
L = 100 Tail Latency: 124797
L = 100 Recall@10: 99.73
L = 100 QPS: 1504.79
iteration: 3
num_out_edges: 6292877
mean_out_edges: 62.9281
variance_out_edges: 151.314
max_observed_degree: 83
num_nodes: 100001
deletion_time: 22.8565
num_deleted: 5000
insertion_time: 6.87605
num_inserted: 5000
num_out_edges: 6295923
mean_out_edges: 62.9586
variance_out_edges: 150.176
max_observed_degree: 83
num_nodes: 100001
L = 20 Mean Latency: 12701
L = 20 Tail Latency: 67929.3
L = 20 Recall@10: 92.21
L = 20 QPS: 4318.22
L = 40 Mean Latency: 20669.7
L = 40 Tail Latency: 73214.9
L = 40 Recall@10: 97.44
L = 40 QPS: 2897.01
L = 60 Mean Latency: 27122.7
L = 60 Tail Latency: 72396
L = 60 Recall@10: 98.95
L = 60 QPS: 2204.09
L = 80 Mean Latency: 32930.9
L = 80 Tail Latency: 82562.5
L = 80 Recall@10: 99.48
L = 80 QPS: 1846.8
L = 100 Mean Latency: 38825.8
L = 100 Tail Latency: 92605.5
L = 100 Recall@10: 99.73
L = 100 QPS: 1555.79
iteration: 4
num_out_edges: 6295923
mean_out_edges: 62.9586
variance_out_edges: 150.176
max_observed_degree: 83
num_nodes: 100001
deletion_time: 22.9372
num_deleted: 5000
insertion_time: 6.87693
num_inserted: 5000
num_out_edges: 6296026
mean_out_edges: 62.9596
variance_out_edges: 150.147
max_observed_degree: 83
num_nodes: 100001
L = 20 Mean Latency: 13033.3
L = 20 Tail Latency: 82406.1
L = 20 Recall@10: 92.21
L = 20 QPS: 4201.69
L = 40 Mean Latency: 20531.8
L = 40 Tail Latency: 88967.6
L = 40 Recall@10: 97.45
L = 40 QPS: 2865.87
L = 60 Mean Latency: 27162.5
L = 60 Tail Latency: 76392.7
L = 60 Recall@10: 98.95
L = 60 QPS: 2227.08
L = 80 Mean Latency: 32999.2
L = 80 Tail Latency: 82437.5
L = 80 Recall@10: 99.47
L = 80 QPS: 1814.39
L = 100 Mean Latency: 38331.3
L = 100 Tail Latency: 91694
L = 100 Recall@10: 99.73
L = 100 QPS: 1582.12
iteration: 5
num_out_edges: 6296026
mean_out_edges: 62.9596
variance_out_edges: 150.147
max_observed_degree: 83
num_nodes: 100001
deletion_time: 22.4767
num_deleted: 5000
insertion_time: 6.86339
num_inserted: 5000
num_out_edges: 6296053
mean_out_edges: 62.9599
variance_out_edges: 150.119
max_observed_degree: 83
num_nodes: 100001
L = 20 Mean Latency: 13077.6
L = 20 Tail Latency: 122793
L = 20 Recall@10: 92.21
L = 20 QPS: 4231.4
L = 40 Mean Latency: 20388.8
L = 40 Tail Latency: 74417.8
L = 40 Recall@10: 97.45
L = 40 QPS: 2966.42
L = 60 Mean Latency: 27049.1
L = 60 Tail Latency: 96634.4
L = 60 Recall@10: 98.95
L = 60 QPS: 2198.94
L = 80 Mean Latency: 32943.6
L = 80 Tail Latency: 90098.2
L = 80 Recall@10: 99.47
L = 80 QPS: 1859.09
L = 100 Mean Latency: 38220.6
L = 100 Tail Latency: 89189.6
L = 100 Recall@10: 99.73
L = 100 QPS: 1602.86
iteration: 6
num_out_edges: 6296053
mean_out_edges: 62.9599
variance_out_edges: 150.119
max_observed_degree: 83
num_nodes: 100001
deletion_time: 23.3667
num_deleted: 5000
insertion_time: 6.86522
num_inserted: 5000
num_out_edges: 6296112
mean_out_edges: 62.9605
variance_out_edges: 150.135
max_observed_degree: 83
num_nodes: 100001
L = 20 Mean Latency: 12995.2
L = 20 Tail Latency: 118836
L = 20 Recall@10: 92.21
L = 20 QPS: 4138.14
L = 40 Mean Latency: 20526
L = 40 Tail Latency: 80988.6
L = 40 Recall@10: 97.44
L = 40 QPS: 2884.91
L = 60 Mean Latency: 27220
L = 60 Tail Latency: 129151
L = 60 Recall@10: 98.95
L = 60 QPS: 2220.59
L = 80 Mean Latency: 33003.2
L = 80 Tail Latency: 87249.8
L = 80 Recall@10: 99.46
L = 80 QPS: 1809
L = 100 Mean Latency: 38392.2
L = 100 Tail Latency: 89933.1
L = 100 Recall@10: 99.73
L = 100 QPS: 1556.48
iteration: 7
num_out_edges: 6296112
mean_out_edges: 62.9605
variance_out_edges: 150.135
max_observed_degree: 83
num_nodes: 100001
deletion_time: 22.7297
num_deleted: 5000
insertion_time: 6.86858
num_inserted: 5000
num_out_edges: 6296128
mean_out_edges: 62.9607
variance_out_edges: 150.111
max_observed_degree: 83
num_nodes: 100001
L = 20 Mean Latency: 13073.1
L = 20 Tail Latency: 88459
L = 20 Recall@10: 92.21
L = 20 QPS: 4275.5
L = 40 Mean Latency: 20621.2
L = 40 Tail Latency: 64330
L = 40 Recall@10: 97.48
L = 40 QPS: 2893.25
L = 60 Mean Latency: 27047.2
L = 60 Tail Latency: 90852.2
L = 60 Recall@10: 98.95
L = 60 QPS: 2250.55
L = 80 Mean Latency: 32977.1
L = 80 Tail Latency: 97884.9
L = 80 Recall@10: 99.47
L = 80 QPS: 1832.96
L = 100 Mean Latency: 38335.3
L = 100 Tail Latency: 97201.5
L = 100 Recall@10: 99.73
L = 100 QPS: 1590.16
iteration: 8
num_out_edges: 6296128
mean_out_edges: 62.9607
variance_out_edges: 150.111
max_observed_degree: 83
num_nodes: 100001
deletion_time: 22.0051
num_deleted: 5000
insertion_time: 6.85851
num_inserted: 5000
num_out_edges: 6296090
mean_out_edges: 62.9603
variance_out_edges: 150.093
max_observed_degree: 83
num_nodes: 100001
L = 20 Mean Latency: 12716.4
L = 20 Tail Latency: 121793
L = 20 Recall@10: 92.2
L = 20 QPS: 4304.66
L = 40 Mean Latency: 20694.4
L = 40 Tail Latency: 79065.8
L = 40 Recall@10: 97.45
L = 40 QPS: 2842.97
L = 60 Mean Latency: 27216.3
L = 60 Tail Latency: 74379.2
L = 60 Recall@10: 98.96
L = 60 QPS: 2225.26
L = 80 Mean Latency: 32949.9
L = 80 Tail Latency: 106437
L = 80 Recall@10: 99.46
L = 80 QPS: 1848.38
L = 100 Mean Latency: 38651.1
L = 100 Tail Latency: 94881.9
L = 100 Recall@10: 99.73
L = 100 QPS: 1567.81
iteration: 9
num_out_edges: 6296090
mean_out_edges: 62.9603
variance_out_edges: 150.093
max_observed_degree: 83
num_nodes: 100001
deletion_time: 22.0516
num_deleted: 5000
insertion_time: 6.88218
num_inserted: 5000
num_out_edges: 6296250
mean_out_edges: 62.9619
variance_out_edges: 150.125
max_observed_degree: 83
num_nodes: 100001
L = 20 Mean Latency: 13228.5
L = 20 Tail Latency: 66587.6
L = 20 Recall@10: 92.18
L = 20 QPS: 4328.32
L = 40 Mean Latency: 20771.6
L = 40 Tail Latency: 73840.3
L = 40 Recall@10: 97.45
L = 40 QPS: 2920.86
L = 60 Mean Latency: 27056.1
L = 60 Tail Latency: 90965.2
L = 60 Recall@10: 98.94
L = 60 QPS: 2242.04
L = 80 Mean Latency: 33003.7
L = 80 Tail Latency: 86500.4
L = 80 Recall@10: 99.46
L = 80 QPS: 1831.28
L = 100 Mean Latency: 39917.7
L = 100 Tail Latency: 97057.7
L = 100 Recall@10: 99.73
L = 100 QPS: 1544.94
iteration: 10
num_out_edges: 6296250
mean_out_edges: 62.9619
variance_out_edges: 150.125
max_observed_degree: 83
num_nodes: 100001
deletion_time: 22.1458
num_deleted: 5000
insertion_time: 6.8581
num_inserted: 5000
num_out_edges: 6296139
mean_out_edges: 62.9608
variance_out_edges: 150.073
max_observed_degree: 83
num_nodes: 100001
L = 20 Mean Latency: 12740
L = 20 Tail Latency: 83638.5
L = 20 Recall@10: 92.2
L = 20 QPS: 4232.3
L = 40 Mean Latency: 20283.2
L = 40 Tail Latency: 76595
L = 40 Recall@10: 97.45
L = 40 QPS: 2919.3
L = 60 Mean Latency: 27054.8
L = 60 Tail Latency: 69116.6
L = 60 Recall@10: 98.95
L = 60 QPS: 2234.1
L = 80 Mean Latency: 32909.7
L = 80 Tail Latency: 104851
L = 80 Recall@10: 99.46
L = 80 QPS: 1846.36
L = 100 Mean Latency: 38331.9
L = 100 Tail Latency: 92351.9
L = 100 Recall@10: 99.73
L = 100 QPS: 1577.03
iteration: 11
num_out_edges: 6296139
mean_out_edges: 62.9608
variance_out_edges: 150.073
max_observed_degree: 83
num_nodes: 100001
deletion_time: 22.7638
num_deleted: 5000
insertion_time: 6.86472
num_inserted: 5000
num_out_edges: 6296235
mean_out_edges: 62.9617
variance_out_edges: 150.087
max_observed_degree: 83
num_nodes: 100001
L = 20 Mean Latency: 13277.8
L = 20 Tail Latency: 106279
L = 20 Recall@10: 92.19
L = 20 QPS: 3796.04
L = 40 Mean Latency: 20514.5
L = 40 Tail Latency: 71226.5
L = 40 Recall@10: 97.46
L = 40 QPS: 2901.91
L = 60 Mean Latency: 27974
L = 60 Tail Latency: 94892.6
L = 60 Recall@10: 98.95
L = 60 QPS: 2160.76
L = 80 Mean Latency: 32874.8
L = 80 Tail Latency: 106357
L = 80 Recall@10: 99.47
L = 80 QPS: 1835.48
L = 100 Mean Latency: 38430.2
L = 100 Tail Latency: 95707.9
L = 100 Recall@10: 99.73
L = 100 QPS: 1579.69
iteration: 12
num_out_edges: 6296235
mean_out_edges: 62.9617
variance_out_edges: 150.087
max_observed_degree: 83
num_nodes: 100001
deletion_time: 22.781
num_deleted: 5000
insertion_time: 6.88388
num_inserted: 5000
num_out_edges: 6296300
mean_out_edges: 62.9624
variance_out_edges: 150.089
max_observed_degree: 83
num_nodes: 100001
L = 20 Mean Latency: 12629.2
L = 20 Tail Latency: 90297.9
L = 20 Recall@10: 92.2
L = 20 QPS: 4154.38
L = 40 Mean Latency: 20486.1
L = 40 Tail Latency: 65899.7
L = 40 Recall@10: 97.46
L = 40 QPS: 2898.33
L = 60 Mean Latency: 26912.2
L = 60 Tail Latency: 65029.9
L = 60 Recall@10: 98.96
L = 60 QPS: 2253.3
L = 80 Mean Latency: 32891.3
L = 80 Tail Latency: 108877
L = 80 Recall@10: 99.46
L = 80 QPS: 1836.7
L = 100 Mean Latency: 38311.4
L = 100 Tail Latency: 88079.8
L = 100 Recall@10: 99.73
L = 100 QPS: 1601.56
iteration: 13
num_out_edges: 6296300
mean_out_edges: 62.9624
variance_out_edges: 150.089
max_observed_degree: 83
num_nodes: 100001
deletion_time: 22.3002
num_deleted: 5000
insertion_time: 6.86453
num_inserted: 5000
num_out_edges: 6296303
mean_out_edges: 62.9624
variance_out_edges: 150.05
max_observed_degree: 83
num_nodes: 100001
L = 20 Mean Latency: 12725.9
L = 20 Tail Latency: 71237
L = 20 Recall@10: 92.22
L = 20 QPS: 4296.18
L = 40 Mean Latency: 20536.5
L = 40 Tail Latency: 60665.1
L = 40 Recall@10: 97.47
L = 40 QPS: 2874.02
L = 60 Mean Latency: 27050
L = 60 Tail Latency: 69889.7
L = 60 Recall@10: 98.95
L = 60 QPS: 2197.5
L = 80 Mean Latency: 32825.9
L = 80 Tail Latency: 118900
L = 80 Recall@10: 99.46
L = 80 QPS: 1858.06
L = 100 Mean Latency: 38461.5
L = 100 Tail Latency: 107240
L = 100 Recall@10: 99.73
L = 100 QPS: 1598.35
iteration: 14
num_out_edges: 6296303
mean_out_edges: 62.9624
variance_out_edges: 150.05
max_observed_degree: 83
num_nodes: 100001
deletion_time: 23.7723
num_deleted: 5000
insertion_time: 6.86497
num_inserted: 5000
num_out_edges: 6296449
mean_out_edges: 62.9639
variance_out_edges: 150.043
max_observed_degree: 83
num_nodes: 100001
L = 20 Mean Latency: 12686.8
L = 20 Tail Latency: 74707.6
L = 20 Recall@10: 92.2
L = 20 QPS: 4266.15
L = 40 Mean Latency: 20641.7
L = 40 Tail Latency: 106350
L = 40 Recall@10: 97.45
L = 40 QPS: 2832.68
L = 60 Mean Latency: 27238.2
L = 60 Tail Latency: 76579.6
L = 60 Recall@10: 98.95
L = 60 QPS: 2219.73
L = 80 Mean Latency: 33972.3
L = 80 Tail Latency: 109282
L = 80 Recall@10: 99.47
L = 80 QPS: 1772.85
L = 100 Mean Latency: 38361.5
L = 100 Tail Latency: 90125.7
L = 100 Recall@10: 99.73
L = 100 QPS: 1594.44
iteration: 15
num_out_edges: 6296449
mean_out_edges: 62.9639
variance_out_edges: 150.043
max_observed_degree: 83
num_nodes: 100001
deletion_time: 22.1622
num_deleted: 5000
insertion_time: 6.87595
num_inserted: 5000
num_out_edges: 6296165
mean_out_edges: 62.961
variance_out_edges: 150.076
max_observed_degree: 83
num_nodes: 100001
L = 20 Mean Latency: 12731.7
L = 20 Tail Latency: 79187.2
L = 20 Recall@10: 92.21
L = 20 QPS: 4240.78
L = 40 Mean Latency: 20598.9
L = 40 Tail Latency: 93855.8
L = 40 Recall@10: 97.46
L = 40 QPS: 2856.08
L = 60 Mean Latency: 26604
L = 60 Tail Latency: 80599.8
L = 60 Recall@10: 98.96
L = 60 QPS: 2194.6
L = 80 Mean Latency: 33042.7
L = 80 Tail Latency: 86059.3
L = 80 Recall@10: 99.47
L = 80 QPS: 1787.49
L = 100 Mean Latency: 38506.2
L = 100 Tail Latency: 107370
L = 100 Recall@10: 99.73
L = 100 QPS: 1562.88
