initial_build_time: 110.432
iteration: 1
num_out_edges: 5862192
mean_out_edges: 58.6213
variance_out_edges: 157.128
max_observed_degree: 64
num_nodes: 100001
deletion_time: 3.58266
num_deleted: 1000
insertion_time: 1.43832
num_inserted: 1000
num_out_edges: 5939777
mean_out_edges: 59.3972
variance_out_edges: 159.774
max_observed_degree: 80
num_nodes: 100001
L = 20 Mean Latency: 12323.9
L = 20 Tail Latency: 92330.6
L = 20 Recall@10: 91.11
L = 20 QPS: 4509.07
L = 40 Mean Latency: 19308.9
L = 40 Tail Latency: 88993.5
L = 40 Recall@10: 97.15
L = 40 QPS: 3018.98
L = 60 Mean Latency: 25584.1
L = 60 Tail Latency: 89795.3
L = 60 Recall@10: 98.73
L = 60 QPS: 2342.89
L = 80 Mean Latency: 31297.8
L = 80 Tail Latency: 85947
L = 80 Recall@10: 99.29
L = 80 QPS: 1936.54
L = 100 Mean Latency: 36616.9
L = 100 Tail Latency: 87042.1
L = 100 Recall@10: 99.64
L = 100 QPS: 1674.48
iteration: 2
num_out_edges: 5939777
mean_out_edges: 59.3972
variance_out_edges: 159.774
max_observed_degree: 80
num_nodes: 100001
deletion_time: 4.33612
num_deleted: 1000
insertion_time: 1.41072
num_inserted: 1000
num_out_edges: 5945337
mean_out_edges: 59.4528
variance_out_edges: 158.692
max_observed_degree: 80
num_nodes: 100001
L = 20 Mean Latency: 12189
L = 20 Tail Latency: 103067
L = 20 Recall@10: 91.14
L = 20 QPS: 4436.19
L = 40 Mean Latency: 19644.1
L = 40 Tail Latency: 105288
L = 40 Recall@10: 97.04
L = 40 QPS: 2957.7
L = 60 Mean Latency: 25737.9
L = 60 Tail Latency: 76971.1
L = 60 Recall@10: 98.72
L = 60 QPS: 2360.7
L = 80 Mean Latency: 30971.2
L = 80 Tail Latency: 102457
L = 80 Recall@10: 99.3
L = 80 QPS: 1963.66
L = 100 Mean Latency: 36518.5
L = 100 Tail Latency: 144770
L = 100 Recall@10: 99.67
L = 100 QPS: 1672.87
iteration: 3
num_out_edges: 5945337
mean_out_edges: 59.4528
variance_out_edges: 158.692
max_observed_degree: 80
num_nodes: 100001
deletion_time: 4.37997
num_deleted: 1000
insertion_time: 1.42931
num_inserted: 1000
num_out_edges: 5946702
mean_out_edges: 59.4664
variance_out_edges: 158.348
max_observed_degree: 80
num_nodes: 100001
L = 20 Mean Latency: 12577.6
L = 20 Tail Latency: 76376.2
L = 20 Recall@10: 91.13
L = 20 QPS: 4434.11
L = 40 Mean Latency: 19214.9
L = 40 Tail Latency: 80613.8
L = 40 Recall@10: 97.03
L = 40 QPS: 2967.43
L = 60 Mean Latency: 25676.5
L = 60 Tail Latency: 78476.7
L = 60 Recall@10: 98.71
L = 60 QPS: 2385.59
L = 80 Mean Latency: 31351.3
L = 80 Tail Latency: 77655.9
L = 80 Recall@10: 99.3
L = 80 QPS: 1909.49
L = 100 Mean Latency: 36634.8
L = 100 Tail Latency: 122714
L = 100 Recall@10: 99.67
L = 100 QPS: 1663.57
iteration: 4
num_out_edges: 5946702
mean_out_edges: 59.4664
variance_out_edges: 158.348
max_observed_degree: 80
num_nodes: 100001
deletion_time: 4.32416
num_deleted: 1000
insertion_time: 1.42745
num_inserted: 1000
num_out_edges: 5946785
mean_out_edges: 59.4673
variance_out_edges: 158.324
max_observed_degree: 80
num_nodes: 100001
L = 20 Mean Latency: 12240.2
L = 20 Tail Latency: 79508.4
L = 20 Recall@10: 91.12
L = 20 QPS: 4532.01
L = 40 Mean Latency: 19472.6
L = 40 Tail Latency: 85357.1
L = 40 Recall@10: 97.02
L = 40 QPS: 3056.88
L = 60 Mean Latency: 25603.4
L = 60 Tail Latency: 70500.5
L = 60 Recall@10: 98.71
L = 60 QPS: 2341.67
L = 80 Mean Latency: 31455.5
L = 80 Tail Latency: 123228
L = 80 Recall@10: 99.3
L = 80 QPS: 1689.98
L = 100 Mean Latency: 36522.3
L = 100 Tail Latency: 99708
L = 100 Recall@10: 99.67
L = 100 QPS: 1674.84
iteration: 5
num_out_edges: 5946785
mean_out_edges: 59.4673
variance_out_edges: 158.324
max_observed_degree: 80
num_nodes: 100001
deletion_time: 4.26071
num_deleted: 1000
insertion_time: 1.42087
num_inserted: 1000
num_out_edges: 5946812
mean_out_edges: 59.4675
variance_out_edges: 158.325
max_observed_degree: 81
num_nodes: 100001
L = 20 Mean Latency: 12065.3
L = 20 Tail Latency: 116362
L = 20 Recall@10: 91.09
L = 20 QPS: 4451.6
L = 40 Mean Latency: 19263.9
L = 40 Tail Latency: 88942.6
L = 40 Recall@10: 97.01
L = 40 QPS: 2890.49
L = 60 Mean Latency: 25529.3
L = 60 Tail Latency: 69375
L = 60 Recall@10: 98.71
L = 60 QPS: 2376.33
L = 80 Mean Latency: 31268.9
L = 80 Tail Latency: 86062.5
L = 80 Recall@10: 99.3
L = 80 QPS: 1957.61
L = 100 Mean Latency: 36648.3
L = 100 Tail Latency: 92187.1
L = 100 Recall@10: 99.67
L = 100 QPS: 1672.98
iteration: 6
num_out_edges: 5946812
mean_out_edges: 59.4675
variance_out_edges: 158.325
max_observed_degree: 81
num_nodes: 100001
deletion_time: 4.30029
num_deleted: 1000
insertion_time: 1.42089
num_inserted: 1000
num_out_edges: 5946710
mean_out_edges: 59.4665
variance_out_edges: 158.354
max_observed_degree: 80
num_nodes: 100001
L = 20 Mean Latency: 12222.5
L = 20 Tail Latency: 107619
L = 20 Recall@10: 91.08
L = 20 QPS: 4579.31
L = 40 Mean Latency: 20491.9
L = 40 Tail Latency: 73546.7
L = 40 Recall@10: 97.01
L = 40 QPS: 2891.27
L = 60 Mean Latency: 27109
L = 60 Tail Latency: 100023
L = 60 Recall@10: 98.71
L = 60 QPS: 2254.82
L = 80 Mean Latency: 31192.3
L = 80 Tail Latency: 109793
L = 80 Recall@10: 99.3
L = 80 QPS: 1935.11
L = 100 Mean Latency: 36579.3
L = 100 Tail Latency: 95768
L = 100 Recall@10: 99.67
L = 100 QPS: 1672.98
iteration: 7
num_out_edges: 5946710
mean_out_edges: 59.4665
variance_out_edges: 158.354
max_observed_degree: 80
num_nodes: 100001
deletion_time: 4.37061
num_deleted: 1000
insertion_time: 1.42104
num_inserted: 1000
num_out_edges: 5946816
mean_out_edges: 59.4676
variance_out_edges: 158.332
max_observed_degree: 80
num_nodes: 100001
L = 20 Mean Latency: 12487.8
L = 20 Tail Latency: 83871.5
L = 20 Recall@10: 91.08
L = 20 QPS: 4405.13
L = 40 Mean Latency: 19490.2
L = 40 Tail Latency: 141082
L = 40 Recall@10: 97.01
L = 40 QPS: 3022.97
L = 60 Mean Latency: 25662.9
L = 60 Tail Latency: 72091.1
L = 60 Recall@10: 98.71
L = 60 QPS: 2351.63
L = 80 Mean Latency: 31219.8
L = 80 Tail Latency: 82222.6
L = 80 Recall@10: 99.3
L = 80 QPS: 1813.3
L = 100 Mean Latency: 36727.6
L = 100 Tail Latency: 91168.5
L = 100 Recall@10: 99.67
L = 100 QPS: 1680.31
iteration: 8
num_out_edges: 5946816
mean_out_edges: 59.4676
variance_out_edges: 158.332
max_observed_degree: 80
num_nodes: 100001
deletion_time: 4.29841
num_deleted: 1000
insertion_time: 1.41915
num_inserted: 1000
num_out_edges: 5946790
mean_out_edges: 59.4673
variance_out_edges: 158.337
max_observed_degree: 80
num_nodes: 100001
L = 20 Mean Latency: 11930.7
L = 20 Tail Latency: 67945.1
L = 20 Recall@10: 91.08
L = 20 QPS: 4431.51
L = 40 Mean Latency: 19251
L = 40 Tail Latency: 65509.6
L = 40 Recall@10: 97.01
L = 40 QPS: 3048.72
L = 60 Mean Latency: 25565.2
L = 60 Tail Latency: 86224.2
L = 60 Recall@10: 98.71
L = 60 QPS: 2364.56
L = 80 Mean Latency: 31350.6
L = 80 Tail Latency: 86472.1
L = 80 Recall@10: 99.3
L = 80 QPS: 1959.2
L = 100 Mean Latency: 36922.6
L = 100 Tail Latency: 91627.5
L = 100 Recall@10: 99.67
L = 100 QPS: 1648.61
iteration: 9
num_out_edges: 5946790
mean_out_edges: 59.4673
variance_out_edges: 158.337
max_observed_degree: 80
num_nodes: 100001
deletion_time: 4.35862
num_deleted: 1000
insertion_time: 1.41386
num_inserted: 1000
num_out_edges: 5946831
mean_out_edges: 59.4677
variance_out_edges: 158.331
max_observed_degree: 83
num_nodes: 100001
L = 20 Mean Latency: 12114.8
L = 20 Tail Latency: 63435.8
L = 20 Recall@10: 91.08
L = 20 QPS: 4508.36
L = 40 Mean Latency: 19345.8
L = 40 Tail Latency: 61753.5
L = 40 Recall@10: 97.01
L = 40 QPS: 3066.1
L = 60 Mean Latency: 25597.4
L = 60 Tail Latency: 79047.2
L = 60 Recall@10: 98.71
L = 60 QPS: 2358.37
L = 80 Mean Latency: 32071.5
L = 80 Tail Latency: 108547
L = 80 Recall@10: 99.3
L = 80 QPS: 1881.61
L = 100 Mean Latency: 36684.8
L = 100 Tail Latency: 95590.9
L = 100 Recall@10: 99.67
L = 100 QPS: 1659.47
iteration: 10
num_out_edges: 5946831
mean_out_edges: 59.4677
variance_out_edges: 158.331
max_observed_degree: 83
num_nodes: 100001
deletion_time: 4.38094
num_deleted: 1000
insertion_time: 1.41442
num_inserted: 1000
num_out_edges: 5946874
mean_out_edges: 59.4681
variance_out_edges: 158.321
max_observed_degree: 82
num_nodes: 100001
L = 20 Mean Latency: 12367
L = 20 Tail Latency: 91041.9
L = 20 Recall@10: 91.09
L = 20 QPS: 4348.56
L = 40 Mean Latency: 20142
L = 40 Tail Latency: 70122.7
L = 40 Recall@10: 97.01
L = 40 QPS: 2978.16
L = 60 Mean Latency: 25683.4
L = 60 Tail Latency: 92480.4
L = 60 Recall@10: 98.71
L = 60 QPS: 2383.15
L = 80 Mean Latency: 31235.3
L = 80 Tail Latency: 97309.5
L = 80 Recall@10: 99.3
L = 80 QPS: 1933.97
L = 100 Mean Latency: 36796
L = 100 Tail Latency: 91633.1
L = 100 Recall@10: 99.67
L = 100 QPS: 1663.94
iteration: 11
num_out_edges: 5946874
mean_out_edges: 59.4681
variance_out_edges: 158.321
max_observed_degree: 82
num_nodes: 100001
deletion_time: 4.30394
num_deleted: 1000
insertion_time: 1.41367
num_inserted: 1000
num_out_edges: 5946789
mean_out_edges: 59.4673
variance_out_edges: 158.323
max_observed_degree: 80
num_nodes: 100001
L = 20 Mean Latency: 11915.1
L = 20 Tail Latency: 76325.1
L = 20 Recall@10: 91.08
L = 20 QPS: 4557.59
L = 40 Mean Latency: 19769.7
L = 40 Tail Latency: 99854.3
L = 40 Recall@10: 97.01
L = 40 QPS: 2776.02
L = 60 Mean Latency: 25648.5
L = 60 Tail Latency: 67598.8
L = 60 Recall@10: 98.71
L = 60 QPS: 2371.24
L = 80 Mean Latency: 31334.6
L = 80 Tail Latency: 88896.8
L = 80 Recall@10: 99.3
L = 80 QPS: 1947.81
L = 100 Mean Latency: 36676.4
L = 100 Tail Latency: 93755.2
L = 100 Recall@10: 99.67
L = 100 QPS: 1666.09
iteration: 12
num_out_edges: 5946789
mean_out_edges: 59.4673
variance_out_edges: 158.323
max_observed_degree: 80
num_nodes: 100001
deletion_time: 4.31382
num_deleted: 1000
insertion_time: 1.4196
num_inserted: 1000
num_out_edges: 5946810
mean_out_edges: 59.4675
variance_out_edges: 158.334
max_observed_degree: 80
num_nodes: 100001
L = 20 Mean Latency: 12349
L = 20 Tail Latency: 139371
L = 20 Recall@10: 91.08
L = 20 QPS: 4473.08
L = 40 Mean Latency: 19473.6
L = 40 Tail Latency: 76841
L = 40 Recall@10: 97.01
L = 40 QPS: 2959.26
L = 60 Mean Latency: 25663.7
L = 60 Tail Latency: 74766.6
L = 60 Recall@10: 98.71
L = 60 QPS: 2336.16
L = 80 Mean Latency: 31211.2
L = 80 Tail Latency: 113467
L = 80 Recall@10: 99.3
L = 80 QPS: 1974.64
L = 100 Mean Latency: 36477.3
L = 100 Tail Latency: 112832
L = 100 Recall@10: 99.67
L = 100 QPS: 1673.07
iteration: 13
num_out_edges: 5946810
mean_out_edges: 59.4675
variance_out_edges: 158.334
max_observed_degree: 80
num_nodes: 100001
deletion_time: 4.32038
num_deleted: 1000
insertion_time: 1.41072
num_inserted: 1000
num_out_edges: 5946859
mean_out_edges: 59.468
variance_out_edges: 158.325
max_observed_degree: 80
num_nodes: 100001
L = 20 Mean Latency: 12480.8
L = 20 Tail Latency: 90968.1
L = 20 Recall@10: 91.09
L = 20 QPS: 4232.38
L = 40 Mean Latency: 19449.9
L = 40 Tail Latency: 82193.8
L = 40 Recall@10: 97.01
L = 40 QPS: 2865.7
L = 60 Mean Latency: 25474.7
L = 60 Tail Latency: 68018.6
L = 60 Recall@10: 98.71
L = 60 QPS: 2336.98
L = 80 Mean Latency: 31335.4
L = 80 Tail Latency: 93915.3
L = 80 Recall@10: 99.3
L = 80 QPS: 1941.81
L = 100 Mean Latency: 36625.7
L = 100 Tail Latency: 108978
L = 100 Recall@10: 99.67
L = 100 QPS: 1678.51
iteration: 14
num_out_edges: 5946859
mean_out_edges: 59.468
variance_out_edges: 158.325
max_observed_degree: 80
num_nodes: 100001
deletion_time: 4.21979
num_deleted: 1000
insertion_time: 1.42056
num_inserted: 1000
num_out_edges: 5946801
mean_out_edges: 59.4674
variance_out_edges: 158.337
max_observed_degree: 80
num_nodes: 100001
L = 20 Mean Latency: 12328.2
L = 20 Tail Latency: 82723.6
L = 20 Recall@10: 91.09
L = 20 QPS: 4105.77
L = 40 Mean Latency: 19467.5
L = 40 Tail Latency: 88384.2
L = 40 Recall@10: 97.01
L = 40 QPS: 3067.78
L = 60 Mean Latency: 25629.3
L = 60 Tail Latency: 83241
L = 60 Recall@10: 98.71
L = 60 QPS: 2351.02
L = 80 Mean Latency: 31348.4
L = 80 Tail Latency: 100314
L = 80 Recall@10: 99.3
L = 80 QPS: 1937.55
L = 100 Mean Latency: 36482.2
L = 100 Tail Latency: 92012.6
L = 100 Recall@10: 99.67
L = 100 QPS: 1677.76
iteration: 15
num_out_edges: 5946801
mean_out_edges: 59.4674
variance_out_edges: 158.337
max_observed_degree: 80
num_nodes: 100001
deletion_time: 4.28768
num_deleted: 1000
insertion_time: 1.41806
num_inserted: 1000
num_out_edges: 5946817
mean_out_edges: 59.4676
variance_out_edges: 158.333
max_observed_degree: 80
num_nodes: 100001
L = 20 Mean Latency: 12683.5
L = 20 Tail Latency: 76772.8
L = 20 Recall@10: 91.09
L = 20 QPS: 4624.18
L = 40 Mean Latency: 19440.9
L = 40 Tail Latency: 101680
L = 40 Recall@10: 97.01
L = 40 QPS: 2886.35
L = 60 Mean Latency: 25254.7
L = 60 Tail Latency: 82732.4
L = 60 Recall@10: 98.71
L = 60 QPS: 2324.28
L = 80 Mean Latency: 31281
L = 80 Tail Latency: 97715.8
L = 80 Recall@10: 99.3
L = 80 QPS: 1945.45
L = 100 Mean Latency: 36583.8
L = 100 Tail Latency: 104872
L = 100 Recall@10: 99.67
L = 100 QPS: 1659.11
