initial_build_time: 112.715
iteration: 1
num_out_edges: 5862995
mean_out_edges: 58.6294
variance_out_edges: 156.854
max_observed_degree: 64
num_nodes: 100001
deletion_time: 3.774
num_deleted: 1000
insertion_time: 1.45576
num_inserted: 1000
num_out_edges: 5940304
mean_out_edges: 59.4024
variance_out_edges: 159.583
max_observed_degree: 80
num_nodes: 100001
L = 20 Mean Latency: 12276.9
L = 20 Tail Latency: 61200.7
L = 20 Recall@10: 91.42
L = 20 QPS: 4365.41
L = 40 Mean Latency: 19418.8
L = 40 Tail Latency: 76980.7
L = 40 Recall@10: 97.16
L = 40 QPS: 3044.5
L = 60 Mean Latency: 25439.5
L = 60 Tail Latency: 72566
L = 60 Recall@10: 98.71
L = 60 QPS: 2362.77
L = 80 Mean Latency: 31102.7
L = 80 Tail Latency: 85256.9
L = 80 Recall@10: 99.32
L = 80 QPS: 1949.12
L = 100 Mean Latency: 36401.3
L = 100 Tail Latency: 99504.2
L = 100 Recall@10: 99.67
L = 100 QPS: 1628.08
iteration: 2
num_out_edges: 5940304
mean_out_edges: 59.4024
variance_out_edges: 159.583
max_observed_degree: 80
num_nodes: 100001
deletion_time: 4.4036
num_deleted: 1000
insertion_time: 1.45264
num_inserted: 1000
num_out_edges: 5945584
mean_out_edges: 59.4552
variance_out_edges: 158.594
max_observed_degree: 80
num_nodes: 100001
L = 20 Mean Latency: 12188.2
L = 20 Tail Latency: 95426
L = 20 Recall@10: 91.51
L = 20 QPS: 4431.42
L = 40 Mean Latency: 19340.3
L = 40 Tail Latency: 99824.7
L = 40 Recall@10: 97.23
L = 40 QPS: 3060.99
L = 60 Mean Latency: 25681.2
L = 60 Tail Latency: 94112.4
L = 60 Recall@10: 98.76
L = 60 QPS: 2287.26
L = 80 Mean Latency: 31159.3
L = 80 Tail Latency: 90248.8
L = 80 Recall@10: 99.36
L = 80 QPS: 1930.85
L = 100 Mean Latency: 36601.7
L = 100 Tail Latency: 109270
L = 100 Recall@10: 99.7
L = 100 QPS: 1655.12
iteration: 3
num_out_edges: 5945584
mean_out_edges: 59.4552
variance_out_edges: 158.594
max_observed_degree: 80
num_nodes: 100001
deletion_time: 4.46669
num_deleted: 1000
insertion_time: 1.47725
num_inserted: 1000
num_out_edges: 5946926
mean_out_edges: 59.4687
variance_out_edges: 158.248
max_observed_degree: 80
num_nodes: 100001
L = 20 Mean Latency: 11916.8
L = 20 Tail Latency: 95420
L = 20 Recall@10: 91.51
L = 20 QPS: 4629.01
L = 40 Mean Latency: 19568.5
L = 40 Tail Latency: 61916.9
L = 40 Recall@10: 97.22
L = 40 QPS: 3081.03
L = 60 Mean Latency: 25604
L = 60 Tail Latency: 73414.8
L = 60 Recall@10: 98.76
L = 60 QPS: 2338.57
L = 80 Mean Latency: 31236.6
L = 80 Tail Latency: 88766.2
L = 80 Recall@10: 99.36
L = 80 QPS: 1940.38
L = 100 Mean Latency: 36546.8
L = 100 Tail Latency: 91002
L = 100 Recall@10: 99.7
L = 100 QPS: 1695.12
iteration: 4
num_out_edges: 5946926
mean_out_edges: 59.4687
variance_out_edges: 158.248
max_observed_degree: 80
num_nodes: 100001
deletion_time: 4.37362
num_deleted: 1000
insertion_time: 1.45437
num_inserted: 1000
num_out_edges: 5946949
mean_out_edges: 59.4689
variance_out_edges: 158.24
max_observed_degree: 80
num_nodes: 100001
L = 20 Mean Latency: 11861
L = 20 Tail Latency: 84017.7
L = 20 Recall@10: 91.51
L = 20 QPS: 4380.05
L = 40 Mean Latency: 19340.4
L = 40 Tail Latency: 92288.6
L = 40 Recall@10: 97.22
L = 40 QPS: 3028.7
L = 60 Mean Latency: 25705.5
L = 60 Tail Latency: 87593.1
L = 60 Recall@10: 98.76
L = 60 QPS: 2361.88
L = 80 Mean Latency: 31292.1
L = 80 Tail Latency: 89878.5
L = 80 Recall@10: 99.36
L = 80 QPS: 1959.23
L = 100 Mean Latency: 36607.1
L = 100 Tail Latency: 137139
L = 100 Recall@10: 99.7
L = 100 QPS: 1657.65
iteration: 5
num_out_edges: 5946949
mean_out_edges: 59.4689
variance_out_edges: 158.24
max_observed_degree: 80
num_nodes: 100001
deletion_time: 4.35854
num_deleted: 1000
insertion_time: 1.46507
num_inserted: 1000
num_out_edges: 5947036
mean_out_edges: 59.4698
variance_out_edges: 158.22
max_observed_degree: 81
num_nodes: 100001
L = 20 Mean Latency: 11949
L = 20 Tail Latency: 74328.8
L = 20 Recall@10: 91.51
L = 20 QPS: 4497.17
L = 40 Mean Latency: 19269.8
L = 40 Tail Latency: 68727.8
L = 40 Recall@10: 97.22
L = 40 QPS: 3031.16
L = 60 Mean Latency: 25620.7
L = 60 Tail Latency: 86636.1
L = 60 Recall@10: 98.76
L = 60 QPS: 2350.6
L = 80 Mean Latency: 31251.7
L = 80 Tail Latency: 92561.1
L = 80 Recall@10: 99.36
L = 80 QPS: 1966.69
L = 100 Mean Latency: 36580.2
L = 100 Tail Latency: 92076.4
L = 100 Recall@10: 99.7
L = 100 QPS: 1668.14
iteration: 6
num_out_edges: 5947036
mean_out_edges: 59.4698
variance_out_edges: 158.22
max_observed_degree: 81
num_nodes: 100001
deletion_time: 4.36048
num_deleted: 1000
insertion_time: 1.47425
num_inserted: 1000
num_out_edges: 5946988
mean_out_edges: 59.4693
variance_out_edges: 158.231
max_observed_degree: 80
num_nodes: 100001
L = 20 Mean Latency: 12825.4
L = 20 Tail Latency: 98456.7
L = 20 Recall@10: 91.53
L = 20 QPS: 4406.96
L = 40 Mean Latency: 19415.6
L = 40 Tail Latency: 61067.1
L = 40 Recall@10: 97.23
L = 40 QPS: 3051.43
L = 60 Mean Latency: 25703.4
L = 60 Tail Latency: 71437.9
L = 60 Recall@10: 98.76
L = 60 QPS: 2308.79
L = 80 Mean Latency: 31165.3
L = 80 Tail Latency: 93581.6
L = 80 Recall@10: 99.36
L = 80 QPS: 1932.67
L = 100 Mean Latency: 36439.3
L = 100 Tail Latency: 90744.8
L = 100 Recall@10: 99.7
L = 100 QPS: 1684.82
iteration: 7
num_out_edges: 5946988
mean_out_edges: 59.4693
variance_out_edges: 158.231
max_observed_degree: 80
num_nodes: 100001
deletion_time: 4.36337
num_deleted: 1000
insertion_time: 1.45816
num_inserted: 1000
num_out_edges: 5947036
mean_out_edges: 59.4698
variance_out_edges: 158.226
max_observed_degree: 80
num_nodes: 100001
L = 20 Mean Latency: 12263.4
L = 20 Tail Latency: 67904.4
L = 20 Recall@10: 91.51
L = 20 QPS: 3974.35
L = 40 Mean Latency: 19224.6
L = 40 Tail Latency: 65175.8
L = 40 Recall@10: 97.22
L = 40 QPS: 3019.21
L = 60 Mean Latency: 25571
L = 60 Tail Latency: 110893
L = 60 Recall@10: 98.76
L = 60 QPS: 2359.74
L = 80 Mean Latency: 31195.5
L = 80 Tail Latency: 86106.1
L = 80 Recall@10: 99.36
L = 80 QPS: 1897.17
L = 100 Mean Latency: 36555
L = 100 Tail Latency: 99157.8
L = 100 Recall@10: 99.7
L = 100 QPS: 1663.75
iteration: 8
num_out_edges: 5947036
mean_out_edges: 59.4698
variance_out_edges: 158.226
max_observed_degree: 80
num_nodes: 100001
deletion_time: 4.30057
num_deleted: 1000
insertion_time: 1.46581
num_inserted: 1000
num_out_edges: 5947040
mean_out_edges: 59.4698
variance_out_edges: 158.227
max_observed_degree: 80
num_nodes: 100001
L = 20 Mean Latency: 11866.8
L = 20 Tail Latency: 81718.7
L = 20 Recall@10: 91.51
L = 20 QPS: 4521.13
L = 40 Mean Latency: 19408.7
L = 40 Tail Latency: 59204.8
L = 40 Recall@10: 97.22
L = 40 QPS: 3069.46
L = 60 Mean Latency: 25371.5
L = 60 Tail Latency: 63708.3
L = 60 Recall@10: 98.76
L = 60 QPS: 2352.56
L = 80 Mean Latency: 31245.8
L = 80 Tail Latency: 110100
L = 80 Recall@10: 99.36
L = 80 QPS: 1831.86
L = 100 Mean Latency: 36622.4
L = 100 Tail Latency: 127200
L = 100 Recall@10: 99.7
L = 100 QPS: 1666.85
iteration: 9
num_out_edges: 5947040
mean_out_edges: 59.4698
variance_out_edges: 158.227
max_observed_degree: 80
num_nodes: 100001
deletion_time: 4.4334
num_deleted: 1000
insertion_time: 1.46424
num_inserted: 1000
num_out_edges: 5947052
mean_out_edges: 59.4699
variance_out_edges: 158.225
max_observed_degree: 80
num_nodes: 100001
L = 20 Mean Latency: 11972.9
L = 20 Tail Latency: 72664.1
L = 20 Recall@10: 91.51
L = 20 QPS: 4267.83
L = 40 Mean Latency: 19382
L = 40 Tail Latency: 65592.8
L = 40 Recall@10: 97.22
L = 40 QPS: 3085.67
L = 60 Mean Latency: 25842.3
L = 60 Tail Latency: 86181.5
L = 60 Recall@10: 98.76
L = 60 QPS: 2348.82
L = 80 Mean Latency: 31238.3
L = 80 Tail Latency: 105260
L = 80 Recall@10: 99.36
L = 80 QPS: 1939.19
L = 100 Mean Latency: 36636.1
L = 100 Tail Latency: 95221.6
L = 100 Recall@10: 99.7
L = 100 QPS: 1648.42
iteration: 10
num_out_edges: 5947052
mean_out_edges: 59.4699
variance_out_edges: 158.225
max_observed_degree: 80
num_nodes: 100001
deletion_time: 4.40006
num_deleted: 1000
insertion_time: 1.45755
num_inserted: 1000
num_out_edges: 5947052
mean_out_edges: 59.4699
variance_out_edges: 158.227
max_observed_degree: 80
num_nodes: 100001
L = 20 Mean Latency: 12227.2
L = 20 Tail Latency: 71918.8
L = 20 Recall@10: 91.51
L = 20 QPS: 4515.88
L = 40 Mean Latency: 19122
L = 40 Tail Latency: 72572
L = 40 Recall@10: 97.22
L = 40 QPS: 2925.75
L = 60 Mean Latency: 25480.1
L = 60 Tail Latency: 77921.8
L = 60 Recall@10: 98.76
L = 60 QPS: 2228.61
L = 80 Mean Latency: 32245.8
L = 80 Tail Latency: 105265
L = 80 Recall@10: 99.36
L = 80 QPS: 1875.76
L = 100 Mean Latency: 38030.1
L = 100 Tail Latency: 104946
L = 100 Recall@10: 99.7
L = 100 QPS: 1621.7
iteration: 11
num_out_edges: 5947052
mean_out_edges: 59.4699
variance_out_edges: 158.227
max_observed_degree: 80
num_nodes: 100001
deletion_time: 4.28442
num_deleted: 1000
insertion_time: 1.44903
num_inserted: 1000
num_out_edges: 5947046
mean_out_edges: 59.4699
variance_out_edges: 158.221
max_observed_degree: 80
num_nodes: 100001
L = 20 Mean Latency: 11976.6
L = 20 Tail Latency: 79330.8
L = 20 Recall@10: 91.53
L = 20 QPS: 4587.99
L = 40 Mean Latency: 19278.7
L = 40 Tail Latency: 118651
L = 40 Recall@10: 97.23
L = 40 QPS: 3022.82
L = 60 Mean Latency: 25635.4
L = 60 Tail Latency: 67808.1
L = 60 Recall@10: 98.76
L = 60 QPS: 2355.33
L = 80 Mean Latency: 31279.5
L = 80 Tail Latency: 103872
L = 80 Recall@10: 99.36
L = 80 QPS: 1967.45
L = 100 Mean Latency: 36548.5
L = 100 Tail Latency: 116645
L = 100 Recall@10: 99.7
L = 100 QPS: 1682.06
iteration: 12
num_out_edges: 5947046
mean_out_edges: 59.4699
variance_out_edges: 158.221
max_observed_degree: 80
num_nodes: 100001
deletion_time: 4.4211
num_deleted: 1000
insertion_time: 1.46596
num_inserted: 1000
num_out_edges: 5947040
mean_out_edges: 59.4698
variance_out_edges: 158.234
max_observed_degree: 80
num_nodes: 100001
L = 20 Mean Latency: 12381.3
L = 20 Tail Latency: 81331
L = 20 Recall@10: 91.52
L = 20 QPS: 4273.88
L = 40 Mean Latency: 19320
L = 40 Tail Latency: 68872.3
L = 40 Recall@10: 97.22
L = 40 QPS: 3048.09
L = 60 Mean Latency: 25818
L = 60 Tail Latency: 131766
L = 60 Recall@10: 98.76
L = 60 QPS: 2322.47
L = 80 Mean Latency: 31370.1
L = 80 Tail Latency: 90451.9
L = 80 Recall@10: 99.36
L = 80 QPS: 1932.44
L = 100 Mean Latency: 36632.3
L = 100 Tail Latency: 99704.5
L = 100 Recall@10: 99.7
L = 100 QPS: 1652.77
iteration: 13
num_out_edges: 5947040
mean_out_edges: 59.4698
variance_out_edges: 158.234
max_observed_degree: 80
num_nodes: 100001
deletion_time: 4.38914
num_deleted: 1000
insertion_time: 1.44591
num_inserted: 1000
num_out_edges: 5947026
mean_out_edges: 59.4697
variance_out_edges: 158.225
max_observed_degree: 80
num_nodes: 100001
L = 20 Mean Latency: 12009
L = 20 Tail Latency: 111612
L = 20 Recall@10: 91.52
L = 20 QPS: 4412.7
L = 40 Mean Latency: 19488.7
L = 40 Tail Latency: 77645.2
L = 40 Recall@10: 97.22
L = 40 QPS: 3015.91
L = 60 Mean Latency: 25660
L = 60 Tail Latency: 88805.5
L = 60 Recall@10: 98.76
L = 60 QPS: 2299.94
L = 80 Mean Latency: 31226
L = 80 Tail Latency: 77121.9
L = 80 Recall@10: 99.36
L = 80 QPS: 1929.89
L = 100 Mean Latency: 37676.6
L = 100 Tail Latency: 88571.2
L = 100 Recall@10: 99.7
L = 100 QPS: 1617.08
iteration: 14
num_out_edges: 5947026
mean_out_edges: 59.4697
variance_out_edges: 158.225
max_observed_degree: 80
num_nodes: 100001
deletion_time: 4.35201
num_deleted: 1000
insertion_time: 1.44929
num_inserted: 1000
num_out_edges: 5947063
mean_out_edges: 59.47
variance_out_edges: 158.228
max_observed_degree: 80
num_nodes: 100001
L = 20 Mean Latency: 12345.8
L = 20 Tail Latency: 60633.5
L = 20 Recall@10: 91.52
L = 20 QPS: 4487.78
L = 40 Mean Latency: 19846
L = 40 Tail Latency: 83735.1
L = 40 Recall@10: 97.22
L = 40 QPS: 2887.95
L = 60 Mean Latency: 25971.9
L = 60 Tail Latency: 93496.1
L = 60 Recall@10: 98.76
L = 60 QPS: 2298.59
L = 80 Mean Latency: 32167.8
L = 80 Tail Latency: 78372.8
L = 80 Recall@10: 99.36
L = 80 QPS: 1917.17
L = 100 Mean Latency: 36548.6
L = 100 Tail Latency: 91395.2
L = 100 Recall@10: 99.7
L = 100 QPS: 1674.7
iteration: 15
num_out_edges: 5947063
mean_out_edges: 59.47
variance_out_edges: 158.228
max_observed_degree: 80
num_nodes: 100001
deletion_time: 4.38864
num_deleted: 1000
insertion_time: 1.46594
num_inserted: 1000
num_out_edges: 5947023
mean_out_edges: 59.4696
variance_out_edges: 158.229
max_observed_degree: 80
num_nodes: 100001
L = 20 Mean Latency: 12675.5
L = 20 Tail Latency: 79077.5
L = 20 Recall@10: 91.52
L = 20 QPS: 4373
L = 40 Mean Latency: 19455.2
L = 40 Tail Latency: 57213.5
L = 40 Recall@10: 97.22
L = 40 QPS: 3058.27
L = 60 Mean Latency: 25769.7
L = 60 Tail Latency: 77999.5
L = 60 Recall@10: 98.76
L = 60 QPS: 2320.05
L = 80 Mean Latency: 31193.9
L = 80 Tail Latency: 112599
L = 80 Recall@10: 99.36
L = 80 QPS: 1895.51
L = 100 Mean Latency: 36686.9
L = 100 Tail Latency: 95499.5
L = 100 Recall@10: 99.7
L = 100 QPS: 1654.33
