initial_build_time: 36.6943
iteration: 1
num_out_edges: 853457
mean_out_edges: 17.0688
variance_out_edges: 179.661
max_observed_degree: 64
num_nodes: 50001
deletion_time: 1.39876
num_deleted: 5000
insertion_time: 10.5318
num_inserted: 10000
num_out_edges: 1131331
mean_out_edges: 20.5693
variance_out_edges: 275.396
max_observed_degree: 83
num_nodes: 55001
L = 20 Mean Latency: 6173.99
L = 20 Tail Latency: 81936.1
L = 20 Recall@10: 80.75
L = 20 QPS: 7178.85
L = 40 Mean Latency: 12458.9
L = 40 Tail Latency: 72213.4
L = 40 Recall@10: 91.03
L = 40 QPS: 4482.88
L = 60 Mean Latency: 15977.7
L = 60 Tail Latency: 86615.9
L = 60 Recall@10: 94.86
L = 60 QPS: 3603.47
L = 80 Mean Latency: 26258.2
L = 80 Tail Latency: 92860.1
L = 80 Recall@10: 96.9
L = 80 QPS: 2282.94
L = 100 Mean Latency: 33781.6
L = 100 Tail Latency: 98294.4
L = 100 Recall@10: 97.96
L = 100 QPS: 1749.55
iteration: 2
num_out_edges: 1131331
mean_out_edges: 20.5693
variance_out_edges: 275.396
max_observed_degree: 83
num_nodes: 55001
deletion_time: 1.11908
num_deleted: 5000
insertion_time: 12.1883
num_inserted: 10000
num_out_edges: 1215035
mean_out_edges: 20.2502
variance_out_edges: 288.57
max_observed_degree: 83
num_nodes: 60001
L = 20 Mean Latency: 8634.59
L = 20 Tail Latency: 114122
L = 20 Recall@10: 80.36
L = 20 QPS: 4924.45
L = 40 Mean Latency: 17468.8
L = 40 Tail Latency: 81077.6
L = 40 Recall@10: 91.18
L = 40 QPS: 3329.39
L = 60 Mean Latency: 23786.5
L = 60 Tail Latency: 94578
L = 60 Recall@10: 94.74
L = 60 QPS: 2463.71
L = 80 Mean Latency: 25693.2
L = 80 Tail Latency: 105720
L = 80 Recall@10: 96.52
L = 80 QPS: 2310.6
L = 100 Mean Latency: 34760.9
L = 100 Tail Latency: 101945
L = 100 Recall@10: 97.72
L = 100 QPS: 1745.1
iteration: 3
num_out_edges: 1215035
mean_out_edges: 20.2502
variance_out_edges: 288.57
max_observed_degree: 83
num_nodes: 60001
deletion_time: 1.61376
num_deleted: 5000
insertion_time: 11.8663
num_inserted: 10000
num_out_edges: 1285729
mean_out_edges: 19.7801
variance_out_edges: 281.89
max_observed_degree: 82
num_nodes: 65001
L = 20 Mean Latency: 11160.4
L = 20 Tail Latency: 75295.6
L = 20 Recall@10: 78.7
L = 20 QPS: 4612.75
L = 40 Mean Latency: 18452.9
L = 40 Tail Latency: 70890.1
L = 40 Recall@10: 90.22
L = 40 QPS: 3126.36
L = 60 Mean Latency: 24787.6
L = 60 Tail Latency: 91937.2
L = 60 Recall@10: 94.44
L = 60 QPS: 2335.32
L = 80 Mean Latency: 30947.7
L = 80 Tail Latency: 101082
L = 80 Recall@10: 96.2
L = 80 QPS: 1963.64
L = 100 Mean Latency: 32194.6
L = 100 Tail Latency: 111576
L = 100 Recall@10: 97.29
L = 100 QPS: 1874.84
iteration: 4
num_out_edges: 1285729
mean_out_edges: 19.7801
variance_out_edges: 281.89
max_observed_degree: 82
num_nodes: 65001
deletion_time: 1.50497
num_deleted: 5000
insertion_time: 13.1082
num_inserted: 10000
num_out_edges: 1388691
mean_out_edges: 19.8382
variance_out_edges: 281.155
max_observed_degree: 83
num_nodes: 70001
L = 20 Mean Latency: 13761
L = 20 Tail Latency: 100040
L = 20 Recall@10: 78.44
L = 20 QPS: 3750.59
L = 40 Mean Latency: 22904.7
L = 40 Tail Latency: 83351.3
L = 40 Recall@10: 89.36
L = 40 QPS: 2501.88
L = 60 Mean Latency: 31087.4
L = 60 Tail Latency: 114668
L = 60 Recall@10: 93.77
L = 60 QPS: 1797.31
L = 80 Mean Latency: 38465.8
L = 80 Tail Latency: 116421
L = 80 Recall@10: 95.86
L = 80 QPS: 1584.92
L = 100 Mean Latency: 44339.6
L = 100 Tail Latency: 150155
L = 100 Recall@10: 97.23
L = 100 QPS: 1391.83
iteration: 5
num_out_edges: 1388691
mean_out_edges: 19.8382
variance_out_edges: 281.155
max_observed_degree: 83
num_nodes: 70001
deletion_time: 1.5993
num_deleted: 5000
insertion_time: 12.1759
num_inserted: 10000
num_out_edges: 1484369
mean_out_edges: 19.7913
variance_out_edges: 280.142
max_observed_degree: 83
num_nodes: 75001
L = 20 Mean Latency: 5898.46
L = 20 Tail Latency: 85143.1
L = 20 Recall@10: 76.82
L = 20 QPS: 6926.05
L = 40 Mean Latency: 12219.5
L = 40 Tail Latency: 67901.1
L = 40 Recall@10: 88.71
L = 40 QPS: 4450.59
L = 60 Mean Latency: 18198.5
L = 60 Tail Latency: 100673
L = 60 Recall@10: 93.3
L = 60 QPS: 3261.36
L = 80 Mean Latency: 24065.2
L = 80 Tail Latency: 92781.7
L = 80 Recall@10: 95.73
L = 80 QPS: 2493.93
L = 100 Mean Latency: 35689.5
L = 100 Tail Latency: 121911
L = 100 Recall@10: 97.1
L = 100 QPS: 1695.89
iteration: 6
num_out_edges: 1484369
mean_out_edges: 19.7913
variance_out_edges: 280.142
max_observed_degree: 83
num_nodes: 75001
deletion_time: 1.24726
num_deleted: 5000
insertion_time: 13.604
num_inserted: 10000
num_out_edges: 1559045
mean_out_edges: 19.4878
variance_out_edges: 276.385
max_observed_degree: 83
num_nodes: 80001
L = 20 Mean Latency: 13173.4
L = 20 Tail Latency: 87542.4
L = 20 Recall@10: 76.04
L = 20 QPS: 4017.08
L = 40 Mean Latency: 22609.8
L = 40 Tail Latency: 96676.9
L = 40 Recall@10: 87.63
L = 40 QPS: 2587.93
L = 60 Mean Latency: 16163.3
L = 60 Tail Latency: 83810.2
L = 60 Recall@10: 92.87
L = 60 QPS: 3273.4
L = 80 Mean Latency: 31126.3
L = 80 Tail Latency: 114204
L = 80 Recall@10: 95.13
L = 80 QPS: 1821.89
L = 100 Mean Latency: 37518.6
L = 100 Tail Latency: 107161
L = 100 Recall@10: 96.34
L = 100 QPS: 1630.46
iteration: 7
num_out_edges: 1559045
mean_out_edges: 19.4878
variance_out_edges: 276.385
max_observed_degree: 83
num_nodes: 80001
deletion_time: 1.72562
num_deleted: 5000
insertion_time: 10.6959
num_inserted: 10000
num_out_edges: 1661862
mean_out_edges: 19.5511
variance_out_edges: 278.368
max_observed_degree: 83
num_nodes: 85001
L = 20 Mean Latency: 13982
L = 20 Tail Latency: 103273
L = 20 Recall@10: 75.78
L = 20 QPS: 3844.7
L = 40 Mean Latency: 23592.8
L = 40 Tail Latency: 81713.2
L = 40 Recall@10: 87.27
L = 40 QPS: 2539.23
L = 60 Mean Latency: 32030.3
L = 60 Tail Latency: 89959.4
L = 60 Recall@10: 91.91
L = 60 QPS: 1889.68
L = 80 Mean Latency: 27956.7
L = 80 Tail Latency: 109855
L = 80 Recall@10: 94.47
L = 80 QPS: 2017.15
L = 100 Mean Latency: 35952.5
L = 100 Tail Latency: 161737
L = 100 Recall@10: 96.2
L = 100 QPS: 1669.68
iteration: 8
num_out_edges: 1661862
mean_out_edges: 19.5511
variance_out_edges: 278.368
max_observed_degree: 83
num_nodes: 85001
deletion_time: 1.79834
num_deleted: 5000
insertion_time: 13.585
num_inserted: 10000
num_out_edges: 1767381
mean_out_edges: 19.6373
variance_out_edges: 277.664
max_observed_degree: 81
num_nodes: 90001
L = 20 Mean Latency: 8776.42
L = 20 Tail Latency: 70201
L = 20 Recall@10: 75.28
L = 20 QPS: 5662.16
L = 40 Mean Latency: 19486.2
L = 40 Tail Latency: 95369.6
L = 40 Recall@10: 86.94
L = 40 QPS: 2991.93
L = 60 Mean Latency: 26617.1
L = 60 Tail Latency: 109595
L = 60 Recall@10: 91.87
L = 60 QPS: 2271.67
L = 80 Mean Latency: 33320.8
L = 80 Tail Latency: 112646
L = 80 Recall@10: 94.21
L = 80 QPS: 1835.75
L = 100 Mean Latency: 39999.6
L = 100 Tail Latency: 129340
L = 100 Recall@10: 95.8
L = 100 QPS: 1515.85
iteration: 9
num_out_edges: 1767381
mean_out_edges: 19.6373
variance_out_edges: 277.664
max_observed_degree: 81
num_nodes: 90001
deletion_time: 1.64608
num_deleted: 5000
insertion_time: 14.1984
num_inserted: 10000
num_out_edges: 1870865
mean_out_edges: 19.6931
variance_out_edges: 279.664
max_observed_degree: 81
num_nodes: 95001
L = 20 Mean Latency: 6850.3
L = 20 Tail Latency: 79691.5
L = 20 Recall@10: 74.59
L = 20 QPS: 6533.43
L = 40 Mean Latency: 11650.8
L = 40 Tail Latency: 67507.7
L = 40 Recall@10: 86.54
L = 40 QPS: 4645.43
L = 60 Mean Latency: 15756.6
L = 60 Tail Latency: 120156
L = 60 Recall@10: 92.03
L = 60 QPS: 3467.44
L = 80 Mean Latency: 20066.7
L = 80 Tail Latency: 105878
L = 80 Recall@10: 94.48
L = 80 QPS: 2831.68
L = 100 Mean Latency: 35577.1
L = 100 Tail Latency: 131101
L = 100 Recall@10: 96.1
L = 100 QPS: 1677.71
iteration: 10
num_out_edges: 1870865
mean_out_edges: 19.6931
variance_out_edges: 279.664
max_observed_degree: 81
num_nodes: 95001
deletion_time: 2.12091
num_deleted: 5000
insertion_time: 14.4331
num_inserted: 10000
num_out_edges: 1952995
mean_out_edges: 19.5298
variance_out_edges: 274.446
max_observed_degree: 82
num_nodes: 100001
L = 20 Mean Latency: 12312.3
L = 20 Tail Latency: 73845.7
L = 20 Recall@10: 74.76
L = 20 QPS: 4482.28
L = 40 Mean Latency: 20435.7
L = 40 Tail Latency: 69547.8
L = 40 Recall@10: 86.74
L = 40 QPS: 2914.04
L = 60 Mean Latency: 27398.6
L = 60 Tail Latency: 86625.1
L = 60 Recall@10: 91.94
L = 60 QPS: 2236.5
L = 80 Mean Latency: 34294.1
L = 80 Tail Latency: 106362
L = 80 Recall@10: 94.76
L = 80 QPS: 1754.89
L = 100 Mean Latency: 40988.5
L = 100 Tail Latency: 132225
L = 100 Recall@10: 96.07
L = 100 QPS: 1453.79
iteration: 11
num_out_edges: 1952995
mean_out_edges: 19.5298
variance_out_edges: 274.446
max_observed_degree: 82
num_nodes: 100001
deletion_time: 1.79451
num_deleted: 5000
insertion_time: 12.8674
num_inserted: 10000
num_out_edges: 2068969
mean_out_edges: 19.7043
variance_out_edges: 279.466
max_observed_degree: 83
num_nodes: 105001
L = 20 Mean Latency: 11433.1
L = 20 Tail Latency: 73925
L = 20 Recall@10: 73.49
L = 20 QPS: 4529.98
L = 40 Mean Latency: 20271.6
L = 40 Tail Latency: 93443.2
L = 40 Recall@10: 86.36
L = 40 QPS: 2829.74
L = 60 Mean Latency: 28097.3
L = 60 Tail Latency: 142801
L = 60 Recall@10: 91.84
L = 60 QPS: 2153.97
L = 80 Mean Latency: 20933.6
L = 80 Tail Latency: 94663.6
L = 80 Recall@10: 94.34
L = 80 QPS: 2706.48
L = 100 Mean Latency: 24763.9
L = 100 Tail Latency: 92781.9
L = 100 Recall@10: 95.8
L = 100 QPS: 2396.46
iteration: 12
num_out_edges: 2068969
mean_out_edges: 19.7043
variance_out_edges: 279.466
max_observed_degree: 83
num_nodes: 105001
deletion_time: 2.31246
num_deleted: 5000
insertion_time: 15.197
num_inserted: 10000
num_out_edges: 2174069
mean_out_edges: 19.7641
variance_out_edges: 280.079
max_observed_degree: 83
num_nodes: 110001
L = 20 Mean Latency: 13339.2
L = 20 Tail Latency: 75289.8
L = 20 Recall@10: 73.61
L = 20 QPS: 4013.46
L = 40 Mean Latency: 20992.6
L = 40 Tail Latency: 94824.2
L = 40 Recall@10: 86.2
L = 40 QPS: 2745.67
L = 60 Mean Latency: 25753.6
L = 60 Tail Latency: 118510
L = 60 Recall@10: 91.54
L = 60 QPS: 2192.49
L = 80 Mean Latency: 35038.1
L = 80 Tail Latency: 137112
L = 80 Recall@10: 94.31
L = 80 QPS: 1710.06
L = 100 Mean Latency: 41693.1
L = 100 Tail Latency: 117629
L = 100 Recall@10: 95.9
L = 100 QPS: 1467.16
iteration: 13
num_out_edges: 2174069
mean_out_edges: 19.7641
variance_out_edges: 280.079
max_observed_degree: 83
num_nodes: 110001
deletion_time: 2.20596
num_deleted: 5000
insertion_time: 12.5198
num_inserted: 10000
num_out_edges: 2282084
mean_out_edges: 19.844
variance_out_edges: 281.068
max_observed_degree: 82
num_nodes: 115001
L = 20 Mean Latency: 12358.2
L = 20 Tail Latency: 110209
L = 20 Recall@10: 72.61
L = 20 QPS: 4377.81
L = 40 Mean Latency: 13746.4
L = 40 Tail Latency: 92600.8
L = 40 Recall@10: 85.51
L = 40 QPS: 3891.53
L = 60 Mean Latency: 17886.7
L = 60 Tail Latency: 106046
L = 60 Recall@10: 91.37
L = 60 QPS: 3241.49
L = 80 Mean Latency: 22661.4
L = 80 Tail Latency: 106346
L = 80 Recall@10: 94.21
L = 80 QPS: 2574.82
L = 100 Mean Latency: 27112
L = 100 Tail Latency: 93612.8
L = 100 Recall@10: 95.74
L = 100 QPS: 2230.92
iteration: 14
num_out_edges: 2282084
mean_out_edges: 19.844
variance_out_edges: 281.068
max_observed_degree: 82
num_nodes: 115001
deletion_time: 1.71521
num_deleted: 5000
insertion_time: 14.1255
num_inserted: 10000
num_out_edges: 2355366
mean_out_edges: 19.6279
variance_out_edges: 277
max_observed_degree: 81
num_nodes: 120001
L = 20 Mean Latency: 11998
L = 20 Tail Latency: 100065
L = 20 Recall@10: 71.87
L = 20 QPS: 4033.92
L = 40 Mean Latency: 20094.5
L = 40 Tail Latency: 110092
L = 40 Recall@10: 85.09
L = 40 QPS: 2867.6
L = 60 Mean Latency: 27493.4
L = 60 Tail Latency: 114772
L = 60 Recall@10: 91.11
L = 60 QPS: 2178.85
L = 80 Mean Latency: 29767.8
L = 80 Tail Latency: 99256.3
L = 80 Recall@10: 93.98
L = 80 QPS: 1992.99
L = 100 Mean Latency: 40587.3
L = 100 Tail Latency: 123346
L = 100 Recall@10: 95.7
L = 100 QPS: 1506.46
iteration: 15
num_out_edges: 2355366
mean_out_edges: 19.6279
variance_out_edges: 277
max_observed_degree: 81
num_nodes: 120001
deletion_time: 2.08076
num_deleted: 5000
insertion_time: 13.6896
num_inserted: 10000
num_out_edges: 2468874
mean_out_edges: 19.7508
variance_out_edges: 277.529
max_observed_degree: 83
num_nodes: 125001
L = 20 Mean Latency: 8601.83
L = 20 Tail Latency: 91796.6
L = 20 Recall@10: 71.8
L = 20 QPS: 5665.42
L = 40 Mean Latency: 20235.7
L = 40 Tail Latency: 67448.7
L = 40 Recall@10: 84.82
L = 40 QPS: 2901.39
L = 60 Mean Latency: 27600.5
L = 60 Tail Latency: 112829
L = 60 Recall@10: 91.03
L = 60 QPS: 2169.18
L = 80 Mean Latency: 34660.9
L = 80 Tail Latency: 114382
L = 80 Recall@10: 93.89
L = 80 QPS: 1745.02
L = 100 Mean Latency: 27278.3
L = 100 Tail Latency: 105219
L = 100 Recall@10: 95.91
L = 100 QPS: 2227.21
iteration: 16
num_out_edges: 2468874
mean_out_edges: 19.7508
variance_out_edges: 277.529
max_observed_degree: 83
num_nodes: 125001
deletion_time: 2.0969
num_deleted: 5000
insertion_time: 14.5368
num_inserted: 10000
num_out_edges: 2556195
mean_out_edges: 19.6629
variance_out_edges: 276.163
max_observed_degree: 83
num_nodes: 130001
L = 20 Mean Latency: 13455.5
L = 20 Tail Latency: 95283
L = 20 Recall@10: 71.42
L = 20 QPS: 4161.09
L = 40 Mean Latency: 20708.1
L = 40 Tail Latency: 70114.2
L = 40 Recall@10: 84.37
L = 40 QPS: 2710.87
L = 60 Mean Latency: 28391.2
L = 60 Tail Latency: 115674
L = 60 Recall@10: 90.5
L = 60 QPS: 2117.1
L = 80 Mean Latency: 35220.3
L = 80 Tail Latency: 136082
L = 80 Recall@10: 93.28
L = 80 QPS: 1711.71
L = 100 Mean Latency: 39326.7
L = 100 Tail Latency: 103092
L = 100 Recall@10: 95.29
L = 100 QPS: 1534.09
iteration: 17
num_out_edges: 2556195
mean_out_edges: 19.6629
variance_out_edges: 276.163
max_observed_degree: 83
num_nodes: 130001
deletion_time: 2.11721
num_deleted: 5000
insertion_time: 13.6967
num_inserted: 10000
num_out_edges: 2674237
mean_out_edges: 19.809
variance_out_edges: 277.923
max_observed_degree: 83
num_nodes: 135001
L = 20 Mean Latency: 8526.59
L = 20 Tail Latency: 83075.6
L = 20 Recall@10: 71.07
L = 20 QPS: 6083.27
L = 40 Mean Latency: 13960.7
L = 40 Tail Latency: 75624.9
L = 40 Recall@10: 84.7
L = 40 QPS: 3671.69
L = 60 Mean Latency: 18553.5
L = 60 Tail Latency: 82190.4
L = 60 Recall@10: 90.41
L = 60 QPS: 3215.92
L = 80 Mean Latency: 23490.5
L = 80 Tail Latency: 88549.9
L = 80 Recall@10: 93.33
L = 80 QPS: 2562.48
L = 100 Mean Latency: 28117.2
L = 100 Tail Latency: 85912
L = 100 Recall@10: 95.18
L = 100 QPS: 2108.03
iteration: 18
num_out_edges: 2674237
mean_out_edges: 19.809
variance_out_edges: 277.923
max_observed_degree: 83
num_nodes: 135001
deletion_time: 1.95666
num_deleted: 5000
insertion_time: 16.8087
num_inserted: 10000
num_out_edges: 2772187
mean_out_edges: 19.8012
variance_out_edges: 277.91
max_observed_degree: 82
num_nodes: 140001
L = 20 Mean Latency: 13275.3
L = 20 Tail Latency: 94078.6
L = 20 Recall@10: 70.74
L = 20 QPS: 3944.94
L = 40 Mean Latency: 21398.1
L = 40 Tail Latency: 110007
L = 40 Recall@10: 84.29
L = 40 QPS: 2730.5
L = 60 Mean Latency: 28936.3
L = 60 Tail Latency: 98974.3
L = 60 Recall@10: 89.83
L = 60 QPS: 2102.98
L = 80 Mean Latency: 35074
L = 80 Tail Latency: 102610
L = 80 Recall@10: 93
L = 80 QPS: 1730.95
L = 100 Mean Latency: 43162.1
L = 100 Tail Latency: 207351
L = 100 Recall@10: 94.88
L = 100 QPS: 1410.99
iteration: 19
num_out_edges: 2772187
mean_out_edges: 19.8012
variance_out_edges: 277.91
max_observed_degree: 82
num_nodes: 140001
deletion_time: 2.37
num_deleted: 5000
insertion_time: 14.1354
num_inserted: 10000
num_out_edges: 2853820
mean_out_edges: 19.6814
variance_out_edges: 275.208
max_observed_degree: 82
num_nodes: 145001
L = 20 Mean Latency: 13269.8
L = 20 Tail Latency: 62990.1
L = 20 Recall@10: 70.14
L = 20 QPS: 3792.67
L = 40 Mean Latency: 21716.9
L = 40 Tail Latency: 82456.5
L = 40 Recall@10: 83.94
L = 40 QPS: 2687.46
L = 60 Mean Latency: 29656.7
L = 60 Tail Latency: 95903.2
L = 60 Recall@10: 89.62
L = 60 QPS: 2035.47
L = 80 Mean Latency: 37114.5
L = 80 Tail Latency: 141741
L = 80 Recall@10: 92.73
L = 80 QPS: 1630.83
L = 100 Mean Latency: 44057.2
L = 100 Tail Latency: 152731
L = 100 Recall@10: 95
L = 100 QPS: 1373.12
iteration: 20
num_out_edges: 2853820
mean_out_edges: 19.6814
variance_out_edges: 275.208
max_observed_degree: 82
num_nodes: 145001
deletion_time: 2.15198
num_deleted: 5000
insertion_time: 14.2584
num_inserted: 10000
num_out_edges: 2973029
mean_out_edges: 19.8201
variance_out_edges: 277.593
max_observed_degree: 82
num_nodes: 150001
L = 20 Mean Latency: 8239.25
L = 20 Tail Latency: 97633.1
L = 20 Recall@10: 69.99
L = 20 QPS: 6020.09
L = 40 Mean Latency: 14175
L = 40 Tail Latency: 80824.5
L = 40 Recall@10: 83.53
L = 40 QPS: 4048.19
L = 60 Mean Latency: 19581.4
L = 60 Tail Latency: 109723
L = 60 Recall@10: 89.31
L = 60 QPS: 2999.68
L = 80 Mean Latency: 25786.8
L = 80 Tail Latency: 114361
L = 80 Recall@10: 92.59
L = 80 QPS: 2306.3
L = 100 Mean Latency: 44716.6
L = 100 Tail Latency: 158902
L = 100 Recall@10: 94.92
L = 100 QPS: 1375.39
