initial_build_time: 8.53653
iteration: 1
num_out_edges: 2702117
mean_out_edges: 27.0209
variance_out_edges: 161.722
max_observed_degree: 64
num_nodes: 100001
deletion_time: 0.438684
num_deleted: 3000
insertion_time: 0.372058
num_inserted: 3000
num_out_edges: 2841281
mean_out_edges: 28.4125
variance_out_edges: 215.95
max_observed_degree: 69
num_nodes: 100001
L = 20 Mean Latency: 863.213
L = 20 Tail Latency: 80570.9
L = 20 Recall@10: 93.039
L = 20 QPS: 56958.5
L = 40 Mean Latency: 1353
L = 40 Tail Latency: 44389
L = 40 Recall@10: 98.104
L = 40 QPS: 40106.1
L = 60 Mean Latency: 1842.04
L = 60 Tail Latency: 44542.2
L = 60 Recall@10: 99.23
L = 60 QPS: 32013.6
L = 80 Mean Latency: 2316.81
L = 80 Tail Latency: 58985.1
L = 80 Recall@10: 99.635
L = 80 QPS: 25663.2
L = 100 Mean Latency: 2749.26
L = 100 Tail Latency: 56559.7
L = 100 Recall@10: 99.822
L = 100 QPS: 21480.6
iteration: 2
num_out_edges: 2841281
mean_out_edges: 28.4125
variance_out_edges: 215.95
max_observed_degree: 69
num_nodes: 100001
deletion_time: 0.376444
num_deleted: 3000
insertion_time: 0.358983
num_inserted: 3000
num_out_edges: 3017897
mean_out_edges: 30.1787
variance_out_edges: 223.157
max_observed_degree: 70
num_nodes: 100001
L = 20 Mean Latency: 854.263
L = 20 Tail Latency: 44652.4
L = 20 Recall@10: 93.094
L = 20 QPS: 62217.5
L = 40 Mean Latency: 1418.25
L = 40 Tail Latency: 56449.5
L = 40 Recall@10: 98.119
L = 40 QPS: 34795.3
L = 60 Mean Latency: 1937.47
L = 60 Tail Latency: 52579.6
L = 60 Recall@10: 99.23
L = 60 QPS: 29391.6
L = 80 Mean Latency: 2450.8
L = 80 Tail Latency: 80517.1
L = 80 Recall@10: 99.63
L = 80 QPS: 24389.5
L = 100 Mean Latency: 2865.91
L = 100 Tail Latency: 55700.8
L = 100 Recall@10: 99.818
L = 100 QPS: 20944.4
iteration: 3
num_out_edges: 3017897
mean_out_edges: 30.1787
variance_out_edges: 223.157
max_observed_degree: 70
num_nodes: 100001
deletion_time: 0.368027
num_deleted: 3000
insertion_time: 0.362193
num_inserted: 3000
num_out_edges: 3072369
mean_out_edges: 30.7234
variance_out_edges: 224.465
max_observed_degree: 70
num_nodes: 100001
L = 20 Mean Latency: 872.663
L = 20 Tail Latency: 44323.6
L = 20 Recall@10: 93.1
L = 20 QPS: 57414.1
L = 40 Mean Latency: 1444.39
L = 40 Tail Latency: 91492.8
L = 40 Recall@10: 98.116
L = 40 QPS: 38527
L = 60 Mean Latency: 1985.04
L = 60 Tail Latency: 56399.5
L = 60 Recall@10: 99.228
L = 60 QPS: 29182.8
L = 80 Mean Latency: 2453.31
L = 80 Tail Latency: 56810.3
L = 80 Recall@10: 99.629
L = 80 QPS: 23209.2
L = 100 Mean Latency: 2890.02
L = 100 Tail Latency: 68965.2
L = 100 Recall@10: 99.816
L = 100 QPS: 20741.1
iteration: 4
num_out_edges: 3072369
mean_out_edges: 30.7234
variance_out_edges: 224.465
max_observed_degree: 70
num_nodes: 100001
deletion_time: 0.358727
num_deleted: 3000
insertion_time: 0.369897
num_inserted: 3000
num_out_edges: 3078509
mean_out_edges: 30.7848
variance_out_edges: 225.142
max_observed_degree: 70
num_nodes: 100001
L = 20 Mean Latency: 886.283
L = 20 Tail Latency: 43530.7
L = 20 Recall@10: 93.136
L = 20 QPS: 50362.8
L = 40 Mean Latency: 1432.66
L = 40 Tail Latency: 48492.5
L = 40 Recall@10: 98.129
L = 40 QPS: 38371.7
L = 60 Mean Latency: 2075.63
L = 60 Tail Latency: 93007.3
L = 60 Recall@10: 99.234
L = 60 QPS: 26850.8
L = 80 Mean Latency: 2449.66
L = 80 Tail Latency: 52713
L = 80 Recall@10: 99.631
L = 80 QPS: 24181.4
L = 100 Mean Latency: 2920.1
L = 100 Tail Latency: 61027.2
L = 100 Recall@10: 99.818
L = 100 QPS: 20565
iteration: 5
num_out_edges: 3078509
mean_out_edges: 30.7848
variance_out_edges: 225.142
max_observed_degree: 70
num_nodes: 100001
deletion_time: 0.357498
num_deleted: 3000
insertion_time: 0.364787
num_inserted: 3000
num_out_edges: 3081919
mean_out_edges: 30.8189
variance_out_edges: 225.606
max_observed_degree: 70
num_nodes: 100001
L = 20 Mean Latency: 882.628
L = 20 Tail Latency: 54694.3
L = 20 Recall@10: 93.081
L = 20 QPS: 39191.6
L = 40 Mean Latency: 1440.62
L = 40 Tail Latency: 68959.9
L = 40 Recall@10: 98.127
L = 40 QPS: 38070.2
L = 60 Mean Latency: 1970.49
L = 60 Tail Latency: 64460.8
L = 60 Recall@10: 99.229
L = 60 QPS: 29912.5
L = 80 Mean Latency: 2477.75
L = 80 Tail Latency: 57370.9
L = 80 Recall@10: 99.63
L = 80 QPS: 22939.9
L = 100 Mean Latency: 2933.03
L = 100 Tail Latency: 56703.1
L = 100 Recall@10: 99.816
L = 100 QPS: 20190.9
iteration: 6
num_out_edges: 3081919
mean_out_edges: 30.8189
variance_out_edges: 225.606
max_observed_degree: 70
num_nodes: 100001
deletion_time: 0.328661
num_deleted: 3000
insertion_time: 0.371724
num_inserted: 3000
num_out_edges: 3084949
mean_out_edges: 30.8492
variance_out_edges: 226.059
max_observed_degree: 70
num_nodes: 100001
L = 20 Mean Latency: 909.203
L = 20 Tail Latency: 50919.7
L = 20 Recall@10: 93.082
L = 20 QPS: 57159.8
L = 40 Mean Latency: 1446.82
L = 40 Tail Latency: 40432.1
L = 40 Recall@10: 98.123
L = 40 QPS: 37157.9
L = 60 Mean Latency: 1981.42
L = 60 Tail Latency: 48599.3
L = 60 Recall@10: 99.237
L = 60 QPS: 29329.4
L = 80 Mean Latency: 2456.34
L = 80 Tail Latency: 52855.3
L = 80 Recall@10: 99.631
L = 80 QPS: 23319.2
L = 100 Mean Latency: 2943.34
L = 100 Tail Latency: 65288.3
L = 100 Recall@10: 99.817
L = 100 QPS: 20030.1
iteration: 7
num_out_edges: 3084949
mean_out_edges: 30.8492
variance_out_edges: 226.059
max_observed_degree: 70
num_nodes: 100001
deletion_time: 0.352022
num_deleted: 3000
insertion_time: 0.364451
num_inserted: 3000
num_out_edges: 3087519
mean_out_edges: 30.8749
variance_out_edges: 226.47
max_observed_degree: 70
num_nodes: 100001
L = 20 Mean Latency: 873.575
L = 20 Tail Latency: 45311.3
L = 20 Recall@10: 93.08
L = 20 QPS: 50128.2
L = 40 Mean Latency: 1438.86
L = 40 Tail Latency: 46190.9
L = 40 Recall@10: 98.115
L = 40 QPS: 35257.4
L = 60 Mean Latency: 1982.7
L = 60 Tail Latency: 93415
L = 60 Recall@10: 99.227
L = 60 QPS: 28890
L = 80 Mean Latency: 2455.66
L = 80 Tail Latency: 60626.5
L = 80 Recall@10: 99.628
L = 80 QPS: 24118.3
L = 100 Mean Latency: 3043.9
L = 100 Tail Latency: 57728
L = 100 Recall@10: 99.815
L = 100 QPS: 19856.7
iteration: 8
num_out_edges: 3087519
mean_out_edges: 30.8749
variance_out_edges: 226.47
max_observed_degree: 70
num_nodes: 100001
deletion_time: 0.363111
num_deleted: 3000
insertion_time: 0.373005
num_inserted: 3000
num_out_edges: 3089057
mean_out_edges: 30.8903
variance_out_edges: 226.601
max_observed_degree: 71
num_nodes: 100001
L = 20 Mean Latency: 901.441
L = 20 Tail Latency: 49993.5
L = 20 Recall@10: 93.093
L = 20 QPS: 53307.9
L = 40 Mean Latency: 1428
L = 40 Tail Latency: 44566.3
L = 40 Recall@10: 98.101
L = 40 QPS: 38678.8
L = 60 Mean Latency: 1974.75
L = 60 Tail Latency: 51234.5
L = 60 Recall@10: 99.228
L = 60 QPS: 28993.8
L = 80 Mean Latency: 2438.93
L = 80 Tail Latency: 84708.1
L = 80 Recall@10: 99.631
L = 80 QPS: 23767.8
L = 100 Mean Latency: 2914.2
L = 100 Tail Latency: 58142
L = 100 Recall@10: 99.816
L = 100 QPS: 20284
iteration: 9
num_out_edges: 3089057
mean_out_edges: 30.8903
variance_out_edges: 226.601
max_observed_degree: 71
num_nodes: 100001
deletion_time: 0.374015
num_deleted: 3000
insertion_time: 0.368096
num_inserted: 3000
num_out_edges: 3091271
mean_out_edges: 30.9124
variance_out_edges: 227.048
max_observed_degree: 70
num_nodes: 100001
L = 20 Mean Latency: 896
L = 20 Tail Latency: 44279.5
L = 20 Recall@10: 93.104
L = 20 QPS: 57016.9
L = 40 Mean Latency: 1438.92
L = 40 Tail Latency: 48290.3
L = 40 Recall@10: 98.13
L = 40 QPS: 35588.1
L = 60 Mean Latency: 1985.24
L = 60 Tail Latency: 52335
L = 60 Recall@10: 99.232
L = 60 QPS: 28693.9
L = 80 Mean Latency: 2458.7
L = 80 Tail Latency: 48785.8
L = 80 Recall@10: 99.627
L = 80 QPS: 24103.7
L = 100 Mean Latency: 2931.33
L = 100 Tail Latency: 64996.4
L = 100 Recall@10: 99.815
L = 100 QPS: 20113.6
iteration: 10
num_out_edges: 3091271
mean_out_edges: 30.9124
variance_out_edges: 227.048
max_observed_degree: 70
num_nodes: 100001
deletion_time: 0.345328
num_deleted: 3000
insertion_time: 0.375388
num_inserted: 3000
num_out_edges: 3093039
mean_out_edges: 30.9301
variance_out_edges: 227.218
max_observed_degree: 70
num_nodes: 100001
L = 20 Mean Latency: 890.342
L = 20 Tail Latency: 48264.3
L = 20 Recall@10: 93.096
L = 20 QPS: 54691.5
L = 40 Mean Latency: 1432.76
L = 40 Tail Latency: 48551.4
L = 40 Recall@10: 98.117
L = 40 QPS: 38129.7
L = 60 Mean Latency: 1973.05
L = 60 Tail Latency: 44571.8
L = 60 Recall@10: 99.221
L = 60 QPS: 29807.1
L = 80 Mean Latency: 2467.46
L = 80 Tail Latency: 64688.9
L = 80 Recall@10: 99.627
L = 80 QPS: 23284.6
L = 100 Mean Latency: 2923.83
L = 100 Tail Latency: 57035.7
L = 100 Recall@10: 99.815
L = 100 QPS: 19566.2
iteration: 11
num_out_edges: 3093039
mean_out_edges: 30.9301
variance_out_edges: 227.218
max_observed_degree: 70
num_nodes: 100001
deletion_time: 0.367104
num_deleted: 3000
insertion_time: 0.380427
num_inserted: 3000
num_out_edges: 3095099
mean_out_edges: 30.9507
variance_out_edges: 227.506
max_observed_degree: 70
num_nodes: 100001
L = 20 Mean Latency: 857.705
L = 20 Tail Latency: 48259.3
L = 20 Recall@10: 93.055
L = 20 QPS: 55204
L = 40 Mean Latency: 1437.3
L = 40 Tail Latency: 82263.3
L = 40 Recall@10: 98.111
L = 40 QPS: 36915.8
L = 60 Mean Latency: 1966.6
L = 60 Tail Latency: 52641.9
L = 60 Recall@10: 99.223
L = 60 QPS: 29613.7
L = 80 Mean Latency: 2467.44
L = 80 Tail Latency: 48798.2
L = 80 Recall@10: 99.626
L = 80 QPS: 24030.4
L = 100 Mean Latency: 2920.76
L = 100 Tail Latency: 58072.9
L = 100 Recall@10: 99.815
L = 100 QPS: 20465
iteration: 12
num_out_edges: 3095099
mean_out_edges: 30.9507
variance_out_edges: 227.506
max_observed_degree: 70
num_nodes: 100001
deletion_time: 0.363828
num_deleted: 3000
insertion_time: 0.404712
num_inserted: 3000
num_out_edges: 3096808
mean_out_edges: 30.9678
variance_out_edges: 227.774
max_observed_degree: 70
num_nodes: 100001
L = 20 Mean Latency: 924.044
L = 20 Tail Latency: 46302.8
L = 20 Recall@10: 93.082
L = 20 QPS: 45862.9
L = 40 Mean Latency: 1472.92
L = 40 Tail Latency: 52551.8
L = 40 Recall@10: 98.122
L = 40 QPS: 35467.5
L = 60 Mean Latency: 1985.27
L = 60 Tail Latency: 50053
L = 60 Recall@10: 99.23
L = 60 QPS: 29208.3
L = 80 Mean Latency: 2479.86
L = 80 Tail Latency: 56640.1
L = 80 Recall@10: 99.627
L = 80 QPS: 23510.6
L = 100 Mean Latency: 2908.83
L = 100 Tail Latency: 52863.5
L = 100 Recall@10: 99.816
L = 100 QPS: 20801.4
iteration: 13
num_out_edges: 3096808
mean_out_edges: 30.9678
variance_out_edges: 227.774
max_observed_degree: 70
num_nodes: 100001
deletion_time: 0.362349
num_deleted: 3000
insertion_time: 0.378767
num_inserted: 3000
num_out_edges: 3097155
mean_out_edges: 30.9712
variance_out_edges: 227.804
max_observed_degree: 70
num_nodes: 100001
L = 20 Mean Latency: 908.474
L = 20 Tail Latency: 51527.8
L = 20 Recall@10: 93.097
L = 20 QPS: 47360.3
L = 40 Mean Latency: 1430.02
L = 40 Tail Latency: 50788.9
L = 40 Recall@10: 98.108
L = 40 QPS: 36075
L = 60 Mean Latency: 1971.01
L = 60 Tail Latency: 69020.6
L = 60 Recall@10: 99.227
L = 60 QPS: 23465.9
L = 80 Mean Latency: 2454.02
L = 80 Tail Latency: 48818.7
L = 80 Recall@10: 99.627
L = 80 QPS: 24249.4
L = 100 Mean Latency: 2932.66
L = 100 Tail Latency: 48817.5
L = 100 Recall@10: 99.816
L = 100 QPS: 20395.9
iteration: 14
num_out_edges: 3097155
mean_out_edges: 30.9712
variance_out_edges: 227.804
max_observed_degree: 70
num_nodes: 100001
deletion_time: 0.354759
num_deleted: 3000
insertion_time: 0.366365
num_inserted: 3000
num_out_edges: 3099361
mean_out_edges: 30.9933
variance_out_edges: 228.158
max_observed_degree: 70
num_nodes: 100001
L = 20 Mean Latency: 906.233
L = 20 Tail Latency: 68320.1
L = 20 Recall@10: 93.109
L = 20 QPS: 49592.1
L = 40 Mean Latency: 1451.36
L = 40 Tail Latency: 44581.2
L = 40 Recall@10: 98.124
L = 40 QPS: 38480.6
L = 60 Mean Latency: 1969.21
L = 60 Tail Latency: 48543.9
L = 60 Recall@10: 99.226
L = 60 QPS: 29176
L = 80 Mean Latency: 2499.05
L = 80 Tail Latency: 57739
L = 80 Recall@10: 99.627
L = 80 QPS: 23365.8
L = 100 Mean Latency: 2901.08
L = 100 Tail Latency: 56527.1
L = 100 Recall@10: 99.815
L = 100 QPS: 20518.1
iteration: 15
num_out_edges: 3099361
mean_out_edges: 30.9933
variance_out_edges: 228.158
max_observed_degree: 70
num_nodes: 100001
deletion_time: 0.374875
num_deleted: 3000
insertion_time: 0.367825
num_inserted: 3000
num_out_edges: 3100893
mean_out_edges: 31.0086
variance_out_edges: 228.338
max_observed_degree: 70
num_nodes: 100001
L = 20 Mean Latency: 885.139
L = 20 Tail Latency: 49249.5
L = 20 Recall@10: 93.104
L = 20 QPS: 57547.1
L = 40 Mean Latency: 1486.78
L = 40 Tail Latency: 48442.6
L = 40 Recall@10: 98.129
L = 40 QPS: 32116.1
L = 60 Mean Latency: 2000.01
L = 60 Tail Latency: 48531.8
L = 60 Recall@10: 99.229
L = 60 QPS: 25874.7
L = 80 Mean Latency: 2453.05
L = 80 Tail Latency: 52784.8
L = 80 Recall@10: 99.628
L = 80 QPS: 23510.6
L = 100 Mean Latency: 2901.96
L = 100 Tail Latency: 52915.7
L = 100 Recall@10: 99.816
L = 100 QPS: 20544.1
