initial_build_time: 50.9988
iteration: 1
num_out_edges: 2892846
mean_out_edges: 57.8558
variance_out_edges: 176.958
max_observed_degree: 64
num_nodes: 50001
deletion_time: 29.6822
num_deleted: 5000
insertion_time: 15.5337
num_inserted: 10000
num_out_edges: 3628271
mean_out_edges: 65.9674
variance_out_edges: 213.055
max_observed_degree: 83
num_nodes: 55001
L = 20 Mean Latency: 14892.6
L = 20 Tail Latency: 113604
L = 20 Recall@10: 94.87
L = 20 QPS: 4058.27
L = 40 Mean Latency: 30721
L = 40 Tail Latency: 94800.1
L = 40 Recall@10: 98.44
L = 40 QPS: 1964.57
L = 60 Mean Latency: 40836.4
L = 60 Tail Latency: 110852
L = 60 Recall@10: 99.29
L = 60 QPS: 1512.9
L = 80 Mean Latency: 48743
L = 80 Tail Latency: 172779
L = 80 Recall@10: 99.64
L = 80 QPS: 1269.21
L = 100 Mean Latency: 34815.9
L = 100 Tail Latency: 152915
L = 100 Recall@10: 99.72
L = 100 QPS: 1728.16
iteration: 2
num_out_edges: 3628271
mean_out_edges: 65.9674
variance_out_edges: 213.055
max_observed_degree: 83
num_nodes: 55001
deletion_time: 38.3946
num_deleted: 5000
insertion_time: 13.2836
num_inserted: 10000
num_out_edges: 4003429
mean_out_edges: 66.7227
variance_out_edges: 177.927
max_observed_degree: 83
num_nodes: 60001
L = 20 Mean Latency: 12723.8
L = 20 Tail Latency: 155721
L = 20 Recall@10: 94.18
L = 20 QPS: 4230.44
L = 40 Mean Latency: 31705.9
L = 40 Tail Latency: 204407
L = 40 Recall@10: 98.61
L = 40 QPS: 1885.68
L = 60 Mean Latency: 41993.4
L = 60 Tail Latency: 124984
L = 60 Recall@10: 99.43
L = 60 QPS: 1444.1
L = 80 Mean Latency: 49070.2
L = 80 Tail Latency: 144537
L = 80 Recall@10: 99.67
L = 80 QPS: 1256.87
L = 100 Mean Latency: 59634.8
L = 100 Tail Latency: 170695
L = 100 Recall@10: 99.77
L = 100 QPS: 1027.85
iteration: 3
num_out_edges: 4003429
mean_out_edges: 66.7227
variance_out_edges: 177.927
max_observed_degree: 83
num_nodes: 60001
deletion_time: 39.5655
num_deleted: 5000
insertion_time: 13.7019
num_inserted: 10000
num_out_edges: 4372342
mean_out_edges: 67.2658
variance_out_edges: 154.055
max_observed_degree: 83
num_nodes: 65001
L = 20 Mean Latency: 20877.6
L = 20 Tail Latency: 125698
L = 20 Recall@10: 93.99
L = 20 QPS: 2727.12
L = 40 Mean Latency: 32444.6
L = 40 Tail Latency: 124802
L = 40 Recall@10: 98.38
L = 40 QPS: 1841.16
L = 60 Mean Latency: 41553.9
L = 60 Tail Latency: 105525
L = 60 Recall@10: 99.28
L = 60 QPS: 1443.93
L = 80 Mean Latency: 52641.3
L = 80 Tail Latency: 121794
L = 80 Recall@10: 99.66
L = 80 QPS: 1166.52
L = 100 Mean Latency: 61470
L = 100 Tail Latency: 149729
L = 100 Recall@10: 99.77
L = 100 QPS: 1000.95
iteration: 4
num_out_edges: 4372342
mean_out_edges: 67.2658
variance_out_edges: 154.055
max_observed_degree: 83
num_nodes: 65001
deletion_time: 43.35
num_deleted: 5000
insertion_time: 14.3737
num_inserted: 10000
num_out_edges: 4716279
mean_out_edges: 67.3745
variance_out_edges: 138.705
max_observed_degree: 83
num_nodes: 70001
L = 20 Mean Latency: 20531.1
L = 20 Tail Latency: 97451.5
L = 20 Recall@10: 93.7
L = 20 QPS: 2715.95
L = 40 Mean Latency: 33785.4
L = 40 Tail Latency: 97799.6
L = 40 Recall@10: 98.04
L = 40 QPS: 1765.3
L = 60 Mean Latency: 40509.2
L = 60 Tail Latency: 129160
L = 60 Recall@10: 99.24
L = 60 QPS: 1507.39
L = 80 Mean Latency: 53908
L = 80 Tail Latency: 152142
L = 80 Recall@10: 99.63
L = 80 QPS: 1135.06
L = 100 Mean Latency: 63330.1
L = 100 Tail Latency: 145431
L = 100 Recall@10: 99.8
L = 100 QPS: 976.689
iteration: 5
num_out_edges: 4716279
mean_out_edges: 67.3745
variance_out_edges: 138.705
max_observed_degree: 83
num_nodes: 70001
deletion_time: 46.6255
num_deleted: 5000
insertion_time: 16.968
num_inserted: 10000
num_out_edges: 5044202
mean_out_edges: 67.2551
variance_out_edges: 130.717
max_observed_degree: 83
num_nodes: 75001
L = 20 Mean Latency: 20826
L = 20 Tail Latency: 124614
L = 20 Recall@10: 93.52
L = 20 QPS: 2799.76
L = 40 Mean Latency: 34363.3
L = 40 Tail Latency: 94687
L = 40 Recall@10: 97.93
L = 40 QPS: 1757.41
L = 60 Mean Latency: 45321.9
L = 60 Tail Latency: 114063
L = 60 Recall@10: 99.21
L = 60 QPS: 1359.49
L = 80 Mean Latency: 55199.6
L = 80 Tail Latency: 146576
L = 80 Recall@10: 99.64
L = 80 QPS: 1113.28
L = 100 Mean Latency: 64481.5
L = 100 Tail Latency: 185650
L = 100 Recall@10: 99.73
L = 100 QPS: 958.372
iteration: 6
num_out_edges: 5044202
mean_out_edges: 67.2551
variance_out_edges: 130.717
max_observed_degree: 83
num_nodes: 75001
deletion_time: 44.7157
num_deleted: 5000
insertion_time: 17.0489
num_inserted: 10000
num_out_edges: 5375197
mean_out_edges: 67.1891
variance_out_edges: 127.771
max_observed_degree: 83
num_nodes: 80001
L = 20 Mean Latency: 22373.3
L = 20 Tail Latency: 105844
L = 20 Recall@10: 93.19
L = 20 QPS: 2668.31
L = 40 Mean Latency: 35175.7
L = 40 Tail Latency: 129435
L = 40 Recall@10: 97.9
L = 40 QPS: 1730.73
L = 60 Mean Latency: 46300.9
L = 60 Tail Latency: 123135
L = 60 Recall@10: 99.05
L = 60 QPS: 1321.19
L = 80 Mean Latency: 54789.7
L = 80 Tail Latency: 174679
L = 80 Recall@10: 99.51
L = 80 QPS: 1120.57
L = 100 Mean Latency: 66192.7
L = 100 Tail Latency: 181411
L = 100 Recall@10: 99.65
L = 100 QPS: 933.597
iteration: 7
num_out_edges: 5375197
mean_out_edges: 67.1891
variance_out_edges: 127.771
max_observed_degree: 83
num_nodes: 80001
deletion_time: 49.9383
num_deleted: 5000
insertion_time: 23.4342
num_inserted: 10000
num_out_edges: 5710642
mean_out_edges: 67.1832
variance_out_edges: 117.426
max_observed_degree: 83
num_nodes: 85001
L = 20 Mean Latency: 14350.9
L = 20 Tail Latency: 83627.4
L = 20 Recall@10: 92.44
L = 20 QPS: 3685.01
L = 40 Mean Latency: 22604
L = 40 Tail Latency: 96728.2
L = 40 Recall@10: 97.67
L = 40 QPS: 2649.92
L = 60 Mean Latency: 29710.3
L = 60 Tail Latency: 109223
L = 60 Recall@10: 98.87
L = 60 QPS: 2014.65
L = 80 Mean Latency: 36355
L = 80 Tail Latency: 107424
L = 80 Recall@10: 99.39
L = 80 QPS: 1614.44
L = 100 Mean Latency: 42456.4
L = 100 Tail Latency: 135281
L = 100 Recall@10: 99.64
L = 100 QPS: 1436.55
iteration: 8
num_out_edges: 5710642
mean_out_edges: 67.1832
variance_out_edges: 117.426
max_observed_degree: 83
num_nodes: 85001
deletion_time: 55.6066
num_deleted: 5000
insertion_time: 20.8112
num_inserted: 10000
num_out_edges: 6056968
mean_out_edges: 67.2989
variance_out_edges: 106.573
max_observed_degree: 83
num_nodes: 90001
L = 20 Mean Latency: 12991.9
L = 20 Tail Latency: 88801.5
L = 20 Recall@10: 91.82
L = 20 QPS: 3929.2
L = 40 Mean Latency: 20962.3
L = 40 Tail Latency: 89710.5
L = 40 Recall@10: 97.27
L = 40 QPS: 2789.67
L = 60 Mean Latency: 28473
L = 60 Tail Latency: 100418
L = 60 Recall@10: 98.83
L = 60 QPS: 2109.13
L = 80 Mean Latency: 56660.1
L = 80 Tail Latency: 150053
L = 80 Recall@10: 99.44
L = 80 QPS: 1079.3
L = 100 Mean Latency: 81308.1
L = 100 Tail Latency: 188803
L = 100 Recall@10: 99.67
L = 100 QPS: 762.903
iteration: 9
num_out_edges: 6056968
mean_out_edges: 67.2989
variance_out_edges: 106.573
max_observed_degree: 83
num_nodes: 90001
deletion_time: 51.2306
num_deleted: 5000
insertion_time: 18.4567
num_inserted: 10000
num_out_edges: 6386138
mean_out_edges: 67.2218
variance_out_edges: 101.793
max_observed_degree: 83
num_nodes: 95001
L = 20 Mean Latency: 22090.8
L = 20 Tail Latency: 91973.3
L = 20 Recall@10: 91.25
L = 20 QPS: 2674.96
L = 40 Mean Latency: 32505.3
L = 40 Tail Latency: 117858
L = 40 Recall@10: 97.05
L = 40 QPS: 1803.26
L = 60 Mean Latency: 46210.2
L = 60 Tail Latency: 138326
L = 60 Recall@10: 98.61
L = 60 QPS: 1320.75
L = 80 Mean Latency: 57236.7
L = 80 Tail Latency: 159902
L = 80 Recall@10: 99.29
L = 80 QPS: 1071.72
L = 100 Mean Latency: 64203.8
L = 100 Tail Latency: 144468
L = 100 Recall@10: 99.63
L = 100 QPS: 958.313
iteration: 10
num_out_edges: 6386138
mean_out_edges: 67.2218
variance_out_edges: 101.793
max_observed_degree: 83
num_nodes: 95001
deletion_time: 45.1217
num_deleted: 5000
insertion_time: 22.6026
num_inserted: 10000
num_out_edges: 6722840
mean_out_edges: 67.2277
variance_out_edges: 95.8351
max_observed_degree: 83
num_nodes: 100001
L = 20 Mean Latency: 21894
L = 20 Tail Latency: 114251
L = 20 Recall@10: 91.34
L = 20 QPS: 2630.37
L = 40 Mean Latency: 29205.4
L = 40 Tail Latency: 87078.8
L = 40 Recall@10: 97.15
L = 40 QPS: 2106.25
L = 60 Mean Latency: 29197.2
L = 60 Tail Latency: 134809
L = 60 Recall@10: 98.7
L = 60 QPS: 2076.18
L = 80 Mean Latency: 46856.9
L = 80 Tail Latency: 186799
L = 80 Recall@10: 99.26
L = 80 QPS: 1299.87
L = 100 Mean Latency: 83627.2
L = 100 Tail Latency: 212416
L = 100 Recall@10: 99.57
L = 100 QPS: 741.98
iteration: 11
num_out_edges: 6722840
mean_out_edges: 67.2277
variance_out_edges: 95.8351
max_observed_degree: 83
num_nodes: 100001
deletion_time: 55.3306
num_deleted: 5000
insertion_time: 24.7384
num_inserted: 10000
num_out_edges: 7046541
mean_out_edges: 67.1093
variance_out_edges: 92.3681
max_observed_degree: 83
num_nodes: 105001
L = 20 Mean Latency: 13796.9
L = 20 Tail Latency: 109707
L = 20 Recall@10: 91.21
L = 20 QPS: 4153.81
L = 40 Mean Latency: 21703
L = 40 Tail Latency: 94011.5
L = 40 Recall@10: 97.28
L = 40 QPS: 2797.34
L = 60 Mean Latency: 28865.6
L = 60 Tail Latency: 132163
L = 60 Recall@10: 98.62
L = 60 QPS: 1962.96
L = 80 Mean Latency: 35884.9
L = 80 Tail Latency: 97070.1
L = 80 Recall@10: 99.24
L = 80 QPS: 1703.56
L = 100 Mean Latency: 42361
L = 100 Tail Latency: 126615
L = 100 Recall@10: 99.52
L = 100 QPS: 1453.19
iteration: 12
num_out_edges: 7046541
mean_out_edges: 67.1093
variance_out_edges: 92.3681
max_observed_degree: 83
num_nodes: 105001
deletion_time: 65.0236
num_deleted: 5000
insertion_time: 22.3421
num_inserted: 10000
num_out_edges: 7377038
mean_out_edges: 67.0634
variance_out_edges: 86.5472
max_observed_degree: 83
num_nodes: 110001
L = 20 Mean Latency: 13360
L = 20 Tail Latency: 78854.4
L = 20 Recall@10: 91.23
L = 20 QPS: 4009.53
L = 40 Mean Latency: 22815.9
L = 40 Tail Latency: 68785.8
L = 40 Recall@10: 97.2
L = 40 QPS: 2612.86
L = 60 Mean Latency: 30979
L = 60 Tail Latency: 93785.8
L = 60 Recall@10: 98.65
L = 60 QPS: 1934.74
L = 80 Mean Latency: 38085.1
L = 80 Tail Latency: 99081.7
L = 80 Recall@10: 99.26
L = 80 QPS: 1587.03
L = 100 Mean Latency: 44554.3
L = 100 Tail Latency: 114327
L = 100 Recall@10: 99.53
L = 100 QPS: 1363.06
iteration: 13
num_out_edges: 7377038
mean_out_edges: 67.0634
variance_out_edges: 86.5472
max_observed_degree: 83
num_nodes: 110001
deletion_time: 75.2536
num_deleted: 5000
insertion_time: 22.6946
num_inserted: 10000
num_out_edges: 7705274
mean_out_edges: 67.0018
variance_out_edges: 82.1876
max_observed_degree: 83
num_nodes: 115001
L = 20 Mean Latency: 14476.8
L = 20 Tail Latency: 95794.7
L = 20 Recall@10: 91.19
L = 20 QPS: 3809.01
L = 40 Mean Latency: 23860.9
L = 40 Tail Latency: 67561.8
L = 40 Recall@10: 97.13
L = 40 QPS: 2521.9
L = 60 Mean Latency: 31573.4
L = 60 Tail Latency: 103087
L = 60 Recall@10: 98.65
L = 60 QPS: 1931.66
L = 80 Mean Latency: 39501.2
L = 80 Tail Latency: 90488
L = 80 Recall@10: 99.29
L = 80 QPS: 1545.01
L = 100 Mean Latency: 45749.9
L = 100 Tail Latency: 147669
L = 100 Recall@10: 99.51
L = 100 QPS: 1345.53
iteration: 14
num_out_edges: 7705274
mean_out_edges: 67.0018
variance_out_edges: 82.1876
max_observed_degree: 83
num_nodes: 115001
deletion_time: 69.1195
num_deleted: 5000
insertion_time: 18.1897
num_inserted: 10000
num_out_edges: 8032139
mean_out_edges: 66.9339
variance_out_edges: 79.1101
max_observed_degree: 83
num_nodes: 120001
L = 20 Mean Latency: 20304.9
L = 20 Tail Latency: 94458.4
L = 20 Recall@10: 90.67
L = 20 QPS: 2686.78
L = 40 Mean Latency: 37311.4
L = 40 Tail Latency: 131377
L = 40 Recall@10: 97.12
L = 40 QPS: 1654.16
L = 60 Mean Latency: 49576.1
L = 60 Tail Latency: 122595
L = 60 Recall@10: 98.61
L = 60 QPS: 1237.17
L = 80 Mean Latency: 61916.1
L = 80 Tail Latency: 192069
L = 80 Recall@10: 99.17
L = 80 QPS: 992.341
L = 100 Mean Latency: 68823.6
L = 100 Tail Latency: 167269
L = 100 Recall@10: 99.45
L = 100 QPS: 886.799
iteration: 15
num_out_edges: 8032139
mean_out_edges: 66.9339
variance_out_edges: 79.1101
max_observed_degree: 83
num_nodes: 120001
deletion_time: 75.826
num_deleted: 5000
insertion_time: 22.4042
num_inserted: 10000
num_out_edges: 8347365
mean_out_edges: 66.7784
variance_out_edges: 78.791
max_observed_degree: 83
num_nodes: 125001
L = 20 Mean Latency: 26515.2
L = 20 Tail Latency: 102498
L = 20 Recall@10: 90.34
L = 20 QPS: 2197.85
L = 40 Mean Latency: 43778.8
L = 40 Tail Latency: 116562
L = 40 Recall@10: 96.97
L = 40 QPS: 1405.81
L = 60 Mean Latency: 59308.7
L = 60 Tail Latency: 200000
L = 60 Recall@10: 98.55
L = 60 QPS: 1044.56
L = 80 Mean Latency: 48903.1
L = 80 Tail Latency: 197201
L = 80 Recall@10: 99.13
L = 80 QPS: 1252.62
L = 100 Mean Latency: 70715.4
L = 100 Tail Latency: 136878
L = 100 Recall@10: 99.44
L = 100 QPS: 871.542
iteration: 16
num_out_edges: 8347365
mean_out_edges: 66.7784
variance_out_edges: 78.791
max_observed_degree: 83
num_nodes: 125001
deletion_time: 72.5203
num_deleted: 5000
insertion_time: 27.8366
num_inserted: 10000
num_out_edges: 8684353
mean_out_edges: 66.8022
variance_out_edges: 75.8656
max_observed_degree: 83
num_nodes: 130001
L = 20 Mean Latency: 14040
L = 20 Tail Latency: 119599
L = 20 Recall@10: 90.46
L = 20 QPS: 4086.71
L = 40 Mean Latency: 21971.9
L = 40 Tail Latency: 74457.2
L = 40 Recall@10: 96.85
L = 40 QPS: 2748.09
L = 60 Mean Latency: 29242.7
L = 60 Tail Latency: 108260
L = 60 Recall@10: 98.53
L = 60 QPS: 2059.18
L = 80 Mean Latency: 35874.7
L = 80 Tail Latency: 110131
L = 80 Recall@10: 99.11
L = 80 QPS: 1634.77
L = 100 Mean Latency: 42520.6
L = 100 Tail Latency: 147682
L = 100 Recall@10: 99.45
L = 100 QPS: 1450.52
iteration: 17
num_out_edges: 8684353
mean_out_edges: 66.8022
variance_out_edges: 75.8656
max_observed_degree: 83
num_nodes: 130001
deletion_time: 54.9773
num_deleted: 5000
insertion_time: 15.975
num_inserted: 10000
num_out_edges: 9003677
mean_out_edges: 66.6934
variance_out_edges: 73.9119
max_observed_degree: 83
num_nodes: 135001
L = 20 Mean Latency: 12297.2
L = 20 Tail Latency: 83975
L = 20 Recall@10: 89.99
L = 20 QPS: 4352.43
L = 40 Mean Latency: 20915.2
L = 40 Tail Latency: 69366.7
L = 40 Recall@10: 96.41
L = 40 QPS: 2847.71
L = 60 Mean Latency: 28417.5
L = 60 Tail Latency: 76229.1
L = 60 Recall@10: 98.39
L = 60 QPS: 2136.96
L = 80 Mean Latency: 35160.1
L = 80 Tail Latency: 88040.9
L = 80 Recall@10: 99.06
L = 80 QPS: 1750.84
L = 100 Mean Latency: 41767.1
L = 100 Tail Latency: 107418
L = 100 Recall@10: 99.4
L = 100 QPS: 1457.42
iteration: 18
num_out_edges: 9003677
mean_out_edges: 66.6934
variance_out_edges: 73.9119
max_observed_degree: 83
num_nodes: 135001
deletion_time: 53.6103
num_deleted: 5000
insertion_time: 16.4511
num_inserted: 10000
num_out_edges: 9337709
mean_out_edges: 66.6974
variance_out_edges: 69.1751
max_observed_degree: 83
num_nodes: 140001
L = 20 Mean Latency: 13516.6
L = 20 Tail Latency: 87820.1
L = 20 Recall@10: 89.58
L = 20 QPS: 4015.51
L = 40 Mean Latency: 21993.4
L = 40 Tail Latency: 100422
L = 40 Recall@10: 96.43
L = 40 QPS: 2713.94
L = 60 Mean Latency: 29168.4
L = 60 Tail Latency: 93115.2
L = 60 Recall@10: 98.32
L = 60 QPS: 2045.21
L = 80 Mean Latency: 36156.1
L = 80 Tail Latency: 104256
L = 80 Recall@10: 99
L = 80 QPS: 1683.48
L = 100 Mean Latency: 42607.2
L = 100 Tail Latency: 148380
L = 100 Recall@10: 99.28
L = 100 QPS: 1436.14
iteration: 19
num_out_edges: 9337709
mean_out_edges: 66.6974
variance_out_edges: 69.1751
max_observed_degree: 83
num_nodes: 140001
deletion_time: 59.6803
num_deleted: 5000
insertion_time: 16.187
num_inserted: 10000
num_out_edges: 9660859
mean_out_edges: 66.6262
variance_out_edges: 67.8271
max_observed_degree: 83
num_nodes: 145001
L = 20 Mean Latency: 13040
L = 20 Tail Latency: 76500.2
L = 20 Recall@10: 89.87
L = 20 QPS: 4114.51
L = 40 Mean Latency: 22066.5
L = 40 Tail Latency: 85942.2
L = 40 Recall@10: 96.32
L = 40 QPS: 2709.43
L = 60 Mean Latency: 28947.4
L = 60 Tail Latency: 93083.6
L = 60 Recall@10: 98.31
L = 60 QPS: 2072.69
L = 80 Mean Latency: 35877.3
L = 80 Tail Latency: 91325.1
L = 80 Recall@10: 99.02
L = 80 QPS: 1710.52
L = 100 Mean Latency: 42388.6
L = 100 Tail Latency: 97823.5
L = 100 Recall@10: 99.35
L = 100 QPS: 1446.42
iteration: 20
num_out_edges: 9660859
mean_out_edges: 66.6262
variance_out_edges: 67.8271
max_observed_degree: 83
num_nodes: 145001
deletion_time: 43.6354
num_deleted: 5000
insertion_time: 16.4585
num_inserted: 10000
num_out_edges: 9999082
mean_out_edges: 66.6601
variance_out_edges: 65.761
max_observed_degree: 83
num_nodes: 150001
L = 20 Mean Latency: 14114.9
L = 20 Tail Latency: 98713.4
L = 20 Recall@10: 89.25
L = 20 QPS: 3592.64
L = 40 Mean Latency: 22351.1
L = 40 Tail Latency: 116621
L = 40 Recall@10: 96.17
L = 40 QPS: 2703.6
L = 60 Mean Latency: 29860.5
L = 60 Tail Latency: 80854.5
L = 60 Recall@10: 98.16
L = 60 QPS: 2015.32
L = 80 Mean Latency: 36669.7
L = 80 Tail Latency: 109762
L = 80 Recall@10: 98.98
L = 80 QPS: 1606.16
L = 100 Mean Latency: 43498.6
L = 100 Tail Latency: 149755
L = 100 Recall@10: 99.25
L = 100 QPS: 1420.46
