initial_build_time: 40.9229
iteration: 1
num_out_edges: 2892461
mean_out_edges: 57.8481
variance_out_edges: 176.984
max_observed_degree: 64
num_nodes: 50001
deletion_time: 21.3783
num_deleted: 5000
insertion_time: 11.5763
num_inserted: 10000
num_out_edges: 3630869
mean_out_edges: 66.0146
variance_out_edges: 211.1
max_observed_degree: 83
num_nodes: 55001
L = 20 Mean Latency: 11567.1
L = 20 Tail Latency: 59806
L = 20 Recall@10: 94.8
L = 20 QPS: 4966.51
L = 40 Mean Latency: 17851.9
L = 40 Tail Latency: 65033.8
L = 40 Recall@10: 98.49
L = 40 QPS: 3240.81
L = 60 Mean Latency: 23441.9
L = 60 Tail Latency: 67561.4
L = 60 Recall@10: 99.41
L = 60 QPS: 2504.92
L = 80 Mean Latency: 28589
L = 80 Tail Latency: 108964
L = 80 Recall@10: 99.7
L = 80 QPS: 2053.98
L = 100 Mean Latency: 33065.8
L = 100 Tail Latency: 126697
L = 100 Recall@10: 99.8
L = 100 QPS: 1818.87
iteration: 2
num_out_edges: 3630869
mean_out_edges: 66.0146
variance_out_edges: 211.1
max_observed_degree: 83
num_nodes: 55001
deletion_time: 26.3462
num_deleted: 5000
insertion_time: 11.8862
num_inserted: 10000
num_out_edges: 4005702
mean_out_edges: 66.7606
variance_out_edges: 176.176
max_observed_degree: 83
num_nodes: 60001
L = 20 Mean Latency: 10346.8
L = 20 Tail Latency: 90905.6
L = 20 Recall@10: 94.29
L = 20 QPS: 4524.51
L = 40 Mean Latency: 18510.3
L = 40 Tail Latency: 67879.5
L = 40 Recall@10: 98.52
L = 40 QPS: 3231.25
L = 60 Mean Latency: 24155.2
L = 60 Tail Latency: 66143.5
L = 60 Recall@10: 99.43
L = 60 QPS: 2511.16
L = 80 Mean Latency: 29625
L = 80 Tail Latency: 111846
L = 80 Recall@10: 99.69
L = 80 QPS: 2053.7
L = 100 Mean Latency: 34277.3
L = 100 Tail Latency: 80427.5
L = 100 Recall@10: 99.82
L = 100 QPS: 1772.52
iteration: 3
num_out_edges: 4005702
mean_out_edges: 66.7606
variance_out_edges: 176.176
max_observed_degree: 83
num_nodes: 60001
deletion_time: 26.5335
num_deleted: 5000
insertion_time: 12.3402
num_inserted: 10000
num_out_edges: 4373194
mean_out_edges: 67.2789
variance_out_edges: 152.956
max_observed_degree: 83
num_nodes: 65001
L = 20 Mean Latency: 11428.1
L = 20 Tail Latency: 82429.9
L = 20 Recall@10: 93.97
L = 20 QPS: 4560.56
L = 40 Mean Latency: 18975.1
L = 40 Tail Latency: 73240.3
L = 40 Recall@10: 98.26
L = 40 QPS: 3165.1
L = 60 Mean Latency: 25002.8
L = 60 Tail Latency: 66425.7
L = 60 Recall@10: 99.24
L = 60 QPS: 2430.83
L = 80 Mean Latency: 30062.3
L = 80 Tail Latency: 81008.9
L = 80 Recall@10: 99.67
L = 80 QPS: 2009.52
L = 100 Mean Latency: 35233.4
L = 100 Tail Latency: 98987.6
L = 100 Recall@10: 99.83
L = 100 QPS: 1708.44
iteration: 4
num_out_edges: 4373194
mean_out_edges: 67.2789
variance_out_edges: 152.956
max_observed_degree: 83
num_nodes: 65001
deletion_time: 29.1255
num_deleted: 5000
insertion_time: 12.7736
num_inserted: 10000
num_out_edges: 4717531
mean_out_edges: 67.3923
variance_out_edges: 137.945
max_observed_degree: 83
num_nodes: 70001
L = 20 Mean Latency: 12447.9
L = 20 Tail Latency: 75714
L = 20 Recall@10: 93.77
L = 20 QPS: 4017.68
L = 40 Mean Latency: 19281.6
L = 40 Tail Latency: 68442.4
L = 40 Recall@10: 98.12
L = 40 QPS: 3036.41
L = 60 Mean Latency: 25755.8
L = 60 Tail Latency: 65100.9
L = 60 Recall@10: 99.25
L = 60 QPS: 2359.57
L = 80 Mean Latency: 31537.7
L = 80 Tail Latency: 81702.3
L = 80 Recall@10: 99.67
L = 80 QPS: 1933.98
L = 100 Mean Latency: 36688.5
L = 100 Tail Latency: 91337.7
L = 100 Recall@10: 99.83
L = 100 QPS: 1667.67
iteration: 5
num_out_edges: 4717531
mean_out_edges: 67.3923
variance_out_edges: 137.945
max_observed_degree: 83
num_nodes: 70001
deletion_time: 29.4109
num_deleted: 5000
insertion_time: 12.7083
num_inserted: 10000
num_out_edges: 5045989
mean_out_edges: 67.279
variance_out_edges: 129.74
max_observed_degree: 83
num_nodes: 75001
L = 20 Mean Latency: 11919.3
L = 20 Tail Latency: 73028.2
L = 20 Recall@10: 93.65
L = 20 QPS: 4288.32
L = 40 Mean Latency: 19503.1
L = 40 Tail Latency: 83881.2
L = 40 Recall@10: 97.99
L = 40 QPS: 3065.61
L = 60 Mean Latency: 25904.4
L = 60 Tail Latency: 75288.1
L = 60 Recall@10: 99.32
L = 60 QPS: 2350.63
L = 80 Mean Latency: 31305.3
L = 80 Tail Latency: 151296
L = 80 Recall@10: 99.7
L = 80 QPS: 1931.15
L = 100 Mean Latency: 36781.5
L = 100 Tail Latency: 100720
L = 100 Recall@10: 99.81
L = 100 QPS: 1660.36
iteration: 6
num_out_edges: 5045989
mean_out_edges: 67.279
variance_out_edges: 129.74
max_observed_degree: 83
num_nodes: 75001
deletion_time: 31.2047
num_deleted: 5000
insertion_time: 13.1429
num_inserted: 10000
num_out_edges: 5376192
mean_out_edges: 67.2016
variance_out_edges: 127.339
max_observed_degree: 83
num_nodes: 80001
L = 20 Mean Latency: 11884.4
L = 20 Tail Latency: 76165.1
L = 20 Recall@10: 93.23
L = 20 QPS: 4398.94
L = 40 Mean Latency: 19988.7
L = 40 Tail Latency: 76450.2
L = 40 Recall@10: 98.09
L = 40 QPS: 2926.16
L = 60 Mean Latency: 26565.7
L = 60 Tail Latency: 103002
L = 60 Recall@10: 99.12
L = 60 QPS: 2222.41
L = 80 Mean Latency: 33129.2
L = 80 Tail Latency: 94256.1
L = 80 Recall@10: 99.55
L = 80 QPS: 1702.36
L = 100 Mean Latency: 37656.1
L = 100 Tail Latency: 95175.6
L = 100 Recall@10: 99.7
L = 100 QPS: 1614.64
iteration: 7
num_out_edges: 5376192
mean_out_edges: 67.2016
variance_out_edges: 127.339
max_observed_degree: 83
num_nodes: 80001
deletion_time: 31.7336
num_deleted: 5000
insertion_time: 13.4652
num_inserted: 10000
num_out_edges: 5710469
mean_out_edges: 67.1812
variance_out_edges: 117.587
max_observed_degree: 83
num_nodes: 85001
L = 20 Mean Latency: 13025.3
L = 20 Tail Latency: 92787
L = 20 Recall@10: 92.57
L = 20 QPS: 4342.79
L = 40 Mean Latency: 20487.2
L = 40 Tail Latency: 72513.2
L = 40 Recall@10: 97.72
L = 40 QPS: 2943.92
L = 60 Mean Latency: 26846.8
L = 60 Tail Latency: 73739.1
L = 60 Recall@10: 99.05
L = 60 QPS: 2205.01
L = 80 Mean Latency: 33006.6
L = 80 Tail Latency: 96346.6
L = 80 Recall@10: 99.5
L = 80 QPS: 1853.05
L = 100 Mean Latency: 38378.4
L = 100 Tail Latency: 137932
L = 100 Recall@10: 99.7
L = 100 QPS: 1584.66
iteration: 8
num_out_edges: 5710469
mean_out_edges: 67.1812
variance_out_edges: 117.587
max_observed_degree: 83
num_nodes: 85001
deletion_time: 32.0872
num_deleted: 5000
insertion_time: 13.898
num_inserted: 10000
num_out_edges: 6056164
mean_out_edges: 67.29
variance_out_edges: 106.634
max_observed_degree: 83
num_nodes: 90001
L = 20 Mean Latency: 12390.7
L = 20 Tail Latency: 70953
L = 20 Recall@10: 92.01
L = 20 QPS: 4256.73
L = 40 Mean Latency: 20367.1
L = 40 Tail Latency: 67039.7
L = 40 Recall@10: 97.43
L = 40 QPS: 2893.95
L = 60 Mean Latency: 27009.4
L = 60 Tail Latency: 76790.1
L = 60 Recall@10: 98.9
L = 60 QPS: 2246.22
L = 80 Mean Latency: 32977.9
L = 80 Tail Latency: 120470
L = 80 Recall@10: 99.51
L = 80 QPS: 1858.71
L = 100 Mean Latency: 38772.5
L = 100 Tail Latency: 102609
L = 100 Recall@10: 99.71
L = 100 QPS: 1581.96
iteration: 9
num_out_edges: 6056164
mean_out_edges: 67.29
variance_out_edges: 106.634
max_observed_degree: 83
num_nodes: 90001
deletion_time: 33.7932
num_deleted: 5000
insertion_time: 14.3887
num_inserted: 10000
num_out_edges: 6387123
mean_out_edges: 67.2322
variance_out_edges: 101.113
max_observed_degree: 83
num_nodes: 95001
L = 20 Mean Latency: 13492.2
L = 20 Tail Latency: 77412.5
L = 20 Recall@10: 91.32
L = 20 QPS: 4206.31
L = 40 Mean Latency: 20564.2
L = 40 Tail Latency: 67467.3
L = 40 Recall@10: 97.19
L = 40 QPS: 2812.87
L = 60 Mean Latency: 30006.5
L = 60 Tail Latency: 168564
L = 60 Recall@10: 98.7
L = 60 QPS: 2039.78
L = 80 Mean Latency: 34334.9
L = 80 Tail Latency: 122045
L = 80 Recall@10: 99.33
L = 80 QPS: 1778.42
L = 100 Mean Latency: 39788.1
L = 100 Tail Latency: 105495
L = 100 Recall@10: 99.66
L = 100 QPS: 1535.76
iteration: 10
num_out_edges: 6387123
mean_out_edges: 67.2322
variance_out_edges: 101.113
max_observed_degree: 83
num_nodes: 95001
deletion_time: 30.8493
num_deleted: 5000
insertion_time: 14.4836
num_inserted: 10000
num_out_edges: 6723442
mean_out_edges: 67.2337
variance_out_edges: 95.14
max_observed_degree: 83
num_nodes: 100001
L = 20 Mean Latency: 14027.9
L = 20 Tail Latency: 64272.9
L = 20 Recall@10: 91.48
L = 20 QPS: 3611.62
L = 40 Mean Latency: 20815.5
L = 40 Tail Latency: 75868.3
L = 40 Recall@10: 97.16
L = 40 QPS: 2815.05
L = 60 Mean Latency: 27923.4
L = 60 Tail Latency: 80810.3
L = 60 Recall@10: 98.64
L = 60 QPS: 2176.27
L = 80 Mean Latency: 34264
L = 80 Tail Latency: 96942.7
L = 80 Recall@10: 99.31
L = 80 QPS: 1783.03
L = 100 Mean Latency: 39697.8
L = 100 Tail Latency: 96100.9
L = 100 Recall@10: 99.63
L = 100 QPS: 1517.21
iteration: 11
num_out_edges: 6723442
mean_out_edges: 67.2337
variance_out_edges: 95.14
max_observed_degree: 83
num_nodes: 100001
deletion_time: 36.4446
num_deleted: 5000
insertion_time: 14.5816
num_inserted: 10000
num_out_edges: 7046880
mean_out_edges: 67.1125
variance_out_edges: 92.0746
max_observed_degree: 83
num_nodes: 105001
L = 20 Mean Latency: 11693.1
L = 20 Tail Latency: 61875.5
L = 20 Recall@10: 91.41
L = 20 QPS: 4492.36
L = 40 Mean Latency: 20229.8
L = 40 Tail Latency: 90485.2
L = 40 Recall@10: 97.24
L = 40 QPS: 2991.18
L = 60 Mean Latency: 26837.7
L = 60 Tail Latency: 91146.8
L = 60 Recall@10: 98.73
L = 60 QPS: 2240.98
L = 80 Mean Latency: 33451.2
L = 80 Tail Latency: 92704.9
L = 80 Recall@10: 99.38
L = 80 QPS: 1819.85
L = 100 Mean Latency: 39446.7
L = 100 Tail Latency: 94896.5
L = 100 Recall@10: 99.63
L = 100 QPS: 1550.32
iteration: 12
num_out_edges: 7046880
mean_out_edges: 67.1125
variance_out_edges: 92.0746
max_observed_degree: 83
num_nodes: 105001
deletion_time: 39.4248
num_deleted: 5000
insertion_time: 15.0135
num_inserted: 10000
num_out_edges: 7377681
mean_out_edges: 67.0692
variance_out_edges: 86.4191
max_observed_degree: 83
num_nodes: 110001
L = 20 Mean Latency: 12686.7
L = 20 Tail Latency: 73448
L = 20 Recall@10: 91.55
L = 20 QPS: 4488.13
L = 40 Mean Latency: 20730
L = 40 Tail Latency: 73063.2
L = 40 Recall@10: 97.29
L = 40 QPS: 2873.71
L = 60 Mean Latency: 28038.5
L = 60 Tail Latency: 74815.8
L = 60 Recall@10: 98.74
L = 60 QPS: 2150.58
L = 80 Mean Latency: 36872.9
L = 80 Tail Latency: 107062
L = 80 Recall@10: 99.36
L = 80 QPS: 1644.67
L = 100 Mean Latency: 40037.8
L = 100 Tail Latency: 105841
L = 100 Recall@10: 99.68
L = 100 QPS: 1451.09
iteration: 13
num_out_edges: 7377681
mean_out_edges: 67.0692
variance_out_edges: 86.4191
max_observed_degree: 83
num_nodes: 110001
deletion_time: 44.7485
num_deleted: 5000
insertion_time: 15.3083
num_inserted: 10000
num_out_edges: 7705411
mean_out_edges: 67.003
variance_out_edges: 82.2628
max_observed_degree: 83
num_nodes: 115001
L = 20 Mean Latency: 12959.1
L = 20 Tail Latency: 71948.6
L = 20 Recall@10: 90.95
L = 20 QPS: 4283.01
L = 40 Mean Latency: 21305.6
L = 40 Tail Latency: 102039
L = 40 Recall@10: 97.15
L = 40 QPS: 2761.69
L = 60 Mean Latency: 28479.2
L = 60 Tail Latency: 105066
L = 60 Recall@10: 98.81
L = 60 QPS: 2149.02
L = 80 Mean Latency: 35052.7
L = 80 Tail Latency: 78812.4
L = 80 Recall@10: 99.35
L = 80 QPS: 1749.56
L = 100 Mean Latency: 41081.5
L = 100 Tail Latency: 96976.7
L = 100 Recall@10: 99.58
L = 100 QPS: 1480.74
iteration: 14
num_out_edges: 7705411
mean_out_edges: 67.003
variance_out_edges: 82.2628
max_observed_degree: 83
num_nodes: 115001
deletion_time: 39.4429
num_deleted: 5000
insertion_time: 15.3259
num_inserted: 10000
num_out_edges: 8031250
mean_out_edges: 66.9265
variance_out_edges: 79.1913
max_observed_degree: 83
num_nodes: 120001
L = 20 Mean Latency: 13777.3
L = 20 Tail Latency: 91616.4
L = 20 Recall@10: 90.99
L = 20 QPS: 4021.99
L = 40 Mean Latency: 21668.4
L = 40 Tail Latency: 95288.4
L = 40 Recall@10: 97.1
L = 40 QPS: 2774.55
L = 60 Mean Latency: 28909.1
L = 60 Tail Latency: 84646.2
L = 60 Recall@10: 98.65
L = 60 QPS: 2109.58
L = 80 Mean Latency: 34987.2
L = 80 Tail Latency: 94493
L = 80 Recall@10: 99.23
L = 80 QPS: 1717.65
L = 100 Mean Latency: 41868.9
L = 100 Tail Latency: 113502
L = 100 Recall@10: 99.58
L = 100 QPS: 1487.48
iteration: 15
num_out_edges: 8031250
mean_out_edges: 66.9265
variance_out_edges: 79.1913
max_observed_degree: 83
num_nodes: 120001
deletion_time: 44.7186
num_deleted: 5000
insertion_time: 15.2
num_inserted: 10000
num_out_edges: 8347013
mean_out_edges: 66.7756
variance_out_edges: 78.7483
max_observed_degree: 83
num_nodes: 125001
L = 20 Mean Latency: 12574.7
L = 20 Tail Latency: 81976.9
L = 20 Recall@10: 90.75
L = 20 QPS: 4322.96
L = 40 Mean Latency: 20954.1
L = 40 Tail Latency: 83902.5
L = 40 Recall@10: 96.98
L = 40 QPS: 2845.26
L = 60 Mean Latency: 28107.8
L = 60 Tail Latency: 103411
L = 60 Recall@10: 98.69
L = 60 QPS: 2146.05
L = 80 Mean Latency: 34765.7
L = 80 Tail Latency: 118332
L = 80 Recall@10: 99.29
L = 80 QPS: 1772.79
L = 100 Mean Latency: 41158.9
L = 100 Tail Latency: 112948
L = 100 Recall@10: 99.57
L = 100 QPS: 1484.07
iteration: 16
num_out_edges: 8347013
mean_out_edges: 66.7756
variance_out_edges: 78.7483
max_observed_degree: 83
num_nodes: 125001
deletion_time: 42.3818
num_deleted: 5000
insertion_time: 15.4977
num_inserted: 10000
num_out_edges: 8682996
mean_out_edges: 66.7918
variance_out_edges: 76.3533
max_observed_degree: 83
num_nodes: 130001
L = 20 Mean Latency: 13618.9
L = 20 Tail Latency: 71609.3
L = 20 Recall@10: 90.7
L = 20 QPS: 4320.84
L = 40 Mean Latency: 21803.8
L = 40 Tail Latency: 61755
L = 40 Recall@10: 96.98
L = 40 QPS: 2727.76
L = 60 Mean Latency: 29698.9
L = 60 Tail Latency: 96803.2
L = 60 Recall@10: 98.68
L = 60 QPS: 1923.29
L = 80 Mean Latency: 35811.1
L = 80 Tail Latency: 124070
L = 80 Recall@10: 99.21
L = 80 QPS: 1687.05
L = 100 Mean Latency: 42122.9
L = 100 Tail Latency: 91398
L = 100 Recall@10: 99.55
L = 100 QPS: 1445.14
iteration: 17
num_out_edges: 8682996
mean_out_edges: 66.7918
variance_out_edges: 76.3533
max_observed_degree: 83
num_nodes: 130001
deletion_time: 47.1019
num_deleted: 5000
insertion_time: 15.6103
num_inserted: 10000
num_out_edges: 9002796
mean_out_edges: 66.6869
variance_out_edges: 74.1756
max_observed_degree: 83
num_nodes: 135001
L = 20 Mean Latency: 13615.9
L = 20 Tail Latency: 68471.3
L = 20 Recall@10: 90.04
L = 20 QPS: 4068.91
L = 40 Mean Latency: 22027.2
L = 40 Tail Latency: 93831.8
L = 40 Recall@10: 96.51
L = 40 QPS: 2689.44
L = 60 Mean Latency: 29530.8
L = 60 Tail Latency: 83049.5
L = 60 Recall@10: 98.41
L = 60 QPS: 2076.78
L = 80 Mean Latency: 36039.2
L = 80 Tail Latency: 99385.5
L = 80 Recall@10: 99.14
L = 80 QPS: 1637.69
L = 100 Mean Latency: 42874.4
L = 100 Tail Latency: 93592.2
L = 100 Recall@10: 99.48
L = 100 QPS: 1431.57
iteration: 18
num_out_edges: 9002796
mean_out_edges: 66.6869
variance_out_edges: 74.1756
max_observed_degree: 83
num_nodes: 135001
deletion_time: 46.3902
num_deleted: 5000
insertion_time: 16.015
num_inserted: 10000
num_out_edges: 9337501
mean_out_edges: 66.696
variance_out_edges: 69.4914
max_observed_degree: 83
num_nodes: 140001
L = 20 Mean Latency: 13533.4
L = 20 Tail Latency: 68170.4
L = 20 Recall@10: 89.65
L = 20 QPS: 4211.39
L = 40 Mean Latency: 21971.7
L = 40 Tail Latency: 62209.1
L = 40 Recall@10: 96.36
L = 40 QPS: 2639.14
L = 60 Mean Latency: 29184.6
L = 60 Tail Latency: 81119.7
L = 60 Recall@10: 98.37
L = 60 QPS: 2076.25
L = 80 Mean Latency: 36246.6
L = 80 Tail Latency: 95004.1
L = 80 Recall@10: 99.08
L = 80 QPS: 1690.69
L = 100 Mean Latency: 42658.2
L = 100 Tail Latency: 91318.9
L = 100 Recall@10: 99.38
L = 100 QPS: 1431
iteration: 19
num_out_edges: 9337501
mean_out_edges: 66.696
variance_out_edges: 69.4914
max_observed_degree: 83
num_nodes: 140001
deletion_time: 51.6875
num_deleted: 5000
insertion_time: 15.9044
num_inserted: 10000
num_out_edges: 9659003
mean_out_edges: 66.6134
variance_out_edges: 68.0491
max_observed_degree: 83
num_nodes: 145001
L = 20 Mean Latency: 13629.8
L = 20 Tail Latency: 63215.4
L = 20 Recall@10: 89.78
L = 20 QPS: 3868.48
L = 40 Mean Latency: 22228.3
L = 40 Tail Latency: 82673.5
L = 40 Recall@10: 96.35
L = 40 QPS: 2671.15
L = 60 Mean Latency: 29786.6
L = 60 Tail Latency: 106922
L = 60 Recall@10: 98.49
L = 60 QPS: 2052.29
L = 80 Mean Latency: 36643.6
L = 80 Tail Latency: 95065.6
L = 80 Recall@10: 99.16
L = 80 QPS: 1678.48
L = 100 Mean Latency: 43171.3
L = 100 Tail Latency: 126692
L = 100 Recall@10: 99.46
L = 100 QPS: 1407.94
iteration: 20
num_out_edges: 9659003
mean_out_edges: 66.6134
variance_out_edges: 68.0491
max_observed_degree: 83
num_nodes: 145001
deletion_time: 38.249
num_deleted: 5000
insertion_time: 15.9975
num_inserted: 10000
num_out_edges: 9998611
mean_out_edges: 66.657
variance_out_edges: 65.9543
max_observed_degree: 83
num_nodes: 150001
L = 20 Mean Latency: 13948.8
L = 20 Tail Latency: 72985.8
L = 20 Recall@10: 89.21
L = 20 QPS: 4078.75
L = 40 Mean Latency: 22458.4
L = 40 Tail Latency: 66717.5
L = 40 Recall@10: 96.28
L = 40 QPS: 2684.86
L = 60 Mean Latency: 29828.6
L = 60 Tail Latency: 92841.7
L = 60 Recall@10: 98.25
L = 60 QPS: 2041.56
L = 80 Mean Latency: 36758.8
L = 80 Tail Latency: 87172.8
L = 80 Recall@10: 99.12
L = 80 QPS: 1620.33
L = 100 Mean Latency: 43376.4
L = 100 Tail Latency: 102301
L = 100 Recall@10: 99.39
L = 100 QPS: 1398.4
