initial_build_time: 92.1558
iteration: 1
num_out_edges: 4402376
mean_out_edges: 44.0233
variance_out_edges: 391.158
max_observed_degree: 64
num_nodes: 100001
deletion_time: 3.63073
num_deleted: 3000
insertion_time: 3.43655
num_inserted: 3000
num_out_edges: 4593239
mean_out_edges: 45.9319
variance_out_edges: 412.538
max_observed_degree: 83
num_nodes: 100001
L = 20 Mean Latency: 11571.9
L = 20 Tail Latency: 80096.3
L = 20 Recall@10: 91.82
L = 20 QPS: 4373.85
L = 40 Mean Latency: 17525.9
L = 40 Tail Latency: 61310.6
L = 40 Recall@10: 97.14
L = 40 QPS: 3390.07
L = 60 Mean Latency: 23465.3
L = 60 Tail Latency: 99362.2
L = 60 Recall@10: 98.5
L = 60 QPS: 2576.82
L = 80 Mean Latency: 28550.1
L = 80 Tail Latency: 85177.7
L = 80 Recall@10: 99.2
L = 80 QPS: 2114.23
L = 100 Mean Latency: 33479.3
L = 100 Tail Latency: 90324.6
L = 100 Recall@10: 99.53
L = 100 QPS: 1823.65
iteration: 2
num_out_edges: 4593239
mean_out_edges: 45.9319
variance_out_edges: 412.538
max_observed_degree: 83
num_nodes: 100001
deletion_time: 3.49754
num_deleted: 3000
insertion_time: 3.45557
num_inserted: 3000
num_out_edges: 4690259
mean_out_edges: 46.9021
variance_out_edges: 405.432
max_observed_degree: 83
num_nodes: 100001
L = 20 Mean Latency: 10982.6
L = 20 Tail Latency: 59489.2
L = 20 Recall@10: 91.47
L = 20 QPS: 5061.18
L = 40 Mean Latency: 17646.5
L = 40 Tail Latency: 85219.5
L = 40 Recall@10: 97.18
L = 40 QPS: 3367.56
L = 60 Mean Latency: 23477.3
L = 60 Tail Latency: 107888
L = 60 Recall@10: 98.42
L = 60 QPS: 2549.82
L = 80 Mean Latency: 28670.4
L = 80 Tail Latency: 88694.7
L = 80 Recall@10: 99.18
L = 80 QPS: 2107.68
L = 100 Mean Latency: 33628.3
L = 100 Tail Latency: 105327
L = 100 Recall@10: 99.53
L = 100 QPS: 1801.81
iteration: 3
num_out_edges: 4690259
mean_out_edges: 46.9021
variance_out_edges: 405.432
max_observed_degree: 83
num_nodes: 100001
deletion_time: 3.57976
num_deleted: 3000
insertion_time: 3.47213
num_inserted: 3000
num_out_edges: 4709817
mean_out_edges: 47.0977
variance_out_edges: 403.068
max_observed_degree: 83
num_nodes: 100001
L = 20 Mean Latency: 10641.4
L = 20 Tail Latency: 62867.2
L = 20 Recall@10: 91.43
L = 20 QPS: 4975.92
L = 40 Mean Latency: 17551.3
L = 40 Tail Latency: 69096.1
L = 40 Recall@10: 97.19
L = 40 QPS: 3301.12
L = 60 Mean Latency: 23336.8
L = 60 Tail Latency: 66229.2
L = 60 Recall@10: 98.42
L = 60 QPS: 2561.78
L = 80 Mean Latency: 28646.2
L = 80 Tail Latency: 88869.4
L = 80 Recall@10: 99.18
L = 80 QPS: 2104.87
L = 100 Mean Latency: 33598.8
L = 100 Tail Latency: 77859.3
L = 100 Recall@10: 99.53
L = 100 QPS: 1812.12
iteration: 4
num_out_edges: 4709817
mean_out_edges: 47.0977
variance_out_edges: 403.068
max_observed_degree: 83
num_nodes: 100001
deletion_time: 3.54185
num_deleted: 3000
insertion_time: 3.44848
num_inserted: 3000
num_out_edges: 4710696
mean_out_edges: 47.1065
variance_out_edges: 403.007
max_observed_degree: 83
num_nodes: 100001
L = 20 Mean Latency: 10697.5
L = 20 Tail Latency: 59013.3
L = 20 Recall@10: 91.45
L = 20 QPS: 5036.49
L = 40 Mean Latency: 17655.1
L = 40 Tail Latency: 61458.6
L = 40 Recall@10: 97.19
L = 40 QPS: 3154.17
L = 60 Mean Latency: 23360.7
L = 60 Tail Latency: 73729.6
L = 60 Recall@10: 98.42
L = 60 QPS: 2527.02
L = 80 Mean Latency: 28554.8
L = 80 Tail Latency: 79306.9
L = 80 Recall@10: 99.18
L = 80 QPS: 2085.16
L = 100 Mean Latency: 33722.5
L = 100 Tail Latency: 86341.8
L = 100 Recall@10: 99.53
L = 100 QPS: 1810.36
iteration: 5
num_out_edges: 4710696
mean_out_edges: 47.1065
variance_out_edges: 403.007
max_observed_degree: 83
num_nodes: 100001
deletion_time: 3.5206
num_deleted: 3000
insertion_time: 3.45092
num_inserted: 3000
num_out_edges: 4711285
mean_out_edges: 47.1124
variance_out_edges: 403.01
max_observed_degree: 83
num_nodes: 100001
L = 20 Mean Latency: 10508.9
L = 20 Tail Latency: 94316.3
L = 20 Recall@10: 91.44
L = 20 QPS: 5012.81
L = 40 Mean Latency: 17698.1
L = 40 Tail Latency: 69419.4
L = 40 Recall@10: 97.18
L = 40 QPS: 3380.38
L = 60 Mean Latency: 23560.6
L = 60 Tail Latency: 66622.7
L = 60 Recall@10: 98.42
L = 60 QPS: 2531.14
L = 80 Mean Latency: 28679.5
L = 80 Tail Latency: 81529.8
L = 80 Recall@10: 99.18
L = 80 QPS: 2075.23
L = 100 Mean Latency: 33795.2
L = 100 Tail Latency: 98387.5
L = 100 Recall@10: 99.53
L = 100 QPS: 1802.5
iteration: 6
num_out_edges: 4711285
mean_out_edges: 47.1124
variance_out_edges: 403.01
max_observed_degree: 83
num_nodes: 100001
deletion_time: 3.51321
num_deleted: 3000
insertion_time: 3.45236
num_inserted: 3000
num_out_edges: 4711824
mean_out_edges: 47.1178
variance_out_edges: 402.989
max_observed_degree: 83
num_nodes: 100001
L = 20 Mean Latency: 11205.9
L = 20 Tail Latency: 92312.8
L = 20 Recall@10: 91.46
L = 20 QPS: 4500.69
L = 40 Mean Latency: 17616.2
L = 40 Tail Latency: 96080.5
L = 40 Recall@10: 97.19
L = 40 QPS: 3335.7
L = 60 Mean Latency: 24500
L = 60 Tail Latency: 95286.8
L = 60 Recall@10: 98.42
L = 60 QPS: 2450.14
L = 80 Mean Latency: 28776.4
L = 80 Tail Latency: 72176.2
L = 80 Recall@10: 99.18
L = 80 QPS: 2097.85
L = 100 Mean Latency: 33577.5
L = 100 Tail Latency: 86449.7
L = 100 Recall@10: 99.53
L = 100 QPS: 1780.71
iteration: 7
num_out_edges: 4711824
mean_out_edges: 47.1178
variance_out_edges: 402.989
max_observed_degree: 83
num_nodes: 100001
deletion_time: 3.54094
num_deleted: 3000
insertion_time: 3.44777
num_inserted: 3000
num_out_edges: 4711705
mean_out_edges: 47.1166
variance_out_edges: 403.024
max_observed_degree: 83
num_nodes: 100001
L = 20 Mean Latency: 10525.2
L = 20 Tail Latency: 92420.4
L = 20 Recall@10: 91.46
L = 20 QPS: 4423.62
L = 40 Mean Latency: 17537.1
L = 40 Tail Latency: 81747.7
L = 40 Recall@10: 97.18
L = 40 QPS: 3343.41
L = 60 Mean Latency: 23579.8
L = 60 Tail Latency: 68474.1
L = 60 Recall@10: 98.42
L = 60 QPS: 2538.57
L = 80 Mean Latency: 28665.9
L = 80 Tail Latency: 81799.1
L = 80 Recall@10: 99.18
L = 80 QPS: 2080.77
L = 100 Mean Latency: 33722.5
L = 100 Tail Latency: 86487.5
L = 100 Recall@10: 99.53
L = 100 QPS: 1810.57
iteration: 8
num_out_edges: 4711705
mean_out_edges: 47.1166
variance_out_edges: 403.024
max_observed_degree: 83
num_nodes: 100001
deletion_time: 3.45395
num_deleted: 3000
insertion_time: 3.43987
num_inserted: 3000
num_out_edges: 4712027
mean_out_edges: 47.1198
variance_out_edges: 403.021
max_observed_degree: 83
num_nodes: 100001
L = 20 Mean Latency: 10852.8
L = 20 Tail Latency: 94949.8
L = 20 Recall@10: 91.46
L = 20 QPS: 5054.77
L = 40 Mean Latency: 17556.9
L = 40 Tail Latency: 77791.6
L = 40 Recall@10: 97.19
L = 40 QPS: 3242.14
L = 60 Mean Latency: 23416.1
L = 60 Tail Latency: 89207.9
L = 60 Recall@10: 98.42
L = 60 QPS: 2510.77
L = 80 Mean Latency: 29255.4
L = 80 Tail Latency: 107134
L = 80 Recall@10: 99.18
L = 80 QPS: 2005.51
L = 100 Mean Latency: 33687.3
L = 100 Tail Latency: 98531.9
L = 100 Recall@10: 99.52
L = 100 QPS: 1804.84
iteration: 9
num_out_edges: 4712027
mean_out_edges: 47.1198
variance_out_edges: 403.021
max_observed_degree: 83
num_nodes: 100001
deletion_time: 3.47552
num_deleted: 3000
insertion_time: 3.45006
num_inserted: 3000
num_out_edges: 4712231
mean_out_edges: 47.1218
variance_out_edges: 402.985
max_observed_degree: 83
num_nodes: 100001
L = 20 Mean Latency: 10981.7
L = 20 Tail Latency: 91709.5
L = 20 Recall@10: 91.44
L = 20 QPS: 5102.3
L = 40 Mean Latency: 17542.2
L = 40 Tail Latency: 87667.5
L = 40 Recall@10: 97.18
L = 40 QPS: 3334.07
L = 60 Mean Latency: 23427.4
L = 60 Tail Latency: 80314.5
L = 60 Recall@10: 98.42
L = 60 QPS: 2567.6
L = 80 Mean Latency: 28808.2
L = 80 Tail Latency: 89149.4
L = 80 Recall@10: 99.18
L = 80 QPS: 2103.73
L = 100 Mean Latency: 33682.8
L = 100 Tail Latency: 108706
L = 100 Recall@10: 99.53
L = 100 QPS: 1814.92
iteration: 10
num_out_edges: 4712231
mean_out_edges: 47.1218
variance_out_edges: 402.985
max_observed_degree: 83
num_nodes: 100001
deletion_time: 3.49585
num_deleted: 3000
insertion_time: 3.45171
num_inserted: 3000
num_out_edges: 4712071
mean_out_edges: 47.1202
variance_out_edges: 403.023
max_observed_degree: 83
num_nodes: 100001
L = 20 Mean Latency: 10649
L = 20 Tail Latency: 91495
L = 20 Recall@10: 91.46
L = 20 QPS: 5146.8
L = 40 Mean Latency: 17718.6
L = 40 Tail Latency: 60516.7
L = 40 Recall@10: 97.18
L = 40 QPS: 3323.16
L = 60 Mean Latency: 23299.9
L = 60 Tail Latency: 69216.8
L = 60 Recall@10: 98.42
L = 60 QPS: 2577.37
L = 80 Mean Latency: 28723.8
L = 80 Tail Latency: 93518.1
L = 80 Recall@10: 99.18
L = 80 QPS: 2124.41
L = 100 Mean Latency: 33627
L = 100 Tail Latency: 100598
L = 100 Recall@10: 99.53
L = 100 QPS: 1796.67
iteration: 11
num_out_edges: 4712071
mean_out_edges: 47.1202
variance_out_edges: 403.023
max_observed_degree: 83
num_nodes: 100001
deletion_time: 3.56562
num_deleted: 3000
insertion_time: 3.47838
num_inserted: 3000
num_out_edges: 4712840
mean_out_edges: 47.1279
variance_out_edges: 402.979
max_observed_degree: 83
num_nodes: 100001
L = 20 Mean Latency: 10673.6
L = 20 Tail Latency: 67511.9
L = 20 Recall@10: 91.44
L = 20 QPS: 5021.73
L = 40 Mean Latency: 17591.4
L = 40 Tail Latency: 128401
L = 40 Recall@10: 97.19
L = 40 QPS: 3299.01
L = 60 Mean Latency: 23494.7
L = 60 Tail Latency: 79250.4
L = 60 Recall@10: 98.42
L = 60 QPS: 2515.34
L = 80 Mean Latency: 28436
L = 80 Tail Latency: 92245.7
L = 80 Recall@10: 99.18
L = 80 QPS: 2105.96
L = 100 Mean Latency: 33782.5
L = 100 Tail Latency: 104761
L = 100 Recall@10: 99.53
L = 100 QPS: 1803.06
iteration: 12
num_out_edges: 4712840
mean_out_edges: 47.1279
variance_out_edges: 402.979
max_observed_degree: 83
num_nodes: 100001
deletion_time: 3.35932
num_deleted: 3000
insertion_time: 3.46455
num_inserted: 3000
num_out_edges: 4712489
mean_out_edges: 47.1244
variance_out_edges: 402.961
max_observed_degree: 83
num_nodes: 100001
L = 20 Mean Latency: 10827.7
L = 20 Tail Latency: 71548.4
L = 20 Recall@10: 91.45
L = 20 QPS: 5018.52
L = 40 Mean Latency: 17370.2
L = 40 Tail Latency: 68532.5
L = 40 Recall@10: 97.19
L = 40 QPS: 3342.66
L = 60 Mean Latency: 23443.6
L = 60 Tail Latency: 90516.6
L = 60 Recall@10: 98.42
L = 60 QPS: 2555.98
L = 80 Mean Latency: 28726.2
L = 80 Tail Latency: 130319
L = 80 Recall@10: 99.18
L = 80 QPS: 2088.22
L = 100 Mean Latency: 33694.1
L = 100 Tail Latency: 86139.5
L = 100 Recall@10: 99.53
L = 100 QPS: 1780.38
iteration: 13
num_out_edges: 4712489
mean_out_edges: 47.1244
variance_out_edges: 402.961
max_observed_degree: 83
num_nodes: 100001
deletion_time: 3.50948
num_deleted: 3000
insertion_time: 3.44482
num_inserted: 3000
num_out_edges: 4713075
mean_out_edges: 47.1303
variance_out_edges: 403.005
max_observed_degree: 83
num_nodes: 100001
L = 20 Mean Latency: 10495
L = 20 Tail Latency: 79227.8
L = 20 Recall@10: 91.45
L = 20 QPS: 5127.86
L = 40 Mean Latency: 17547.2
L = 40 Tail Latency: 73341.2
L = 40 Recall@10: 97.19
L = 40 QPS: 3387.2
L = 60 Mean Latency: 23365.7
L = 60 Tail Latency: 72698.2
L = 60 Recall@10: 98.42
L = 60 QPS: 2513.38
L = 80 Mean Latency: 28868.1
L = 80 Tail Latency: 89655.6
L = 80 Recall@10: 99.18
L = 80 QPS: 2097.35
L = 100 Mean Latency: 33620.3
L = 100 Tail Latency: 93962.8
L = 100 Recall@10: 99.53
L = 100 QPS: 1802.69
iteration: 14
num_out_edges: 4713075
mean_out_edges: 47.1303
variance_out_edges: 403.005
max_observed_degree: 83
num_nodes: 100001
deletion_time: 3.4978
num_deleted: 3000
insertion_time: 3.44764
num_inserted: 3000
num_out_edges: 4712817
mean_out_edges: 47.1277
variance_out_edges: 402.97
max_observed_degree: 83
num_nodes: 100001
L = 20 Mean Latency: 10447.7
L = 20 Tail Latency: 75003.9
L = 20 Recall@10: 91.45
L = 20 QPS: 5167.29
L = 40 Mean Latency: 17582
L = 40 Tail Latency: 76874.4
L = 40 Recall@10: 97.19
L = 40 QPS: 3201.22
L = 60 Mean Latency: 23663.7
L = 60 Tail Latency: 64690.7
L = 60 Recall@10: 98.42
L = 60 QPS: 2545.51
L = 80 Mean Latency: 28802.1
L = 80 Tail Latency: 80879.9
L = 80 Recall@10: 99.18
L = 80 QPS: 2098.95
L = 100 Mean Latency: 33627.6
L = 100 Tail Latency: 90979.8
L = 100 Recall@10: 99.53
L = 100 QPS: 1826.83
iteration: 15
num_out_edges: 4712817
mean_out_edges: 47.1277
variance_out_edges: 402.97
max_observed_degree: 83
num_nodes: 100001
deletion_time: 3.38157
num_deleted: 3000
insertion_time: 3.44222
num_inserted: 3000
num_out_edges: 4712617
mean_out_edges: 47.1257
variance_out_edges: 402.969
max_observed_degree: 83
num_nodes: 100001
L = 20 Mean Latency: 10465.1
L = 20 Tail Latency: 75154.3
L = 20 Recall@10: 91.46
L = 20 QPS: 4932.37
L = 40 Mean Latency: 17647
L = 40 Tail Latency: 75263.7
L = 40 Recall@10: 97.19
L = 40 QPS: 3323.47
L = 60 Mean Latency: 23392.5
L = 60 Tail Latency: 85407.2
L = 60 Recall@10: 98.42
L = 60 QPS: 2553.2
L = 80 Mean Latency: 29246
L = 80 Tail Latency: 80553.4
L = 80 Recall@10: 99.18
L = 80 QPS: 2083.09
L = 100 Mean Latency: 34342.6
L = 100 Tail Latency: 100313
L = 100 Recall@10: 99.53
L = 100 QPS: 1775.96
