initial_build_time: 3.7044
iteration: 1
num_out_edges: 1132782
mean_out_edges: 22.6552
variance_out_edges: 468.357
max_observed_degree: 64
num_nodes: 50001
deletion_time: 0.846791
num_deleted: 5000
insertion_time: 0.788808
num_inserted: 10000
num_out_edges: 1486134
mean_out_edges: 27.0201
variance_out_edges: 577.907
max_observed_degree: 83
num_nodes: 55001
L = 20 Mean Latency: 390.659
L = 20 Tail Latency: 24252.1
L = 20 Recall@10: 89.811
L = 20 QPS: 127407
L = 40 Mean Latency: 650.749
L = 40 Tail Latency: 47505.8
L = 40 Recall@10: 94.781
L = 40 QPS: 61523.5
L = 60 Mean Latency: 878.898
L = 60 Tail Latency: 65243
L = 60 Recall@10: 96.273
L = 60 QPS: 54912.3
L = 80 Mean Latency: 1122.85
L = 80 Tail Latency: 73744.3
L = 80 Recall@10: 96.957
L = 80 QPS: 44739.2
L = 100 Mean Latency: 1360.96
L = 100 Tail Latency: 101029
L = 100 Recall@10: 97.369
L = 100 QPS: 36319.1
iteration: 2
num_out_edges: 1486134
mean_out_edges: 27.0201
variance_out_edges: 577.907
max_observed_degree: 83
num_nodes: 55001
deletion_time: 0.991834
num_deleted: 5000
insertion_time: 0.825205
num_inserted: 10000
num_out_edges: 1610158
mean_out_edges: 26.8355
variance_out_edges: 601.327
max_observed_degree: 83
num_nodes: 60001
L = 20 Mean Latency: 494.111
L = 20 Tail Latency: 28355.5
L = 20 Recall@10: 87.945
L = 20 QPS: 89511
L = 40 Mean Latency: 745.569
L = 40 Tail Latency: 80575.9
L = 40 Recall@10: 94.049
L = 40 QPS: 57839.2
L = 60 Mean Latency: 1090.84
L = 60 Tail Latency: 62323.7
L = 60 Recall@10: 95.998
L = 60 QPS: 44299.8
L = 80 Mean Latency: 1337.16
L = 80 Tail Latency: 57598.4
L = 80 Recall@10: 96.933
L = 80 QPS: 38439.9
L = 100 Mean Latency: 1751.7
L = 100 Tail Latency: 81132.3
L = 100 Recall@10: 97.443
L = 100 QPS: 30093.6
iteration: 3
num_out_edges: 1610158
mean_out_edges: 26.8355
variance_out_edges: 601.327
max_observed_degree: 83
num_nodes: 60001
deletion_time: 1.09518
num_deleted: 5000
insertion_time: 0.964075
num_inserted: 10000
num_out_edges: 1799939
mean_out_edges: 27.6909
variance_out_edges: 622.543
max_observed_degree: 83
num_nodes: 65001
L = 20 Mean Latency: 537.432
L = 20 Tail Latency: 29616.9
L = 20 Recall@10: 86.579
L = 20 QPS: 82519.9
L = 40 Mean Latency: 897.17
L = 40 Tail Latency: 62037.8
L = 40 Recall@10: 93.28
L = 40 QPS: 51783.4
L = 60 Mean Latency: 1282.6
L = 60 Tail Latency: 73916.3
L = 60 Recall@10: 95.6
L = 60 QPS: 40670.4
L = 80 Mean Latency: 1655.83
L = 80 Tail Latency: 69815.7
L = 80 Recall@10: 96.678
L = 80 QPS: 32895.5
L = 100 Mean Latency: 2114.3
L = 100 Tail Latency: 145607
L = 100 Recall@10: 97.305
L = 100 QPS: 24147.2
iteration: 4
num_out_edges: 1799939
mean_out_edges: 27.6909
variance_out_edges: 622.543
max_observed_degree: 83
num_nodes: 65001
deletion_time: 1.1709
num_deleted: 5000
insertion_time: 1.11139
num_inserted: 10000
num_out_edges: 1951350
mean_out_edges: 27.876
variance_out_edges: 629.859
max_observed_degree: 83
num_nodes: 70001
L = 20 Mean Latency: 653.7
L = 20 Tail Latency: 44422.9
L = 20 Recall@10: 85.521
L = 20 QPS: 63622.4
L = 40 Mean Latency: 1082
L = 40 Tail Latency: 78734
L = 40 Recall@10: 92.652
L = 40 QPS: 39826.9
L = 60 Mean Latency: 1570.46
L = 60 Tail Latency: 60155.7
L = 60 Recall@10: 95.099
L = 60 QPS: 31519.3
L = 80 Mean Latency: 1975.67
L = 80 Tail Latency: 90908.4
L = 80 Recall@10: 96.345
L = 80 QPS: 27887.3
L = 100 Mean Latency: 2427.71
L = 100 Tail Latency: 94876
L = 100 Recall@10: 97.053
L = 100 QPS: 23773.5
iteration: 5
num_out_edges: 1951350
mean_out_edges: 27.876
variance_out_edges: 629.859
max_observed_degree: 83
num_nodes: 70001
deletion_time: 1.12897
num_deleted: 5000
insertion_time: 1.24496
num_inserted: 10000
num_out_edges: 2113432
mean_out_edges: 28.1787
variance_out_edges: 633.308
max_observed_degree: 83
num_nodes: 75001
L = 20 Mean Latency: 757.829
L = 20 Tail Latency: 46166.9
L = 20 Recall@10: 84.1
L = 20 QPS: 51757.3
L = 40 Mean Latency: 1267.11
L = 40 Tail Latency: 62200.6
L = 40 Recall@10: 91.842
L = 40 QPS: 42354.7
L = 60 Mean Latency: 1836.86
L = 60 Tail Latency: 92459.6
L = 60 Recall@10: 94.605
L = 60 QPS: 28518.7
L = 80 Mean Latency: 2263.22
L = 80 Tail Latency: 80745.1
L = 80 Recall@10: 96.02
L = 80 QPS: 24740.7
L = 100 Mean Latency: 2785.51
L = 100 Tail Latency: 97848.6
L = 100 Recall@10: 96.88
L = 100 QPS: 18458.1
iteration: 6
num_out_edges: 2113432
mean_out_edges: 28.1787
variance_out_edges: 633.308
max_observed_degree: 83
num_nodes: 75001
deletion_time: 1.25766
num_deleted: 5000
insertion_time: 1.41422
num_inserted: 10000
num_out_edges: 2274619
mean_out_edges: 28.4324
variance_out_edges: 633.564
max_observed_degree: 83
num_nodes: 80001
L = 20 Mean Latency: 833.181
L = 20 Tail Latency: 63124.9
L = 20 Recall@10: 83.355
L = 20 QPS: 51467.9
L = 40 Mean Latency: 1404.11
L = 40 Tail Latency: 65972.4
L = 40 Recall@10: 91.206
L = 40 QPS: 37501.8
L = 60 Mean Latency: 2049.15
L = 60 Tail Latency: 86491.7
L = 60 Recall@10: 94.147
L = 60 QPS: 25094.4
L = 80 Mean Latency: 2565.93
L = 80 Tail Latency: 81806.5
L = 80 Recall@10: 95.686
L = 80 QPS: 22299
L = 100 Mean Latency: 3088.65
L = 100 Tail Latency: 117247
L = 100 Recall@10: 96.519
L = 100 QPS: 18308.1
iteration: 7
num_out_edges: 2274619
mean_out_edges: 28.4324
variance_out_edges: 633.564
max_observed_degree: 83
num_nodes: 80001
deletion_time: 1.34108
num_deleted: 5000
insertion_time: 1.51944
num_inserted: 10000
num_out_edges: 2451679
mean_out_edges: 28.8429
variance_out_edges: 635.469
max_observed_degree: 83
num_nodes: 85001
L = 20 Mean Latency: 948.071
L = 20 Tail Latency: 42869.2
L = 20 Recall@10: 82.667
L = 20 QPS: 54883
L = 40 Mean Latency: 1579.76
L = 40 Tail Latency: 77759.3
L = 40 Recall@10: 90.788
L = 40 QPS: 30838.9
L = 60 Mean Latency: 2188.49
L = 60 Tail Latency: 111757
L = 60 Recall@10: 93.771
L = 60 QPS: 24298
L = 80 Mean Latency: 2741.18
L = 80 Tail Latency: 79186.1
L = 80 Recall@10: 95.356
L = 80 QPS: 20893.7
L = 100 Mean Latency: 3385
L = 100 Tail Latency: 108826
L = 100 Recall@10: 96.271
L = 100 QPS: 17147.3
iteration: 8
num_out_edges: 2451679
mean_out_edges: 28.8429
variance_out_edges: 635.469
max_observed_degree: 83
num_nodes: 85001
deletion_time: 1.28208
num_deleted: 5000
insertion_time: 1.61237
num_inserted: 10000
num_out_edges: 2630720
mean_out_edges: 29.2299
variance_out_edges: 637.382
max_observed_degree: 83
num_nodes: 90001
L = 20 Mean Latency: 989.789
L = 20 Tail Latency: 47116.6
L = 20 Recall@10: 81.514
L = 20 QPS: 52155.8
L = 40 Mean Latency: 1641.77
L = 40 Tail Latency: 68890.1
L = 40 Recall@10: 90.117
L = 40 QPS: 33356.3
L = 60 Mean Latency: 2321.07
L = 60 Tail Latency: 106219
L = 60 Recall@10: 93.382
L = 60 QPS: 23197.5
L = 80 Mean Latency: 2961.86
L = 80 Tail Latency: 78149.5
L = 80 Recall@10: 95.005
L = 80 QPS: 19741.6
L = 100 Mean Latency: 3548.64
L = 100 Tail Latency: 107841
L = 100 Recall@10: 96.012
L = 100 QPS: 16851.3
iteration: 9
num_out_edges: 2630720
mean_out_edges: 29.2299
variance_out_edges: 637.382
max_observed_degree: 83
num_nodes: 90001
deletion_time: 1.04276
num_deleted: 5000
insertion_time: 1.6796
num_inserted: 10000
num_out_edges: 2830461
mean_out_edges: 29.794
variance_out_edges: 642.021
max_observed_degree: 83
num_nodes: 95001
L = 20 Mean Latency: 1029.24
L = 20 Tail Latency: 85199.4
L = 20 Recall@10: 81.083
L = 20 QPS: 41209.6
L = 40 Mean Latency: 1750.76
L = 40 Tail Latency: 92325.5
L = 40 Recall@10: 89.645
L = 40 QPS: 29720.7
L = 60 Mean Latency: 2489.83
L = 60 Tail Latency: 89659.1
L = 60 Recall@10: 92.99
L = 60 QPS: 21597.5
L = 80 Mean Latency: 3117.39
L = 80 Tail Latency: 85044.8
L = 80 Recall@10: 94.69
L = 80 QPS: 17616.2
L = 100 Mean Latency: 3790.54
L = 100 Tail Latency: 87365
L = 100 Recall@10: 95.74
L = 100 QPS: 15761.5
iteration: 10
num_out_edges: 2830461
mean_out_edges: 29.794
variance_out_edges: 642.021
max_observed_degree: 83
num_nodes: 95001
deletion_time: 1.12497
num_deleted: 5000
insertion_time: 1.77253
num_inserted: 10000
num_out_edges: 3050745
mean_out_edges: 30.5071
variance_out_edges: 645.114
max_observed_degree: 83
num_nodes: 100001
L = 20 Mean Latency: 1099.85
L = 20 Tail Latency: 56214
L = 20 Recall@10: 80.958
L = 20 QPS: 45237.6
L = 40 Mean Latency: 1852.6
L = 40 Tail Latency: 83382.7
L = 40 Recall@10: 89.268
L = 40 QPS: 29577.5
L = 60 Mean Latency: 2582.62
L = 60 Tail Latency: 73896.5
L = 60 Recall@10: 92.614
L = 60 QPS: 21613.4
L = 80 Mean Latency: 3266.63
L = 80 Tail Latency: 103472
L = 80 Recall@10: 94.48
L = 80 QPS: 17783.4
L = 100 Mean Latency: 3958.33
L = 100 Tail Latency: 219375
L = 100 Recall@10: 95.543
L = 100 QPS: 15088.3
iteration: 11
num_out_edges: 3050745
mean_out_edges: 30.5071
variance_out_edges: 645.114
max_observed_degree: 83
num_nodes: 100001
deletion_time: 2.1538
num_deleted: 5000
insertion_time: 1.88369
num_inserted: 10000
num_out_edges: 3467913
mean_out_edges: 33.0274
variance_out_edges: 654.023
max_observed_degree: 83
num_nodes: 105001
L = 20 Mean Latency: 1145.21
L = 20 Tail Latency: 69147.8
L = 20 Recall@10: 80.008
L = 20 QPS: 44257.7
L = 40 Mean Latency: 1978.5
L = 40 Tail Latency: 109346
L = 40 Recall@10: 88.764
L = 40 QPS: 29474.4
L = 60 Mean Latency: 2784.46
L = 60 Tail Latency: 86785.9
L = 60 Recall@10: 92.293
L = 60 QPS: 20050.4
L = 80 Mean Latency: 3497.97
L = 80 Tail Latency: 115269
L = 80 Recall@10: 94.19
L = 80 QPS: 16320.8
L = 100 Mean Latency: 4279.94
L = 100 Tail Latency: 111761
L = 100 Recall@10: 95.361
L = 100 QPS: 13846.4
iteration: 12
num_out_edges: 3467913
mean_out_edges: 33.0274
variance_out_edges: 654.023
max_observed_degree: 83
num_nodes: 105001
deletion_time: 2.12824
num_deleted: 5000
insertion_time: 1.97841
num_inserted: 10000
num_out_edges: 3785841
mean_out_edges: 34.4164
variance_out_edges: 675.722
max_observed_degree: 83
num_nodes: 110001
L = 20 Mean Latency: 1261.19
L = 20 Tail Latency: 71190.6
L = 20 Recall@10: 79.582
L = 20 QPS: 37851
L = 40 Mean Latency: 2117.39
L = 40 Tail Latency: 92173.6
L = 40 Recall@10: 88.388
L = 40 QPS: 25851.1
L = 60 Mean Latency: 2949.14
L = 60 Tail Latency: 105953
L = 60 Recall@10: 92.059
L = 60 QPS: 19610.4
L = 80 Mean Latency: 3743.71
L = 80 Tail Latency: 103111
L = 80 Recall@10: 94.058
L = 80 QPS: 15388.5
L = 100 Mean Latency: 4559.84
L = 100 Tail Latency: 122816
L = 100 Recall@10: 95.294
L = 100 QPS: 12402
iteration: 13
num_out_edges: 3785841
mean_out_edges: 34.4164
variance_out_edges: 675.722
max_observed_degree: 83
num_nodes: 110001
deletion_time: 2.07334
num_deleted: 5000
insertion_time: 2.02445
num_inserted: 10000
num_out_edges: 4065274
mean_out_edges: 35.3499
variance_out_edges: 686.794
max_observed_degree: 83
num_nodes: 115001
L = 20 Mean Latency: 1260.25
L = 20 Tail Latency: 85919.6
L = 20 Recall@10: 79.548
L = 20 QPS: 41886.7
L = 40 Mean Latency: 2191.56
L = 40 Tail Latency: 86367.6
L = 40 Recall@10: 88.335
L = 40 QPS: 25180.7
L = 60 Mean Latency: 3037.04
L = 60 Tail Latency: 78645.3
L = 60 Recall@10: 91.967
L = 60 QPS: 19363.7
L = 80 Mean Latency: 3887.72
L = 80 Tail Latency: 96552.8
L = 80 Recall@10: 93.945
L = 80 QPS: 14754.7
L = 100 Mean Latency: 4673.87
L = 100 Tail Latency: 88699.9
L = 100 Recall@10: 95.193
L = 100 QPS: 12914.4
iteration: 14
num_out_edges: 4065274
mean_out_edges: 35.3499
variance_out_edges: 686.794
max_observed_degree: 83
num_nodes: 115001
deletion_time: 1.95971
num_deleted: 5000
insertion_time: 2.14026
num_inserted: 10000
num_out_edges: 4344478
mean_out_edges: 36.2037
variance_out_edges: 693.716
max_observed_degree: 83
num_nodes: 120001
L = 20 Mean Latency: 1325.6
L = 20 Tail Latency: 68339.3
L = 20 Recall@10: 79.083
L = 20 QPS: 39589.4
L = 40 Mean Latency: 2253.58
L = 40 Tail Latency: 68665.2
L = 40 Recall@10: 88.102
L = 40 QPS: 24538.7
L = 60 Mean Latency: 3151.44
L = 60 Tail Latency: 124699
L = 60 Recall@10: 91.719
L = 60 QPS: 18411.4
L = 80 Mean Latency: 3935.08
L = 80 Tail Latency: 80414.2
L = 80 Recall@10: 93.724
L = 80 QPS: 15599.2
L = 100 Mean Latency: 4809.95
L = 100 Tail Latency: 117311
L = 100 Recall@10: 94.955
L = 100 QPS: 12522.4
iteration: 15
num_out_edges: 4344478
mean_out_edges: 36.2037
variance_out_edges: 693.716
max_observed_degree: 83
num_nodes: 120001
deletion_time: 1.96393
num_deleted: 5000
insertion_time: 2.11937
num_inserted: 10000
num_out_edges: 4595925
mean_out_edges: 36.7671
variance_out_edges: 699.007
max_observed_degree: 83
num_nodes: 125001
L = 20 Mean Latency: 1359.25
L = 20 Tail Latency: 81614.9
L = 20 Recall@10: 78.704
L = 20 QPS: 38023
L = 40 Mean Latency: 2324.58
L = 40 Tail Latency: 73002.5
L = 40 Recall@10: 87.718
L = 40 QPS: 24034.1
L = 60 Mean Latency: 3217.9
L = 60 Tail Latency: 91064.8
L = 60 Recall@10: 91.459
L = 60 QPS: 18397.2
L = 80 Mean Latency: 4062.97
L = 80 Tail Latency: 121069
L = 80 Recall@10: 93.526
L = 80 QPS: 15022.8
L = 100 Mean Latency: 4915.6
L = 100 Tail Latency: 84664.4
L = 100 Recall@10: 94.808
L = 100 QPS: 12141.2
iteration: 16
num_out_edges: 4595925
mean_out_edges: 36.7671
variance_out_edges: 699.007
max_observed_degree: 83
num_nodes: 125001
deletion_time: 2.08716
num_deleted: 5000
insertion_time: 2.18647
num_inserted: 10000
num_out_edges: 4828105
mean_out_edges: 37.139
variance_out_edges: 698.377
max_observed_degree: 83
num_nodes: 130001
L = 20 Mean Latency: 1363.08
L = 20 Tail Latency: 56449.8
L = 20 Recall@10: 78.462
L = 20 QPS: 38007.2
L = 40 Mean Latency: 2356.39
L = 40 Tail Latency: 72518.2
L = 40 Recall@10: 87.516
L = 40 QPS: 24346.2
L = 60 Mean Latency: 3272.16
L = 60 Tail Latency: 73346.1
L = 60 Recall@10: 91.256
L = 60 QPS: 18066.5
L = 80 Mean Latency: 4222.83
L = 80 Tail Latency: 97110.7
L = 80 Recall@10: 93.415
L = 80 QPS: 14138.7
L = 100 Mean Latency: 5054.04
L = 100 Tail Latency: 119251
L = 100 Recall@10: 94.669
L = 100 QPS: 11964.4
iteration: 17
num_out_edges: 4828105
mean_out_edges: 37.139
variance_out_edges: 698.377
max_observed_degree: 83
num_nodes: 130001
deletion_time: 2.06336
num_deleted: 5000
insertion_time: 2.20051
num_inserted: 10000
num_out_edges: 5046324
mean_out_edges: 37.3799
variance_out_edges: 699.473
max_observed_degree: 83
num_nodes: 135001
L = 20 Mean Latency: 1387.28
L = 20 Tail Latency: 82451.6
L = 20 Recall@10: 78.25
L = 20 QPS: 37957.5
L = 40 Mean Latency: 2395.01
L = 40 Tail Latency: 99097.1
L = 40 Recall@10: 87.304
L = 40 QPS: 24117.2
L = 60 Mean Latency: 3315.07
L = 60 Tail Latency: 64857.1
L = 60 Recall@10: 91.152
L = 60 QPS: 18361.9
L = 80 Mean Latency: 4240.87
L = 80 Tail Latency: 100827
L = 80 Recall@10: 93.237
L = 80 QPS: 13824.6
L = 100 Mean Latency: 5125.75
L = 100 Tail Latency: 105573
L = 100 Recall@10: 94.564
L = 100 QPS: 11428.3
iteration: 18
num_out_edges: 5046324
mean_out_edges: 37.3799
variance_out_edges: 699.473
max_observed_degree: 83
num_nodes: 135001
deletion_time: 2.02904
num_deleted: 5000
insertion_time: 2.24539
num_inserted: 10000
num_out_edges: 5254882
mean_out_edges: 37.5346
variance_out_edges: 700.85
max_observed_degree: 83
num_nodes: 140001
L = 20 Mean Latency: 1387.77
L = 20 Tail Latency: 85424.4
L = 20 Recall@10: 78.104
L = 20 QPS: 39828
L = 40 Mean Latency: 2411.69
L = 40 Tail Latency: 68674.8
L = 40 Recall@10: 87.046
L = 40 QPS: 24258.4
L = 60 Mean Latency: 3395.24
L = 60 Tail Latency: 134748
L = 60 Recall@10: 90.922
L = 60 QPS: 16942.1
L = 80 Mean Latency: 4272.23
L = 80 Tail Latency: 90570.9
L = 80 Recall@10: 93.031
L = 80 QPS: 13852.2
L = 100 Mean Latency: 5186.07
L = 100 Tail Latency: 105718
L = 100 Recall@10: 94.405
L = 100 QPS: 11743.6
iteration: 19
num_out_edges: 5254882
mean_out_edges: 37.5346
variance_out_edges: 700.85
max_observed_degree: 83
num_nodes: 140001
deletion_time: 2.02528
num_deleted: 5000
insertion_time: 2.30924
num_inserted: 10000
num_out_edges: 5472197
mean_out_edges: 37.739
variance_out_edges: 699.464
max_observed_degree: 83
num_nodes: 145001
L = 20 Mean Latency: 1456.74
L = 20 Tail Latency: 82074.4
L = 20 Recall@10: 77.88
L = 20 QPS: 34120.7
L = 40 Mean Latency: 2477.43
L = 40 Tail Latency: 65789.2
L = 40 Recall@10: 86.785
L = 40 QPS: 22706.9
L = 60 Mean Latency: 3434.94
L = 60 Tail Latency: 114692
L = 60 Recall@10: 90.718
L = 60 QPS: 17825.9
L = 80 Mean Latency: 4407.47
L = 80 Tail Latency: 80278.3
L = 80 Recall@10: 92.851
L = 80 QPS: 13606.8
L = 100 Mean Latency: 5314.38
L = 100 Tail Latency: 132480
L = 100 Recall@10: 94.246
L = 100 QPS: 11308.5
iteration: 20
num_out_edges: 5472197
mean_out_edges: 37.739
variance_out_edges: 699.464
max_observed_degree: 83
num_nodes: 145001
deletion_time: 2.14168
num_deleted: 5000
insertion_time: 2.34134
num_inserted: 10000
num_out_edges: 5703435
mean_out_edges: 38.0226
variance_out_edges: 699.961
max_observed_degree: 83
num_nodes: 150001
L = 20 Mean Latency: 1441.8
L = 20 Tail Latency: 96600.1
L = 20 Recall@10: 77.692
L = 20 QPS: 37296.8
L = 40 Mean Latency: 2490.82
L = 40 Tail Latency: 83941.5
L = 40 Recall@10: 86.735
L = 40 QPS: 22166.1
L = 60 Mean Latency: 3466.28
L = 60 Tail Latency: 96355.7
L = 60 Recall@10: 90.597
L = 60 QPS: 16631.7
L = 80 Mean Latency: 4436.02
L = 80 Tail Latency: 101865
L = 80 Recall@10: 92.763
L = 80 QPS: 13668.3
L = 100 Mean Latency: 5364.51
L = 100 Tail Latency: 125659
L = 100 Recall@10: 94.153
L = 100 QPS: 11230.9
