initial_build_time: 16.9541
iteration: 1
num_out_edges: 4654689
mean_out_edges: 46.5464
variance_out_edges: 464.237
max_observed_degree: 64
num_nodes: 100001
deletion_time: 2.15962
num_deleted: 5000
insertion_time: 0.860415
num_inserted: 5000
num_out_edges: 4984790
mean_out_edges: 49.8474
variance_out_edges: 475.932
max_observed_degree: 83
num_nodes: 100001
L = 20 Mean Latency: 527.19
L = 20 Tail Latency: 30354.7
L = 20 Recall@10: 90.071
L = 20 QPS: 83237.7
L = 40 Mean Latency: 878.007
L = 40 Tail Latency: 43829.6
L = 40 Recall@10: 94.612
L = 40 QPS: 55094.2
L = 60 Mean Latency: 1277.96
L = 60 Tail Latency: 70569.3
L = 60 Recall@10: 96.148
L = 60 QPS: 41270.3
L = 80 Mean Latency: 1708.55
L = 80 Tail Latency: 63155.6
L = 80 Recall@10: 96.963
L = 80 QPS: 31291.4
L = 100 Mean Latency: 2146.15
L = 100 Tail Latency: 85035.8
L = 100 Recall@10: 97.546
L = 100 QPS: 26738.6
iteration: 2
num_out_edges: 4984790
mean_out_edges: 49.8474
variance_out_edges: 475.932
max_observed_degree: 83
num_nodes: 100001
deletion_time: 0.869444
num_deleted: 5000
insertion_time: 0.765898
num_inserted: 5000
num_out_edges: 5001459
mean_out_edges: 50.0141
variance_out_edges: 474.214
max_observed_degree: 83
num_nodes: 100001
L = 20 Mean Latency: 488.041
L = 20 Tail Latency: 25381
L = 20 Recall@10: 90.338
L = 20 QPS: 102041
L = 40 Mean Latency: 782.472
L = 40 Tail Latency: 74613
L = 40 Recall@10: 94.739
L = 40 QPS: 52281.7
L = 60 Mean Latency: 1184.12
L = 60 Tail Latency: 62433
L = 60 Recall@10: 96.286
L = 60 QPS: 40648.9
L = 80 Mean Latency: 1543.22
L = 80 Tail Latency: 92224.3
L = 80 Recall@10: 97.073
L = 80 QPS: 32376.2
L = 100 Mean Latency: 1974.71
L = 100 Tail Latency: 81163.7
L = 100 Recall@10: 97.599
L = 100 QPS: 27397.8
iteration: 3
num_out_edges: 5001459
mean_out_edges: 50.0141
variance_out_edges: 474.214
max_observed_degree: 83
num_nodes: 100001
deletion_time: 0.853401
num_deleted: 5000
insertion_time: 0.781824
num_inserted: 5000
num_out_edges: 5002468
mean_out_edges: 50.0242
variance_out_edges: 473.993
max_observed_degree: 83
num_nodes: 100001
L = 20 Mean Latency: 473.596
L = 20 Tail Latency: 27385.9
L = 20 Recall@10: 90.277
L = 20 QPS: 100366
L = 40 Mean Latency: 818.81
L = 40 Tail Latency: 62617.7
L = 40 Recall@10: 94.809
L = 40 QPS: 55984.6
L = 60 Mean Latency: 1160.66
L = 60 Tail Latency: 55528.6
L = 60 Recall@10: 96.292
L = 60 QPS: 43131.1
L = 80 Mean Latency: 1564.11
L = 80 Tail Latency: 71190.4
L = 80 Recall@10: 97.083
L = 80 QPS: 34710.6
L = 100 Mean Latency: 1937.35
L = 100 Tail Latency: 71322.9
L = 100 Recall@10: 97.615
L = 100 QPS: 28212.2
iteration: 4
num_out_edges: 5002468
mean_out_edges: 50.0242
variance_out_edges: 473.993
max_observed_degree: 83
num_nodes: 100001
deletion_time: 0.837215
num_deleted: 5000
insertion_time: 0.839015
num_inserted: 5000
num_out_edges: 5003058
mean_out_edges: 50.0301
variance_out_edges: 474.133
max_observed_degree: 83
num_nodes: 100001
L = 20 Mean Latency: 462.064
L = 20 Tail Latency: 26272.3
L = 20 Recall@10: 90.36
L = 20 QPS: 100400
L = 40 Mean Latency: 821.888
L = 40 Tail Latency: 50418.8
L = 40 Recall@10: 94.785
L = 40 QPS: 55448.8
L = 60 Mean Latency: 1184.4
L = 60 Tail Latency: 57684.1
L = 60 Recall@10: 96.256
L = 60 QPS: 44524.8
L = 80 Mean Latency: 1557.27
L = 80 Tail Latency: 71629.6
L = 80 Recall@10: 97.086
L = 80 QPS: 33711.5
L = 100 Mean Latency: 1920.95
L = 100 Tail Latency: 82038.2
L = 100 Recall@10: 97.602
L = 100 QPS: 27937.6
iteration: 5
num_out_edges: 5003058
mean_out_edges: 50.0301
variance_out_edges: 474.133
max_observed_degree: 83
num_nodes: 100001
deletion_time: 0.865513
num_deleted: 5000
insertion_time: 0.756023
num_inserted: 5000
num_out_edges: 5002864
mean_out_edges: 50.0281
variance_out_edges: 474.013
max_observed_degree: 83
num_nodes: 100001
L = 20 Mean Latency: 471.406
L = 20 Tail Latency: 31412
L = 20 Recall@10: 90.382
L = 20 QPS: 82167.8
L = 40 Mean Latency: 844.843
L = 40 Tail Latency: 64236.8
L = 40 Recall@10: 94.82
L = 40 QPS: 49819.6
L = 60 Mean Latency: 1161.34
L = 60 Tail Latency: 51499.5
L = 60 Recall@10: 96.308
L = 60 QPS: 43382.3
L = 80 Mean Latency: 1518.48
L = 80 Tail Latency: 94612.2
L = 80 Recall@10: 97.096
L = 80 QPS: 34845.2
L = 100 Mean Latency: 1912.44
L = 100 Tail Latency: 90449.5
L = 100 Recall@10: 97.618
L = 100 QPS: 28574
iteration: 6
num_out_edges: 5002864
mean_out_edges: 50.0281
variance_out_edges: 474.013
max_observed_degree: 83
num_nodes: 100001
deletion_time: 0.806199
num_deleted: 5000
insertion_time: 0.741643
num_inserted: 5000
num_out_edges: 5003740
mean_out_edges: 50.0369
variance_out_edges: 474.239
max_observed_degree: 83
num_nodes: 100001
L = 20 Mean Latency: 479.619
L = 20 Tail Latency: 25217.4
L = 20 Recall@10: 90.417
L = 20 QPS: 92000.2
L = 40 Mean Latency: 787.01
L = 40 Tail Latency: 53620
L = 40 Recall@10: 94.815
L = 40 QPS: 62578.1
L = 60 Mean Latency: 1184.47
L = 60 Tail Latency: 64240.9
L = 60 Recall@10: 96.295
L = 60 QPS: 38578.8
L = 80 Mean Latency: 1564.14
L = 80 Tail Latency: 89082
L = 80 Recall@10: 97.086
L = 80 QPS: 31954.3
L = 100 Mean Latency: 1927.4
L = 100 Tail Latency: 151807
L = 100 Recall@10: 97.6
L = 100 QPS: 28010
iteration: 7
num_out_edges: 5003740
mean_out_edges: 50.0369
variance_out_edges: 474.239
max_observed_degree: 83
num_nodes: 100001
deletion_time: 0.825122
num_deleted: 5000
insertion_time: 0.746982
num_inserted: 5000
num_out_edges: 5003427
mean_out_edges: 50.0338
variance_out_edges: 474.359
max_observed_degree: 83
num_nodes: 100001
L = 20 Mean Latency: 469.324
L = 20 Tail Latency: 27340.7
L = 20 Recall@10: 90.384
L = 20 QPS: 91339.9
L = 40 Mean Latency: 773.318
L = 40 Tail Latency: 66568.8
L = 40 Recall@10: 94.822
L = 40 QPS: 59222.1
L = 60 Mean Latency: 1153.36
L = 60 Tail Latency: 53930.6
L = 60 Recall@10: 96.294
L = 60 QPS: 47331
L = 80 Mean Latency: 1628.49
L = 80 Tail Latency: 82160.1
L = 80 Recall@10: 97.084
L = 80 QPS: 31398.2
L = 100 Mean Latency: 1983.85
L = 100 Tail Latency: 68448.1
L = 100 Recall@10: 97.606
L = 100 QPS: 25533.4
iteration: 8
num_out_edges: 5003427
mean_out_edges: 50.0338
variance_out_edges: 474.359
max_observed_degree: 83
num_nodes: 100001
deletion_time: 0.83474
num_deleted: 5000
insertion_time: 0.743255
num_inserted: 5000
num_out_edges: 5003034
mean_out_edges: 50.0298
variance_out_edges: 474.129
max_observed_degree: 83
num_nodes: 100001
L = 20 Mean Latency: 513.016
L = 20 Tail Latency: 43273.2
L = 20 Recall@10: 90.397
L = 20 QPS: 62098.8
L = 40 Mean Latency: 839.98
L = 40 Tail Latency: 57307.3
L = 40 Recall@10: 94.84
L = 40 QPS: 49631.2
L = 60 Mean Latency: 1241.12
L = 60 Tail Latency: 71627.9
L = 60 Recall@10: 96.318
L = 60 QPS: 37315.4
L = 80 Mean Latency: 1491.94
L = 80 Tail Latency: 82695.1
L = 80 Recall@10: 97.092
L = 80 QPS: 37575.3
L = 100 Mean Latency: 1920.24
L = 100 Tail Latency: 75326.6
L = 100 Recall@10: 97.618
L = 100 QPS: 28461.7
iteration: 9
num_out_edges: 5003034
mean_out_edges: 50.0298
variance_out_edges: 474.129
max_observed_degree: 83
num_nodes: 100001
deletion_time: 0.853213
num_deleted: 5000
insertion_time: 0.746582
num_inserted: 5000
num_out_edges: 5003118
mean_out_edges: 50.0307
variance_out_edges: 474.045
max_observed_degree: 83
num_nodes: 100001
L = 20 Mean Latency: 498.996
L = 20 Tail Latency: 27582.6
L = 20 Recall@10: 90.304
L = 20 QPS: 78017.4
L = 40 Mean Latency: 774.791
L = 40 Tail Latency: 56223.6
L = 40 Recall@10: 94.823
L = 40 QPS: 55948.3
L = 60 Mean Latency: 1151.78
L = 60 Tail Latency: 69501.4
L = 60 Recall@10: 96.309
L = 60 QPS: 41072.7
L = 80 Mean Latency: 1543.98
L = 80 Tail Latency: 94055.2
L = 80 Recall@10: 97.095
L = 80 QPS: 31347.3
L = 100 Mean Latency: 1973.9
L = 100 Tail Latency: 75899
L = 100 Recall@10: 97.633
L = 100 QPS: 26757
iteration: 10
num_out_edges: 5003118
mean_out_edges: 50.0307
variance_out_edges: 474.045
max_observed_degree: 83
num_nodes: 100001
deletion_time: 0.879349
num_deleted: 5000
insertion_time: 0.756883
num_inserted: 5000
num_out_edges: 5003542
mean_out_edges: 50.0349
variance_out_edges: 474.188
max_observed_degree: 83
num_nodes: 100001
L = 20 Mean Latency: 526.334
L = 20 Tail Latency: 33204.4
L = 20 Recall@10: 90.341
L = 20 QPS: 70426.8
L = 40 Mean Latency: 852.764
L = 40 Tail Latency: 41419.1
L = 40 Recall@10: 94.824
L = 40 QPS: 52282.6
L = 60 Mean Latency: 1140.64
L = 60 Tail Latency: 73906.2
L = 60 Recall@10: 96.302
L = 60 QPS: 43714.2
L = 80 Mean Latency: 1517.7
L = 80 Tail Latency: 88634.2
L = 80 Recall@10: 97.088
L = 80 QPS: 34081
L = 100 Mean Latency: 1915.37
L = 100 Tail Latency: 61603.6
L = 100 Recall@10: 97.615
L = 100 QPS: 28454.5
iteration: 11
num_out_edges: 5003542
mean_out_edges: 50.0349
variance_out_edges: 474.188
max_observed_degree: 83
num_nodes: 100001
deletion_time: 0.855447
num_deleted: 5000
insertion_time: 0.751758
num_inserted: 5000
num_out_edges: 5003291
mean_out_edges: 50.0324
variance_out_edges: 474.062
max_observed_degree: 83
num_nodes: 100001
L = 20 Mean Latency: 482.021
L = 20 Tail Latency: 21091.5
L = 20 Recall@10: 90.399
L = 20 QPS: 96657
L = 40 Mean Latency: 807.852
L = 40 Tail Latency: 37162.8
L = 40 Recall@10: 94.842
L = 40 QPS: 56382.5
L = 60 Mean Latency: 1173.67
L = 60 Tail Latency: 87791.3
L = 60 Recall@10: 96.296
L = 60 QPS: 46441.6
L = 80 Mean Latency: 1524.85
L = 80 Tail Latency: 57447.4
L = 80 Recall@10: 97.082
L = 80 QPS: 29676.7
L = 100 Mean Latency: 1903.72
L = 100 Tail Latency: 107301
L = 100 Recall@10: 97.596
L = 100 QPS: 27873.7
iteration: 12
num_out_edges: 5003291
mean_out_edges: 50.0324
variance_out_edges: 474.062
max_observed_degree: 83
num_nodes: 100001
deletion_time: 0.870792
num_deleted: 5000
insertion_time: 0.760904
num_inserted: 5000
num_out_edges: 5003876
mean_out_edges: 50.0383
variance_out_edges: 474.215
max_observed_degree: 83
num_nodes: 100001
L = 20 Mean Latency: 469.244
L = 20 Tail Latency: 37761.3
L = 20 Recall@10: 90.424
L = 20 QPS: 87539.4
L = 40 Mean Latency: 786.736
L = 40 Tail Latency: 66688
L = 40 Recall@10: 94.853
L = 40 QPS: 50492.2
L = 60 Mean Latency: 1169.09
L = 60 Tail Latency: 63327.9
L = 60 Recall@10: 96.316
L = 60 QPS: 44943
L = 80 Mean Latency: 1555.72
L = 80 Tail Latency: 65891.3
L = 80 Recall@10: 97.111
L = 80 QPS: 33937.3
L = 100 Mean Latency: 1910.48
L = 100 Tail Latency: 92884.8
L = 100 Recall@10: 97.625
L = 100 QPS: 25531.9
iteration: 13
num_out_edges: 5003876
mean_out_edges: 50.0383
variance_out_edges: 474.215
max_observed_degree: 83
num_nodes: 100001
deletion_time: 0.843447
num_deleted: 5000
insertion_time: 0.714115
num_inserted: 5000
num_out_edges: 5003807
mean_out_edges: 50.0376
variance_out_edges: 474.301
max_observed_degree: 83
num_nodes: 100001
L = 20 Mean Latency: 437.985
L = 20 Tail Latency: 20873.9
L = 20 Recall@10: 90.353
L = 20 QPS: 105415
L = 40 Mean Latency: 798.695
L = 40 Tail Latency: 68588.2
L = 40 Recall@10: 94.815
L = 40 QPS: 53240.9
L = 60 Mean Latency: 1131.64
L = 60 Tail Latency: 49770.5
L = 60 Recall@10: 96.312
L = 60 QPS: 50373.5
L = 80 Mean Latency: 1490.74
L = 80 Tail Latency: 62607.4
L = 80 Recall@10: 97.097
L = 80 QPS: 34049.9
L = 100 Mean Latency: 1878.88
L = 100 Tail Latency: 113954
L = 100 Recall@10: 97.619
L = 100 QPS: 28748
iteration: 14
num_out_edges: 5003807
mean_out_edges: 50.0376
variance_out_edges: 474.301
max_observed_degree: 83
num_nodes: 100001
deletion_time: 0.833193
num_deleted: 5000
insertion_time: 0.776378
num_inserted: 5000
num_out_edges: 5003745
mean_out_edges: 50.0369
variance_out_edges: 474.147
max_observed_degree: 83
num_nodes: 100001
L = 20 Mean Latency: 453.213
L = 20 Tail Latency: 29570
L = 20 Recall@10: 90.446
L = 20 QPS: 89877.9
L = 40 Mean Latency: 807.666
L = 40 Tail Latency: 58652
L = 40 Recall@10: 94.83
L = 40 QPS: 50653.5
L = 60 Mean Latency: 1177.15
L = 60 Tail Latency: 101771
L = 60 Recall@10: 96.308
L = 60 QPS: 38240.9
L = 80 Mean Latency: 1586.6
L = 80 Tail Latency: 69250.2
L = 80 Recall@10: 97.102
L = 80 QPS: 31167
L = 100 Mean Latency: 1945.9
L = 100 Tail Latency: 75808.2
L = 100 Recall@10: 97.616
L = 100 QPS: 27653.6
iteration: 15
num_out_edges: 5003745
mean_out_edges: 50.0369
variance_out_edges: 474.147
max_observed_degree: 83
num_nodes: 100001
deletion_time: 0.836601
num_deleted: 5000
insertion_time: 0.728483
num_inserted: 5000
num_out_edges: 5004083
mean_out_edges: 50.0403
variance_out_edges: 474.254
max_observed_degree: 83
num_nodes: 100001
L = 20 Mean Latency: 497.485
L = 20 Tail Latency: 26238.9
L = 20 Recall@10: 90.429
L = 20 QPS: 84900.3
L = 40 Mean Latency: 787.504
L = 40 Tail Latency: 58044.8
L = 40 Recall@10: 94.844
L = 40 QPS: 60590.8
L = 60 Mean Latency: 1144.86
L = 60 Tail Latency: 58111.2
L = 60 Recall@10: 96.298
L = 60 QPS: 42124.3
L = 80 Mean Latency: 1529.77
L = 80 Tail Latency: 81931.8
L = 80 Recall@10: 97.09
L = 80 QPS: 32766.1
L = 100 Mean Latency: 1909.98
L = 100 Tail Latency: 73749.8
L = 100 Recall@10: 97.606
L = 100 QPS: 29292
